============================= test session starts =============================
platform win32 -- Python 3.11.9, pytest-9.0.2, pluggy-1.6.0
rootdir: D:\DMarket-Telegram-Bot-main
configfile: pyproject.toml
testpaths: tests
plugins: anyio-4.12.0, Faker-38.2.0, hypothesis-6.148.7, asyncio-1.3.0, cov-7.0.0, httpx-0.36.0, mock-3.15.1, recording-0.13.4, xdist-3.8.0, typeguard-4.4.2
asyncio: mode=Mode.AUTO, debug=False, asyncio_default_fixture_loop_scope=function, asyncio_default_test_loop_scope=function
collected 2590 items

tests\analytics\test_backtesting.py ...........................          [  1%]
tests\contracts\test_account_contracts.py .......                        [  1%]
tests\contracts\test_inventory_contracts.py ..............               [  1%]
tests\contracts\test_market_contracts.py ..........                      [  2%]
tests\contracts\test_targets_contracts.py ............                   [  2%]
tests\core\test_api_error_handling_core.py ..............                [  3%]
tests\core\test_arbitrage_core.py ...............................        [  4%]
tests\core\test_dmarket_api_core.py .........................            [  5%]
tests\core\test_handlers_core.py ............                            [  5%]
tests\core\test_keyboards_core.py ..................                     [  6%]
tests\core\test_logging_core.py ..........                               [  6%]
tests\core\test_models_core.py ........                                  [  7%]
tests\core\test_utils_core.py ......................................     [  8%]
tests\dmarket\filters\test_game_filters.py ............................. [  9%]
...................                                                      [ 10%]
tests\dmarket\scanner\test_levels.py ................................    [ 11%]
tests\dmarket\test_advanced_filters.py ................................. [ 13%]
....                                                                     [ 13%]
tests\dmarket\test_api_unified.py ..........                             [ 13%]
tests\dmarket\test_arbitrage.py ........................................ [ 15%]
..................................................                       [ 17%]
tests\dmarket\test_arbitrage_additional.py ...................           [ 17%]
tests\dmarket\test_arbitrage_advanced.py ...........                     [ 18%]
tests\dmarket\test_arbitrage_sales_analysis.py .................         [ 18%]
tests\dmarket\test_arbitrage_scanner.py ................................ [ 20%]
.........................                                                [ 21%]
tests\dmarket\test_arbitrage_scanner_extended.py ....................... [ 22%]
..................................                                       [ 23%]
tests\dmarket\test_auto_seller.py .....................................  [ 24%]
tests\dmarket\test_backtester.py ..................................      [ 26%]
tests\dmarket\test_dmarket_api.py ...................................... [ 27%]
.............................................                            [ 29%]
tests\dmarket\test_game_filters.py ...................................   [ 30%]
tests\dmarket\test_hft_mode.py .......................                   [ 31%]
tests\dmarket\test_intramarket_arbitrage.py ..........................   [ 32%]
tests\dmarket\test_liquidity_analyzer.py ...............                 [ 33%]
tests\dmarket\test_market_analysis.py .............................      [ 34%]
tests\dmarket\test_portfolio_manager.py ................................ [ 35%]
...........                                                              [ 35%]
tests\dmarket\test_realtime_price_watcher.py ........................... [ 36%]
.............................                                            [ 38%]
tests\dmarket\test_sales_history.py ..................................   [ 39%]
tests\dmarket\test_schemas.py .........................                  [ 40%]
tests\dmarket\test_smart_market_finder.py .............................. [ 41%]
......................                                                   [ 42%]
tests\dmarket\test_targets.py ...............                            [ 42%]
tests\dmarket\test_vcr_example.py ...........                            [ 43%]
tests\e2e\test_user_flow.py .                                            [ 43%]
tests\integration\test_api_validation.py ..............                  [ 43%]
tests\integration\test_api_with_httpx_mock.py ....................       [ 44%]
tests\integration\test_arbitrage_edge_cases.py ..............            [ 45%]
tests\integration\test_arbitrage_scanner_integration.py ...              [ 45%]
tests\integration\test_dmarket_api_integration.py ............           [ 45%]
tests\integration\test_edge_cases.py .................                   [ 46%]
tests\integration\test_full_workflows.py ........                        [ 46%]
tests\integration\test_targets_edge_cases.py .................           [ 47%]
tests\models\test_target.py .........................                    [ 48%]
tests\models\test_user.py ..............................                 [ 49%]
tests\portfolio\test_portfolio.py ...............................        [ 50%]
tests\property_based\test_arbitrage_properties.py ..............         [ 51%]
tests\scripts\test_backup_database.py ...................                [ 52%]
tests\scripts\test_generate_changelog.py .................               [ 52%]
tests\scripts\test_safe_migrate.py .................                     [ 53%]
tests\telegram_bot\handlers\test_arbitrage_callback_impl.py .....        [ 53%]
tests\telegram_bot\handlers\test_auto_sell_handler.py .................. [ 54%]
.........                                                                [ 54%]
tests\telegram_bot\handlers\test_callbacks.py .......................... [ 55%]
.                                                                        [ 55%]
tests\telegram_bot\handlers\test_commands.py ......................      [ 56%]
tests\telegram_bot\handlers\test_dmarket_handlers.py ..........          [ 56%]
tests\telegram_bot\handlers\test_dmarket_status.py ........              [ 57%]
tests\telegram_bot\handlers\test_error_handlers.py ........              [ 57%]
tests\telegram_bot\handlers\test_market_alerts_handler.py .............. [ 57%]
..........                                                               [ 58%]
tests\telegram_bot\handlers\test_market_analysis_handler.py ........F... [ 58%]
...F....                                                                 [ 59%]
tests\telegram_bot\handlers\test_scanner_handler.py .................... [ 59%]
.................                                                        [ 60%]
tests\telegram_bot\handlers\test_target_handler.py ..................... [ 61%]
...                                                                      [ 61%]
tests\telegram_bot\test_bot_commands.py ....                             [ 61%]
tests\telegram_bot\test_constants_and_basic_commands.py FF.F........     [ 62%]
tests\telegram_bot\test_dependencies.py .........................        [ 63%]
tests\telegram_bot\test_game_filter_handlers.py ........................ [ 64%]
.................                                                        [ 64%]
tests\telegram_bot\test_intramarket_handler.py ....FFF...                [ 65%]
tests\telegram_bot\test_keyboards.py .............................       [ 66%]
tests\telegram_bot\test_liquidity_settings_handler.py .................. [ 66%]
..                                                                       [ 66%]
tests\telegram_bot\test_notification_queue.py ...                        [ 67%]
tests\telegram_bot\test_notifier.py .................................... [ 68%]
F..F...                                                                  [ 68%]
tests\telegram_bot\test_notifier_alerts.py F....                         [ 68%]
tests\telegram_bot\test_pagination.py ....................F.             [ 69%]
tests\telegram_bot\test_price_alerts_handler.py ........................ [ 70%]
..........                                                               [ 71%]
tests\telegram_bot\test_sales_analysis_handlers.py ..........            [ 71%]
tests\telegram_bot\test_scanner_handler.py .............                 [ 71%]
tests\telegram_bot\test_settings_handlers.py ........................    [ 72%]
tests\telegram_bot\test_webhook_handler.py ....................          [ 73%]
tests\telegram_bot\utils\test_error_handler.py ......................... [ 74%]
.............                                                            [ 75%]
tests\telegram_bot\utils\test_formatters.py .................            [ 75%]
tests\test_ci_smoke.py .......                                           [ 76%]
tests\test_competition.py .............                                  [ 76%]
tests\test_config.py .............                                       [ 77%]
tests\test_containers.py ................                                [ 77%]
tests\test_crash_notif.py FFFFF                                          [ 77%]
tests\test_crash_notifications.py FFF.FF.                                [ 78%]
tests\test_crash_notifications_simple.py FFFFF                           [ 78%]
tests\test_database.py ....................                              [ 79%]
tests\test_dmarket_api_circuit_breaker.py ..                             [ 79%]
tests\test_keyboards.py FFFFFF.F..F.                                     [ 79%]
tests\test_liquidity_rules.py ......................................     [ 81%]
tests\test_main.py ..FFFF..............F.                                [ 81%]
tests\test_pagination.py .........                                       [ 82%]
tests\test_performance.py ............................                   [ 83%]
tests\test_sqlite_fallback.py ....................                       [ 84%]
tests\test_targets.py ..FF.FF..FFFFFF...F...FFFFF..FFFFFFFFF..FFFFFFFF.. [ 86%]
......                                                                   [ 86%]
tests\unit\dmarket\test_market_models.py ...............                 [ 86%]
tests\utils\test_analytics_extended.py ................................  [ 88%]
tests\utils\test_api_error_handling.py ....                              [ 88%]
tests\utils\test_audit_logger.py ..........                              [ 88%]
tests\utils\test_database_caching.py ............                        [ 89%]
tests\utils\test_discord_notifier.py .....................               [ 89%]
tests\utils\test_feature_flags.py .......                                [ 90%]
tests\utils\test_health_monitor.py .............................         [ 91%]
tests\utils\test_json_utils.py ..........................                [ 92%]
tests\utils\test_market_analyzer.py ...........                          [ 92%]
tests\utils\test_market_visualizer.py ...........                        [ 93%]
tests\utils\test_memory_cache.py .........................               [ 94%]
tests\utils\test_prometheus_exporter.py ..........                       [ 94%]
tests\utils\test_rate_limiter.py ..................................      [ 95%]
tests\utils\test_redis_cache.py ............                             [ 96%]
tests\utils\test_retry_decorator.py ...........                          [ 96%]
tests\utils\test_sentry_breadcrumbs.py ...............                   [ 97%]
tests\utils\test_user_rate_limiter.py ...................                [ 98%]
tests\utils\test_websocket_client.py ................................... [ 99%]
..............                                                           [ 99%]
C:\Users\west2\AppData\Roaming\Python\Python311\site-packages\coverage\report_core.py:113: CoverageWarning: Couldn't parse 'src\dependency_injector\providers.pyx': No source for code: 'src\dependency_injector\providers.pyx'. (couldnt-parse); see https://coverage.readthedocs.io/en/7.12.0/messages.html#warning-couldnt-parse
  coverage._warn(msg, slug="couldnt-parse")
tests\web_dashboard\test_app.py .                                        [100%]

================================== FAILURES ===================================
______________________ test_show_trending_items_results _______________________
tests\telegram_bot\handlers\test_market_analysis_handler.py:367: in test_show_trending_items_results
    await show_trending_items_results(mock_callback_query, mock_context, "csgo")
src\telegram_bot\handlers\market_analysis_handler.py:529: in show_trending_items_results
    pagination_keyboard = create_pagination_keyboard(
E   TypeError: create_pagination_keyboard() got an unexpected keyword argument 'with_nums'
----------------------------- Captured log setup ------------------------------
DEBUG    asyncio:proactor_events.py:633 Using proactor: IocpProactor
__________________ test_handle_pagination_analysis_prev_page __________________
tests\telegram_bot\handlers\test_market_analysis_handler.py:472: in test_handle_pagination_analysis_prev_page
    await handle_pagination_analysis(mock_update, mock_context)
src\telegram_bot\handlers\market_analysis_handler.py:397: in handle_pagination_analysis
    await show_trending_items_results(query, context, game)
src\telegram_bot\handlers\market_analysis_handler.py:529: in show_trending_items_results
    pagination_keyboard = create_pagination_keyboard(
E   TypeError: create_pagination_keyboard() got an unexpected keyword argument 'with_nums'
----------------------------- Captured log setup ------------------------------
DEBUG    asyncio:proactor_events.py:633 Using proactor: IocpProactor
____________________________ test_env_path_defined ____________________________
tests\telegram_bot\test_constants_and_basic_commands.py:39: in test_env_path_defined
    assert isinstance(ENV_PATH, str)
E   AssertionError: assert False
E    +  where False = isinstance(WindowsPath('.env'), str)
_______________________ test_user_profiles_file_defined _______________________
tests\telegram_bot\test_constants_and_basic_commands.py:46: in test_user_profiles_file_defined
    assert isinstance(USER_PROFILES_FILE, str)
E   AssertionError: assert False
E    +  where False = isinstance(WindowsPath('data/user_profiles.json'), str)
________________________ test_arbitrage_modes_defined _________________________
tests\telegram_bot\test_constants_and_basic_commands.py:75: in test_arbitrage_modes_defined
    assert "auto" in ARBITRAGE_MODES
E   AssertionError: assert 'auto' in {'advanced': '\U0001f3c6 \u041f\u0440\u043e\u0434\u0432\u0438\u043d\u0443\u0442\u044b\u0439 ($30-$100)', 'boost': '\U0001f680 \u0420\u0430\u0437\u0433\u043e\u043d \u0431\u0430\u043b\u0430\u043d\u0441\u0430 ($0.5-$3)', 'medium': '\U0001f48e \u0421\u0440\u0435\u0434\u043d\u0438\u0439 ($10-$30)', 'pro': '\U0001f451 \u041f\u0440\u043e\u0444\u0435\u0441\u0441\u0438\u043e\u043d\u0430\u043b ($100+)', ...}
_________ TestHandleIntramarketCallback.test_handle_anomaly_callback __________
tests\telegram_bot\test_intramarket_handler.py:239: in test_handle_anomaly_callback
    await handle_intramarket_callback(update, context)
src\utils\exceptions.py:613: in async_wrapper
    return await func(*args, **kwargs)
           ^^^^^^^^^^^^^^^^^^^^^^^^^^^
src\telegram_bot\handlers\intramarket_arbitrage_handler.py:455: in handle_intramarket_callback
    await display_results_with_pagination(
src\utils\exceptions.py:613: in async_wrapper
    return await func(*args, **kwargs)
           ^^^^^^^^^^^^^^^^^^^^^^^^^^^
src\telegram_bot\handlers\intramarket_arbitrage_handler.py:191: in display_results_with_pagination
    pagination_keyboard = create_pagination_keyboard(
E   TypeError: create_pagination_keyboard() got an unexpected keyword argument 'with_nums'
----------------------------- Captured log setup ------------------------------
DEBUG    asyncio:proactor_events.py:633 Using proactor: IocpProactor
------------------------------ Captured log call ------------------------------
ERROR    src.telegram_bot.handlers.intramarket_arbitrage_handler.display_results_with_pagination:exceptions.py:633 ═хюсЁрсюЄрээюх шёъы■ўхэшх т display_results_with_pagination: create_pagination_keyboard() got an unexpected keyword argument 'with_nums'
Traceback (most recent call last):
  File "D:\DMarket-Telegram-Bot-main\src\utils\exceptions.py", line 613, in async_wrapper
    return await func(*args, **kwargs)
           ^^^^^^^^^^^^^^^^^^^^^^^^^^^
  File "D:\DMarket-Telegram-Bot-main\src\telegram_bot\handlers\intramarket_arbitrage_handler.py", line 191, in display_results_with_pagination
    pagination_keyboard = create_pagination_keyboard(
                          ^^^^^^^^^^^^^^^^^^^^^^^^^^^
TypeError: create_pagination_keyboard() got an unexpected keyword argument 'with_nums'
ERROR    src.telegram_bot.handlers.intramarket_arbitrage_handler.handle_intramarket_callback:exceptions.py:633 ═хюсЁрсюЄрээюх шёъы■ўхэшх т handle_intramarket_callback: create_pagination_keyboard() got an unexpected keyword argument 'with_nums'
Traceback (most recent call last):
  File "D:\DMarket-Telegram-Bot-main\src\utils\exceptions.py", line 613, in async_wrapper
    return await func(*args, **kwargs)
           ^^^^^^^^^^^^^^^^^^^^^^^^^^^
  File "D:\DMarket-Telegram-Bot-main\src\telegram_bot\handlers\intramarket_arbitrage_handler.py", line 455, in handle_intramarket_callback
    await display_results_with_pagination(
  File "D:\DMarket-Telegram-Bot-main\src\utils\exceptions.py", line 613, in async_wrapper
    return await func(*args, **kwargs)
           ^^^^^^^^^^^^^^^^^^^^^^^^^^^
  File "D:\DMarket-Telegram-Bot-main\src\telegram_bot\handlers\intramarket_arbitrage_handler.py", line 191, in display_results_with_pagination
    pagination_keyboard = create_pagination_keyboard(
                          ^^^^^^^^^^^^^^^^^^^^^^^^^^^
TypeError: create_pagination_keyboard() got an unexpected keyword argument 'with_nums'
__________ TestHandleIntramarketCallback.test_handle_trend_callback ___________
tests\telegram_bot\test_intramarket_handler.py:306: in test_handle_trend_callback
    await handle_intramarket_callback(update, context)
src\utils\exceptions.py:613: in async_wrapper
    return await func(*args, **kwargs)
           ^^^^^^^^^^^^^^^^^^^^^^^^^^^
src\telegram_bot\handlers\intramarket_arbitrage_handler.py:455: in handle_intramarket_callback
    await display_results_with_pagination(
src\utils\exceptions.py:613: in async_wrapper
    return await func(*args, **kwargs)
           ^^^^^^^^^^^^^^^^^^^^^^^^^^^
src\telegram_bot\handlers\intramarket_arbitrage_handler.py:191: in display_results_with_pagination
    pagination_keyboard = create_pagination_keyboard(
E   TypeError: create_pagination_keyboard() got an unexpected keyword argument 'with_nums'
----------------------------- Captured log setup ------------------------------
DEBUG    asyncio:proactor_events.py:633 Using proactor: IocpProactor
------------------------------ Captured log call ------------------------------
ERROR    src.telegram_bot.handlers.intramarket_arbitrage_handler.display_results_with_pagination:exceptions.py:633 ═хюсЁрсюЄрээюх шёъы■ўхэшх т display_results_with_pagination: create_pagination_keyboard() got an unexpected keyword argument 'with_nums'
Traceback (most recent call last):
  File "D:\DMarket-Telegram-Bot-main\src\utils\exceptions.py", line 613, in async_wrapper
    return await func(*args, **kwargs)
           ^^^^^^^^^^^^^^^^^^^^^^^^^^^
  File "D:\DMarket-Telegram-Bot-main\src\telegram_bot\handlers\intramarket_arbitrage_handler.py", line 191, in display_results_with_pagination
    pagination_keyboard = create_pagination_keyboard(
                          ^^^^^^^^^^^^^^^^^^^^^^^^^^^
TypeError: create_pagination_keyboard() got an unexpected keyword argument 'with_nums'
ERROR    src.telegram_bot.handlers.intramarket_arbitrage_handler.handle_intramarket_callback:exceptions.py:633 ═хюсЁрсюЄрээюх шёъы■ўхэшх т handle_intramarket_callback: create_pagination_keyboard() got an unexpected keyword argument 'with_nums'
Traceback (most recent call last):
  File "D:\DMarket-Telegram-Bot-main\src\utils\exceptions.py", line 613, in async_wrapper
    return await func(*args, **kwargs)
           ^^^^^^^^^^^^^^^^^^^^^^^^^^^
  File "D:\DMarket-Telegram-Bot-main\src\telegram_bot\handlers\intramarket_arbitrage_handler.py", line 455, in handle_intramarket_callback
    await display_results_with_pagination(
  File "D:\DMarket-Telegram-Bot-main\src\utils\exceptions.py", line 613, in async_wrapper
    return await func(*args, **kwargs)
           ^^^^^^^^^^^^^^^^^^^^^^^^^^^
  File "D:\DMarket-Telegram-Bot-main\src\telegram_bot\handlers\intramarket_arbitrage_handler.py", line 191, in display_results_with_pagination
    pagination_keyboard = create_pagination_keyboard(
                          ^^^^^^^^^^^^^^^^^^^^^^^^^^^
TypeError: create_pagination_keyboard() got an unexpected keyword argument 'with_nums'
___________ TestHandleIntramarketCallback.test_handle_rare_callback ___________
tests\telegram_bot\test_intramarket_handler.py:364: in test_handle_rare_callback
    await handle_intramarket_callback(update, context)
src\utils\exceptions.py:613: in async_wrapper
    return await func(*args, **kwargs)
           ^^^^^^^^^^^^^^^^^^^^^^^^^^^
src\telegram_bot\handlers\intramarket_arbitrage_handler.py:455: in handle_intramarket_callback
    await display_results_with_pagination(
src\utils\exceptions.py:613: in async_wrapper
    return await func(*args, **kwargs)
           ^^^^^^^^^^^^^^^^^^^^^^^^^^^
src\telegram_bot\handlers\intramarket_arbitrage_handler.py:191: in display_results_with_pagination
    pagination_keyboard = create_pagination_keyboard(
E   TypeError: create_pagination_keyboard() got an unexpected keyword argument 'with_nums'
----------------------------- Captured log setup ------------------------------
DEBUG    asyncio:proactor_events.py:633 Using proactor: IocpProactor
------------------------------ Captured log call ------------------------------
ERROR    src.telegram_bot.handlers.intramarket_arbitrage_handler.display_results_with_pagination:exceptions.py:633 ═хюсЁрсюЄрээюх шёъы■ўхэшх т display_results_with_pagination: create_pagination_keyboard() got an unexpected keyword argument 'with_nums'
Traceback (most recent call last):
  File "D:\DMarket-Telegram-Bot-main\src\utils\exceptions.py", line 613, in async_wrapper
    return await func(*args, **kwargs)
           ^^^^^^^^^^^^^^^^^^^^^^^^^^^
  File "D:\DMarket-Telegram-Bot-main\src\telegram_bot\handlers\intramarket_arbitrage_handler.py", line 191, in display_results_with_pagination
    pagination_keyboard = create_pagination_keyboard(
                          ^^^^^^^^^^^^^^^^^^^^^^^^^^^
TypeError: create_pagination_keyboard() got an unexpected keyword argument 'with_nums'
ERROR    src.telegram_bot.handlers.intramarket_arbitrage_handler.handle_intramarket_callback:exceptions.py:633 ═хюсЁрсюЄрээюх шёъы■ўхэшх т handle_intramarket_callback: create_pagination_keyboard() got an unexpected keyword argument 'with_nums'
Traceback (most recent call last):
  File "D:\DMarket-Telegram-Bot-main\src\utils\exceptions.py", line 613, in async_wrapper
    return await func(*args, **kwargs)
           ^^^^^^^^^^^^^^^^^^^^^^^^^^^
  File "D:\DMarket-Telegram-Bot-main\src\telegram_bot\handlers\intramarket_arbitrage_handler.py", line 455, in handle_intramarket_callback
    await display_results_with_pagination(
  File "D:\DMarket-Telegram-Bot-main\src\utils\exceptions.py", line 613, in async_wrapper
    return await func(*args, **kwargs)
           ^^^^^^^^^^^^^^^^^^^^^^^^^^^
  File "D:\DMarket-Telegram-Bot-main\src\telegram_bot\handlers\intramarket_arbitrage_handler.py", line 191, in display_results_with_pagination
    pagination_keyboard = create_pagination_keyboard(
                          ^^^^^^^^^^^^^^^^^^^^^^^^^^^
TypeError: create_pagination_keyboard() got an unexpected keyword argument 'with_nums'
__________________ test_check_all_alerts_daily_limit_reached __________________
tests\telegram_bot\test_notifier.py:871: in test_check_all_alerts_daily_limit_reached
    await check_all_alerts(mock_api, mock_bot)
src\telegram_bot\notifications\checker.py:277: in check_all_alerts
    result = await notifier_module.check_price_alert(api, alert)
             ^^^^^^^^^^^^^^^^^^^^^^^^^^^^^^^^^^^^^^^^^^^^^^^^^^^
src\telegram_bot\notifications\checker.py:113: in check_price_alert
    item_id = alert["item_id"]
              ^^^^^^^^^^^^^^^^
E   KeyError: 'item_id'
----------------------------- Captured log setup ------------------------------
DEBUG    asyncio:proactor_events.py:633 Using proactor: IocpProactor
------------------------------ Captured log call ------------------------------
DEBUG    src.telegram_bot.notifications.storage:storage.py:102 ╬яютх∙хэш  єёях°эю ёюїЁрэхэ√ т Їрщы
__________________ test_check_all_alerts_exception_handling ___________________
tests\telegram_bot\test_notifier.py:966: in test_check_all_alerts_exception_handling
    await check_all_alerts(mock_api, mock_bot)
src\telegram_bot\notifications\checker.py:277: in check_all_alerts
    result = await notifier_module.check_price_alert(api, alert)
             ^^^^^^^^^^^^^^^^^^^^^^^^^^^^^^^^^^^^^^^^^^^^^^^^^^^
C:\Program Files\Python311\Lib\unittest\mock.py:2240: in _execute_mock_call
    raise effect
E   Exception: Test error
----------------------------- Captured log setup ------------------------------
DEBUG    asyncio:proactor_events.py:633 Using proactor: IocpProactor
------------------------------ Captured log call ------------------------------
DEBUG    src.telegram_bot.notifications.storage:storage.py:102 ╬яютх∙хэш  єёях°эю ёюїЁрэхэ√ т Їрщы
_________________ test_check_all_alerts_with_triggered_alert __________________
tests\telegram_bot\test_notifier_alerts.py:77: in test_check_all_alerts_with_triggered_alert
    assert mock_bot.send_message.called
E   AssertionError: assert False
E    +  where False = <AsyncMock name='mock.send_message' id='2175388792528'>.called
E    +    where <AsyncMock name='mock.send_message' id='2175388792528'> = <AsyncMock id='2175390201040'>.send_message
----------------------------- Captured log setup ------------------------------
DEBUG    asyncio:proactor_events.py:633 Using proactor: IocpProactor
________________________ test_get_pagination_keyboard _________________________
tests\telegram_bot\test_pagination.py:320: in test_get_pagination_keyboard
    keyboard = pagination_manager.get_pagination_keyboard(user_id, prefix="test")
               ^^^^^^^^^^^^^^^^^^^^^^^^^^^^^^^^^^^^^^^^^^^^^^^^^^^^^^^^^^^^^^^^^^
src\telegram_bot\pagination.py:316: in get_pagination_keyboard
    return create_pagination_keyboard(
E   TypeError: create_pagination_keyboard() got an unexpected keyword argument 'with_nums'
__________ TestCrashNotifications.test_send_crash_notification_basic __________
tests\test_crash_notif.py:57: in test_send_crash_notification_basic
    await send_crash_notification(
E   TypeError: send_crash_notification() got an unexpected keyword argument 'traceback_text'
----------------------------- Captured log setup ------------------------------
DEBUG    asyncio:proactor_events.py:633 Using proactor: IocpProactor
___ TestCrashNotifications.test_send_crash_notification_with_long_traceback ___
tests\test_crash_notif.py:90: in test_send_crash_notification_with_long_traceback
    await send_crash_notification(
E   TypeError: send_crash_notification() got an unexpected keyword argument 'traceback_text'
----------------------------- Captured log setup ------------------------------
DEBUG    asyncio:proactor_events.py:633 Using proactor: IocpProactor
______ TestCrashNotifications.test_send_crash_notification_without_queue ______
tests\test_crash_notif.py:118: in test_send_crash_notification_without_queue
    await send_crash_notification(
E   TypeError: send_crash_notification() got an unexpected keyword argument 'traceback_text'
----------------------------- Captured log setup ------------------------------
DEBUG    asyncio:proactor_events.py:633 Using proactor: IocpProactor
__________ TestCrashNotifications.test_crash_notification_formatting __________
tests\test_crash_notif.py:148: in test_crash_notification_formatting
    await send_crash_notification(
E   TypeError: send_crash_notification() got an unexpected keyword argument 'traceback_text'
----------------------------- Captured log setup ------------------------------
DEBUG    asyncio:proactor_events.py:633 Using proactor: IocpProactor
__________ TestCrashNotifications.test_crash_notification_priorities __________
tests\test_crash_notif.py:174: in test_crash_notification_priorities
    await send_crash_notification(
E   TypeError: send_crash_notification() got an unexpected keyword argument 'traceback_text'
----------------------------- Captured log setup ------------------------------
DEBUG    asyncio:proactor_events.py:633 Using proactor: IocpProactor
__________ TestCrashNotifications.test_send_crash_notification_basic __________
tests\test_crash_notifications.py:59: in test_send_crash_notification_basic
    await send_crash_notification(
E   TypeError: send_crash_notification() got an unexpected keyword argument 'traceback_text'
----------------------------- Captured log setup ------------------------------
DEBUG    asyncio:proactor_events.py:633 Using proactor: IocpProactor
___ TestCrashNotifications.test_send_crash_notification_with_long_traceback ___
tests\test_crash_notifications.py:90: in test_send_crash_notification_with_long_traceback
    await send_crash_notification(
E   TypeError: send_crash_notification() got an unexpected keyword argument 'traceback_text'
----------------------------- Captured log setup ------------------------------
DEBUG    asyncio:proactor_events.py:633 Using proactor: IocpProactor
______ TestCrashNotifications.test_send_crash_notification_without_queue ______
tests\test_crash_notifications.py:116: in test_send_crash_notification_without_queue
    await send_crash_notification(
E   TypeError: send_crash_notification() got an unexpected keyword argument 'traceback_text'
----------------------------- Captured log setup ------------------------------
DEBUG    asyncio:proactor_events.py:633 Using proactor: IocpProactor
__________ TestCrashNotifications.test_crash_notification_formatting __________
tests\test_crash_notifications.py:168: in test_crash_notification_formatting
    await send_crash_notification(
E   TypeError: send_crash_notification() got an unexpected keyword argument 'traceback_text'
----------------------------- Captured log setup ------------------------------
DEBUG    asyncio:proactor_events.py:633 Using proactor: IocpProactor
__________ TestCrashNotifications.test_crash_notification_priorities __________
tests\test_crash_notifications.py:194: in test_crash_notification_priorities
    await send_crash_notification(
E   TypeError: send_crash_notification() got an unexpected keyword argument 'traceback_text'
----------------------------- Captured log setup ------------------------------
DEBUG    asyncio:proactor_events.py:633 Using proactor: IocpProactor
__________ TestCrashNotifications.test_send_crash_notification_basic __________
tests\test_crash_notifications_simple.py:57: in test_send_crash_notification_basic
    await send_crash_notification(
E   TypeError: send_crash_notification() got an unexpected keyword argument 'traceback_text'
----------------------------- Captured log setup ------------------------------
DEBUG    asyncio:proactor_events.py:633 Using proactor: IocpProactor
___ TestCrashNotifications.test_send_crash_notification_with_long_traceback ___
tests\test_crash_notifications_simple.py:89: in test_send_crash_notification_with_long_traceback
    await send_crash_notification(
E   TypeError: send_crash_notification() got an unexpected keyword argument 'traceback_text'
----------------------------- Captured log setup ------------------------------
DEBUG    asyncio:proactor_events.py:633 Using proactor: IocpProactor
______ TestCrashNotifications.test_send_crash_notification_without_queue ______
tests\test_crash_notifications_simple.py:118: in test_send_crash_notification_without_queue
    await send_crash_notification(
E   TypeError: send_crash_notification() got an unexpected keyword argument 'traceback_text'
----------------------------- Captured log setup ------------------------------
DEBUG    asyncio:proactor_events.py:633 Using proactor: IocpProactor
__________ TestCrashNotifications.test_crash_notification_formatting __________
tests\test_crash_notifications_simple.py:149: in test_crash_notification_formatting
    await send_crash_notification(
E   TypeError: send_crash_notification() got an unexpected keyword argument 'traceback_text'
----------------------------- Captured log setup ------------------------------
DEBUG    asyncio:proactor_events.py:633 Using proactor: IocpProactor
__________ TestCrashNotifications.test_crash_notification_priorities __________
tests\test_crash_notifications_simple.py:176: in test_crash_notification_priorities
    await send_crash_notification(
E   TypeError: send_crash_notification() got an unexpected keyword argument 'traceback_text'
----------------------------- Captured log setup ------------------------------
DEBUG    asyncio:proactor_events.py:633 Using proactor: IocpProactor
_________________________ test_get_arbitrage_keyboard _________________________
tests\test_keyboards.py:32: in test_get_arbitrage_keyboard
    assert len(keyboard.inline_keyboard) == 5
E   AssertionError: assert 4 == 5
E    +  where 4 = len(((InlineKeyboardButton(callback_data='arb_scan', text='\U0001f50d \u0421\u043a\u0430\u043d\u0438\u0440\u043e\u0432\u0430\u0442\u044c'), InlineKeyboardButton(callback_data='arb_game',...on(callback_data='arb_auto', text='\U0001f916 \u0410\u0432\u0442\u043e-\u0430\u0440\u0431\u0438\u0442\u0440\u0430\u0436'),), (InlineKeyboardButton(callback_data='back', text='\u25c0\ufe0f \u041d\u0430\u0437\u0430\u0434'),)))
E    +    where ((InlineKeyboardButton(callback_data='arb_scan', text='\U0001f50d \u0421\u043a\u0430\u043d\u0438\u0440\u043e\u0432\u0430\u0442\u044c'), InlineKeyboardButton(callback_data='arb_game',...on(callback_data='arb_auto', text='\U0001f916 \u0410\u0432\u0442\u043e-\u0430\u0440\u0431\u0438\u0442\u0440\u0430\u0436'),), (InlineKeyboardButton(callback_data='back', text='\u25c0\ufe0f \u041d\u0430\u0437\u0430\u0434'),)) = InlineKeyboardMarkup(inline_keyboard=((InlineKeyboardButton(callback_data='arb_scan', text='\U0001f50d \u0421\u043a\u0430\u043d\u0438\u0440\u043e\u0432\u0430\u0442\u044c'), InlineKey...n(callback_data='arb_auto', text='\U0001f916 \u0410\u0432\u0442\u043e-\u0430\u0440\u0431\u0438\u0442\u0440\u0430\u0436'),), (InlineKeyboardButton(callback_data='back', text='\u25c0\ufe0f \u041d\u0430\u0437\u0430\u0434'),))).inline_keyboard
______________________ test_get_game_selection_keyboard _______________________
tests\test_keyboards.py:69: in test_get_game_selection_keyboard
    assert len(keyboard.inline_keyboard) == 5
E   AssertionError: assert 3 == 5
E    +  where 3 = len(((InlineKeyboardButton(callback_data='game_csgo', text='\U0001f52b CS2'), InlineKeyboardButton(callback_data='game_dota2', text...Button(callback_data='game_rust', text='\U0001f3e0 Rust')), (InlineKeyboardButton(callback_data='arbitrage', text='\u25c0\ufe0f \u041d\u0430\u0437\u0430\u0434'),)))
E    +    where ((InlineKeyboardButton(callback_data='game_csgo', text='\U0001f52b CS2'), InlineKeyboardButton(callback_data='game_dota2', text...Button(callback_data='game_rust', text='\U0001f3e0 Rust')), (InlineKeyboardButton(callback_data='arbitrage', text='\u25c0\ufe0f \u041d\u0430\u0437\u0430\u0434'),)) = InlineKeyboardMarkup(inline_keyboard=((InlineKeyboardButton(callback_data='game_csgo', text='\U0001f52b CS2'), InlineKeyboardBu...utton(callback_data='game_rust', text='\U0001f3e0 Rust')), (InlineKeyboardButton(callback_data='arbitrage', text='\u25c0\ufe0f \u041d\u0430\u0437\u0430\u0434'),))).inline_keyboard
______________________ test_get_auto_arbitrage_keyboard _______________________
tests\test_keyboards.py:118: in test_get_auto_arbitrage_keyboard
    assert "auto_start:boost_low" in callback_data
E   AssertionError: assert 'auto_start:boost_low' in ['auto_arb_start', 'auto_arb_stop', 'auto_arb_settings', 'auto_arb_status', 'auto_arb_history', 'arbitrage']
_____________________ test_get_back_to_arbitrage_keyboard _____________________
tests\test_keyboards.py:144: in test_get_back_to_arbitrage_keyboard
    assert "эрчрф" in button.text.lower() or "тхЁэєЄ№" in button.text.lower()
E   AssertionError: assert ('\u043d\u0430\u0437\u0430\u0434' in '\u25c0\ufe0f \u043a \u0430\u0440\u0431\u0438\u0442\u0440\u0430\u0436\u0443' or '\u0432\u0435\u0440\u043d\u0443\u0442\u044c' in '\u25c0\ufe0f \u043a \u0430\u0440\u0431\u0438\u0442\u0440\u0430\u0436\u0443')
E    +  where '\u25c0\ufe0f \u043a \u0430\u0440\u0431\u0438\u0442\u0440\u0430\u0436\u0443' = <built-in method lower of str object at 0x000001FA56D5D4C0>()
E    +    where <built-in method lower of str object at 0x000001FA56D5D4C0> = '\u25c0\ufe0f \u041a \u0430\u0440\u0431\u0438\u0442\u0440\u0430\u0436\u0443'.lower
E    +      where '\u25c0\ufe0f \u041a \u0430\u0440\u0431\u0438\u0442\u0440\u0430\u0436\u0443' = InlineKeyboardButton(callback_data='arbitrage', text='\u25c0\ufe0f \u041a \u0430\u0440\u0431\u0438\u0442\u0440\u0430\u0436\u0443').text
E    +  and   '\u25c0\ufe0f \u043a \u0430\u0440\u0431\u0438\u0442\u0440\u0430\u0436\u0443' = <built-in method lower of str object at 0x000001FA56D5D4C0>()
E    +    where <built-in method lower of str object at 0x000001FA56D5D4C0> = '\u25c0\ufe0f \u041a \u0430\u0440\u0431\u0438\u0442\u0440\u0430\u0436\u0443'.lower
E    +      where '\u25c0\ufe0f \u041a \u0430\u0440\u0431\u0438\u0442\u0440\u0430\u0436\u0443' = InlineKeyboardButton(callback_data='arbitrage', text='\u25c0\ufe0f \u041a \u0430\u0440\u0431\u0438\u0442\u0440\u0430\u0436\u0443').text
_________________________ test_get_main_menu_keyboard _________________________
tests\test_keyboards.py:163: in test_get_main_menu_keyboard
    assert "search" in callback_data
E   AssertionError: assert 'search' in ['arbitrage', 'targets', 'balance', 'inventory', 'analytics', 'alerts', ...]
_________________________ test_get_settings_keyboard __________________________
tests\test_keyboards.py:187: in test_get_settings_keyboard
    assert "back_to_main" in callback_data
E   AssertionError: assert 'back_to_main' in ['settings_language', 'settings_notify', 'settings_api', 'settings_risk', 'settings_limits', 'settings_games', ...]
___________________________ test_get_games_keyboard ___________________________
tests\test_keyboards.py:222: in test_get_games_keyboard
    assert any("back" in cb.lower() for cb in callback_data)
E   assert False
E    +  where False = any(<generator object test_get_games_keyboard.<locals>.<genexpr> at 0x000001FA7FD3C4A0>)
________________________ test_get_pagination_keyboard _________________________
tests\test_keyboards.py:263: in test_get_pagination_keyboard
    keyboard = get_pagination_keyboard(
E   TypeError: get_pagination_keyboard() got an unexpected keyword argument 'items_per_page'
_______ TestApplication.test_initialize_sets_all_components_on_success ________
tests\test_main.py:106: in test_initialize_sets_all_components_on_success
    await app.initialize()
src\main.py:146: in initialize
    register_all_handlers(self.bot)
src\telegram_bot\register_all_handlers.py:89: in register_all_handlers
    register_alerts_handlers(application)
src\telegram_bot\handlers\market_alerts_handler.py:917: in register_alerts_handlers
    register_notification_handlers(application)
src\telegram_bot\notifications\handlers.py:475: in register_notification_handlers
    run_alerts_checker(
E   TypeError: run_alerts_checker() got an unexpected keyword argument 'interval'
----------------------------- Captured log setup ------------------------------
DEBUG    asyncio:proactor_events.py:633 Using proactor: IocpProactor
------------------------------ Captured log call ------------------------------
INFO     src.main:main.py:53 Loading configuration...
INFO     src.main:main.py:64 Configuration loaded successfully
INFO     src.main:main.py:65 Debug mode: False
INFO     src.main:main.py:66 Testing mode: True
INFO     src.main:main.py:100 Initializing DMarket API...
INFO     src.main:main.py:123 Initializing Telegram Bot...
INFO     src.telegram_bot.register_all_handlers:register_all_handlers.py:42 ═рўрыю ЁхушёЄЁрЎшш юсЁрсюЄўшъют сюЄр...
INFO     src.telegram_bot.register_all_handlers:register_all_handlers.py:60 ┴рчют√х ъюьрэф√ чрЁхушёЄЁшЁютрэ√
INFO     src.telegram_bot.register_all_handlers:register_all_handlers.py:65 Callback-юсЁрсюЄўшъш чрЁхушёЄЁшЁютрэ√
INFO     src.telegram_bot.register_all_handlers:register_all_handlers.py:75 ╬сЁрсюЄўшъш ЄхъёЄют√ї ёююс∙хэшщ чрЁхушёЄЁшЁютрэ√
INFO     src.telegram_bot.register_all_handlers:register_all_handlers.py:82 Scanner юсЁрсюЄўшъш чрЁхушёЄЁшЁютрэ√
INFO     src.telegram_bot.notifications.storage:storage.py:79 ╟руЁєцхэю 1 яЁюЇшыхщ яюы№чютрЄхыхщ ё юяютх∙хэш ьш
INFO     src.telegram_bot.notifications.storage:storage.py:79 ╟руЁєцхэю 1 яЁюЇшыхщ яюы№чютрЄхыхщ ё юяютх∙хэш ьш
ERROR    src.main:main.py:203 Failed to initialize application: run_alerts_checker() got an unexpected keyword argument 'interval'
Traceback (most recent call last):
  File "D:\DMarket-Telegram-Bot-main\src\main.py", line 146, in initialize
    register_all_handlers(self.bot)
  File "D:\DMarket-Telegram-Bot-main\src\telegram_bot\register_all_handlers.py", line 89, in register_all_handlers
    register_alerts_handlers(application)
  File "D:\DMarket-Telegram-Bot-main\src\telegram_bot\handlers\market_alerts_handler.py", line 917, in register_alerts_handlers
    register_notification_handlers(application)
  File "D:\DMarket-Telegram-Bot-main\src\telegram_bot\notifications\handlers.py", line 475, in register_notification_handlers
    run_alerts_checker(
TypeError: run_alerts_checker() got an unexpected keyword argument 'interval'
__ TestApplication.test_initialize_with_production_mode_initializes_database __
tests\test_main.py:132: in test_initialize_with_production_mode_initializes_database
    await app.initialize()
src\main.py:146: in initialize
    register_all_handlers(self.bot)
src\telegram_bot\register_all_handlers.py:89: in register_all_handlers
    register_alerts_handlers(application)
src\telegram_bot\handlers\market_alerts_handler.py:917: in register_alerts_handlers
    register_notification_handlers(application)
src\telegram_bot\notifications\handlers.py:475: in register_notification_handlers
    run_alerts_checker(
E   TypeError: run_alerts_checker() got an unexpected keyword argument 'interval'
----------------------------- Captured log setup ------------------------------
DEBUG    asyncio:proactor_events.py:633 Using proactor: IocpProactor
------------------------------ Captured log call ------------------------------
INFO     src.main:main.py:53 Loading configuration...
INFO     src.main:main.py:64 Configuration loaded successfully
INFO     src.main:main.py:65 Debug mode: False
INFO     src.main:main.py:66 Testing mode: False
WARNING  src.utils.sentry_integration:sentry_integration.py:49 Sentry DSN not configured. Error tracking disabled. Set SENTRY_DSN environment variable to enable.
INFO     src.main:main.py:79 Sentry initialized for production environment
INFO     src.main:main.py:83 Initializing database...
INFO     src.main:main.py:89 Database initialized successfully
INFO     src.main:main.py:97 StateManager initialized
INFO     src.main:main.py:100 Initializing DMarket API...
INFO     src.main:main.py:116 DMarket API connected. Balance: $100.50
INFO     src.main:main.py:123 Initializing Telegram Bot...
INFO     src.utils.state_manager:state_manager.py:438 Shutdown callback registered
INFO     src.telegram_bot.register_all_handlers:register_all_handlers.py:42 ═рўрыю ЁхушёЄЁрЎшш юсЁрсюЄўшъют сюЄр...
INFO     src.telegram_bot.register_all_handlers:register_all_handlers.py:60 ┴рчют√х ъюьрэф√ чрЁхушёЄЁшЁютрэ√
INFO     src.telegram_bot.register_all_handlers:register_all_handlers.py:65 Callback-юсЁрсюЄўшъш чрЁхушёЄЁшЁютрэ√
INFO     src.telegram_bot.register_all_handlers:register_all_handlers.py:75 ╬сЁрсюЄўшъш ЄхъёЄют√ї ёююс∙хэшщ чрЁхушёЄЁшЁютрэ√
INFO     src.telegram_bot.register_all_handlers:register_all_handlers.py:82 Scanner юсЁрсюЄўшъш чрЁхушёЄЁшЁютрэ√
INFO     src.telegram_bot.notifications.storage:storage.py:79 ╟руЁєцхэю 1 яЁюЇшыхщ яюы№чютрЄхыхщ ё юяютх∙хэш ьш
INFO     src.telegram_bot.notifications.storage:storage.py:79 ╟руЁєцхэю 1 яЁюЇшыхщ яюы№чютрЄхыхщ ё юяютх∙хэш ьш
ERROR    src.main:main.py:203 Failed to initialize application: run_alerts_checker() got an unexpected keyword argument 'interval'
Traceback (most recent call last):
  File "D:\DMarket-Telegram-Bot-main\src\main.py", line 146, in initialize
    register_all_handlers(self.bot)
  File "D:\DMarket-Telegram-Bot-main\src\telegram_bot\register_all_handlers.py", line 89, in register_all_handlers
    register_alerts_handlers(application)
  File "D:\DMarket-Telegram-Bot-main\src\telegram_bot\handlers\market_alerts_handler.py", line 917, in register_alerts_handlers
    register_notification_handlers(application)
  File "D:\DMarket-Telegram-Bot-main\src\telegram_bot\notifications\handlers.py", line 475, in register_notification_handlers
    run_alerts_checker(
TypeError: run_alerts_checker() got an unexpected keyword argument 'interval'
___ TestApplication.test_initialize_in_production_mode_tests_api_connection ___
tests\test_main.py:156: in test_initialize_in_production_mode_tests_api_connection
    await app.initialize()
src\main.py:146: in initialize
    register_all_handlers(self.bot)
src\telegram_bot\register_all_handlers.py:89: in register_all_handlers
    register_alerts_handlers(application)
src\telegram_bot\handlers\market_alerts_handler.py:917: in register_alerts_handlers
    register_notification_handlers(application)
src\telegram_bot\notifications\handlers.py:475: in register_notification_handlers
    run_alerts_checker(
E   TypeError: run_alerts_checker() got an unexpected keyword argument 'interval'
----------------------------- Captured log setup ------------------------------
DEBUG    asyncio:proactor_events.py:633 Using proactor: IocpProactor
------------------------------ Captured log call ------------------------------
INFO     src.main:main.py:53 Loading configuration...
INFO     src.main:main.py:64 Configuration loaded successfully
INFO     src.main:main.py:65 Debug mode: False
INFO     src.main:main.py:66 Testing mode: False
WARNING  src.utils.sentry_integration:sentry_integration.py:49 Sentry DSN not configured. Error tracking disabled. Set SENTRY_DSN environment variable to enable.
INFO     src.main:main.py:79 Sentry initialized for production environment
INFO     src.main:main.py:83 Initializing database...
DEBUG    aiosqlite:core.py:104 executing <function connect.<locals>.connector at 0x000001FA01B9BD80>
DEBUG    aiosqlite:core.py:106 operation <function connect.<locals>.connector at 0x000001FA01B9BD80> completed
DEBUG    aiosqlite:core.py:104 executing functools.partial(<built-in method create_function of sqlite3.Connection object at 0x000001FA0235DF30>, 'regexp', 2, <function SQLiteDialect_pysqlite.on_connect.<locals>.regexp at 0x000001FA7EDE5580>, deterministic=True)
DEBUG    aiosqlite:core.py:106 operation functools.partial(<built-in method create_function of sqlite3.Connection object at 0x000001FA0235DF30>, 'regexp', 2, <function SQLiteDialect_pysqlite.on_connect.<locals>.regexp at 0x000001FA7EDE5580>, deterministic=True) completed
DEBUG    aiosqlite:core.py:104 executing functools.partial(<built-in method create_function of sqlite3.Connection object at 0x000001FA0235DF30>, 'floor', 1, <built-in function floor>, deterministic=True)
DEBUG    aiosqlite:core.py:106 operation functools.partial(<built-in method create_function of sqlite3.Connection object at 0x000001FA0235DF30>, 'floor', 1, <built-in function floor>, deterministic=True) completed
DEBUG    aiosqlite:core.py:104 executing functools.partial(<built-in method cursor of sqlite3.Connection object at 0x000001FA0235DF30>)
DEBUG    aiosqlite:core.py:106 operation functools.partial(<built-in method cursor of sqlite3.Connection object at 0x000001FA0235DF30>) completed
DEBUG    aiosqlite:core.py:104 executing functools.partial(<built-in method execute of sqlite3.Cursor object at 0x000001FA023F82C0>, 'PRAGMA read_uncommitted', [])
DEBUG    aiosqlite:core.py:106 operation functools.partial(<built-in method execute of sqlite3.Cursor object at 0x000001FA023F82C0>, 'PRAGMA read_uncommitted', []) completed
DEBUG    aiosqlite:core.py:104 executing functools.partial(<built-in method fetchall of sqlite3.Cursor object at 0x000001FA023F82C0>)
DEBUG    aiosqlite:core.py:106 operation functools.partial(<built-in method fetchall of sqlite3.Cursor object at 0x000001FA023F82C0>) completed
DEBUG    aiosqlite:core.py:104 executing functools.partial(<built-in method close of sqlite3.Cursor object at 0x000001FA023F82C0>)
DEBUG    aiosqlite:core.py:106 operation functools.partial(<built-in method close of sqlite3.Cursor object at 0x000001FA023F82C0>) completed
DEBUG    aiosqlite:core.py:104 executing functools.partial(<built-in method rollback of sqlite3.Connection object at 0x000001FA0235DF30>)
DEBUG    aiosqlite:core.py:106 operation functools.partial(<built-in method rollback of sqlite3.Connection object at 0x000001FA0235DF30>) completed
DEBUG    aiosqlite:core.py:104 executing functools.partial(<built-in method cursor of sqlite3.Connection object at 0x000001FA0235DF30>)
DEBUG    aiosqlite:core.py:106 operation functools.partial(<built-in method cursor of sqlite3.Connection object at 0x000001FA0235DF30>) completed
DEBUG    aiosqlite:core.py:104 executing functools.partial(<built-in method execute of sqlite3.Cursor object at 0x000001FA020A5540>, 'PRAGMA main.table_info("price_alerts")', ())
DEBUG    aiosqlite:core.py:106 operation functools.partial(<built-in method execute of sqlite3.Cursor object at 0x000001FA020A5540>, 'PRAGMA main.table_info("price_alerts")', ()) completed
DEBUG    aiosqlite:core.py:104 executing functools.partial(<built-in method fetchall of sqlite3.Cursor object at 0x000001FA020A5540>)
DEBUG    aiosqlite:core.py:106 operation functools.partial(<built-in method fetchall of sqlite3.Cursor object at 0x000001FA020A5540>) completed
DEBUG    aiosqlite:core.py:104 executing functools.partial(<built-in method close of sqlite3.Cursor object at 0x000001FA020A5540>)
DEBUG    aiosqlite:core.py:106 operation functools.partial(<built-in method close of sqlite3.Cursor object at 0x000001FA020A5540>) completed
DEBUG    aiosqlite:core.py:104 executing functools.partial(<built-in method cursor of sqlite3.Connection object at 0x000001FA0235DF30>)
DEBUG    aiosqlite:core.py:106 operation functools.partial(<built-in method cursor of sqlite3.Connection object at 0x000001FA0235DF30>) completed
DEBUG    aiosqlite:core.py:104 executing functools.partial(<built-in method execute of sqlite3.Cursor object at 0x000001FA023F8440>, 'PRAGMA temp.table_info("price_alerts")', ())
DEBUG    aiosqlite:core.py:106 operation functools.partial(<built-in method execute of sqlite3.Cursor object at 0x000001FA023F8440>, 'PRAGMA temp.table_info("price_alerts")', ()) completed
DEBUG    aiosqlite:core.py:104 executing functools.partial(<built-in method fetchall of sqlite3.Cursor object at 0x000001FA023F8440>)
DEBUG    aiosqlite:core.py:106 operation functools.partial(<built-in method fetchall of sqlite3.Cursor object at 0x000001FA023F8440>) completed
DEBUG    aiosqlite:core.py:104 executing functools.partial(<built-in method close of sqlite3.Cursor object at 0x000001FA023F8440>)
DEBUG    aiosqlite:core.py:106 operation functools.partial(<built-in method close of sqlite3.Cursor object at 0x000001FA023F8440>) completed
DEBUG    aiosqlite:core.py:104 executing functools.partial(<built-in method cursor of sqlite3.Connection object at 0x000001FA0235DF30>)
DEBUG    aiosqlite:core.py:106 operation functools.partial(<built-in method cursor of sqlite3.Connection object at 0x000001FA0235DF30>) completed
DEBUG    aiosqlite:core.py:104 executing functools.partial(<built-in method execute of sqlite3.Cursor object at 0x000001FA023F81C0>, 'PRAGMA main.table_info("command_log")', ())
DEBUG    aiosqlite:core.py:106 operation functools.partial(<built-in method execute of sqlite3.Cursor object at 0x000001FA023F81C0>, 'PRAGMA main.table_info("command_log")', ()) completed
DEBUG    aiosqlite:core.py:104 executing functools.partial(<built-in method fetchall of sqlite3.Cursor object at 0x000001FA023F81C0>)
DEBUG    aiosqlite:core.py:106 operation functools.partial(<built-in method fetchall of sqlite3.Cursor object at 0x000001FA023F81C0>) completed
DEBUG    aiosqlite:core.py:104 executing functools.partial(<built-in method close of sqlite3.Cursor object at 0x000001FA023F81C0>)
DEBUG    aiosqlite:core.py:106 operation functools.partial(<built-in method close of sqlite3.Cursor object at 0x000001FA023F81C0>) completed
DEBUG    aiosqlite:core.py:104 executing functools.partial(<built-in method cursor of sqlite3.Connection object at 0x000001FA0235DF30>)
DEBUG    aiosqlite:core.py:106 operation functools.partial(<built-in method cursor of sqlite3.Connection object at 0x000001FA0235DF30>) completed
DEBUG    aiosqlite:core.py:104 executing functools.partial(<built-in method execute of sqlite3.Cursor object at 0x000001FA01A8BD40>, 'PRAGMA temp.table_info("command_log")', ())
DEBUG    aiosqlite:core.py:106 operation functools.partial(<built-in method execute of sqlite3.Cursor object at 0x000001FA01A8BD40>, 'PRAGMA temp.table_info("command_log")', ()) completed
DEBUG    aiosqlite:core.py:104 executing functools.partial(<built-in method fetchall of sqlite3.Cursor object at 0x000001FA01A8BD40>)
DEBUG    aiosqlite:core.py:106 operation functools.partial(<built-in method fetchall of sqlite3.Cursor object at 0x000001FA01A8BD40>) completed
DEBUG    aiosqlite:core.py:104 executing functools.partial(<built-in method close of sqlite3.Cursor object at 0x000001FA01A8BD40>)
DEBUG    aiosqlite:core.py:106 operation functools.partial(<built-in method close of sqlite3.Cursor object at 0x000001FA01A8BD40>) completed
DEBUG    aiosqlite:core.py:104 executing functools.partial(<built-in method cursor of sqlite3.Connection object at 0x000001FA0235DF30>)
DEBUG    aiosqlite:core.py:106 operation functools.partial(<built-in method cursor of sqlite3.Connection object at 0x000001FA0235DF30>) completed
DEBUG    aiosqlite:core.py:104 executing functools.partial(<built-in method execute of sqlite3.Cursor object at 0x000001FA023F8540>, 'PRAGMA main.table_info("events")', ())
DEBUG    aiosqlite:core.py:106 operation functools.partial(<built-in method execute of sqlite3.Cursor object at 0x000001FA023F8540>, 'PRAGMA main.table_info("events")', ()) completed
DEBUG    aiosqlite:core.py:104 executing functools.partial(<built-in method fetchall of sqlite3.Cursor object at 0x000001FA023F8540>)
DEBUG    aiosqlite:core.py:106 operation functools.partial(<built-in method fetchall of sqlite3.Cursor object at 0x000001FA023F8540>) completed
DEBUG    aiosqlite:core.py:104 executing functools.partial(<built-in method close of sqlite3.Cursor object at 0x000001FA023F8540>)
DEBUG    aiosqlite:core.py:106 operation functools.partial(<built-in method close of sqlite3.Cursor object at 0x000001FA023F8540>) completed
DEBUG    aiosqlite:core.py:104 executing functools.partial(<built-in method cursor of sqlite3.Connection object at 0x000001FA0235DF30>)
DEBUG    aiosqlite:core.py:106 operation functools.partial(<built-in method cursor of sqlite3.Connection object at 0x000001FA0235DF30>) completed
DEBUG    aiosqlite:core.py:104 executing functools.partial(<built-in method execute of sqlite3.Cursor object at 0x000001FA01A88EC0>, 'PRAGMA temp.table_info("events")', ())
DEBUG    aiosqlite:core.py:106 operation functools.partial(<built-in method execute of sqlite3.Cursor object at 0x000001FA01A88EC0>, 'PRAGMA temp.table_info("events")', ()) completed
DEBUG    aiosqlite:core.py:104 executing functools.partial(<built-in method fetchall of sqlite3.Cursor object at 0x000001FA01A88EC0>)
DEBUG    aiosqlite:core.py:106 operation functools.partial(<built-in method fetchall of sqlite3.Cursor object at 0x000001FA01A88EC0>) completed
DEBUG    aiosqlite:core.py:104 executing functools.partial(<built-in method close of sqlite3.Cursor object at 0x000001FA01A88EC0>)
DEBUG    aiosqlite:core.py:106 operation functools.partial(<built-in method close of sqlite3.Cursor object at 0x000001FA01A88EC0>) completed
DEBUG    aiosqlite:core.py:104 executing functools.partial(<built-in method cursor of sqlite3.Connection object at 0x000001FA0235DF30>)
DEBUG    aiosqlite:core.py:106 operation functools.partial(<built-in method cursor of sqlite3.Connection object at 0x000001FA0235DF30>) completed
DEBUG    aiosqlite:core.py:104 executing functools.partial(<built-in method execute of sqlite3.Cursor object at 0x000001FA023F88C0>, 'PRAGMA main.table_info("market_data")', ())
DEBUG    aiosqlite:core.py:106 operation functools.partial(<built-in method execute of sqlite3.Cursor object at 0x000001FA023F88C0>, 'PRAGMA main.table_info("market_data")', ()) completed
DEBUG    aiosqlite:core.py:104 executing functools.partial(<built-in method fetchall of sqlite3.Cursor object at 0x000001FA023F88C0>)
DEBUG    aiosqlite:core.py:106 operation functools.partial(<built-in method fetchall of sqlite3.Cursor object at 0x000001FA023F88C0>) completed
DEBUG    aiosqlite:core.py:104 executing functools.partial(<built-in method close of sqlite3.Cursor object at 0x000001FA023F88C0>)
DEBUG    aiosqlite:core.py:106 operation functools.partial(<built-in method close of sqlite3.Cursor object at 0x000001FA023F88C0>) completed
DEBUG    aiosqlite:core.py:104 executing functools.partial(<built-in method cursor of sqlite3.Connection object at 0x000001FA0235DF30>)
DEBUG    aiosqlite:core.py:106 operation functools.partial(<built-in method cursor of sqlite3.Connection object at 0x000001FA0235DF30>) completed
DEBUG    aiosqlite:core.py:104 executing functools.partial(<built-in method execute of sqlite3.Cursor object at 0x000001FA01A8BBC0>, 'PRAGMA temp.table_info("market_data")', ())
DEBUG    aiosqlite:core.py:106 operation functools.partial(<built-in method execute of sqlite3.Cursor object at 0x000001FA01A8BBC0>, 'PRAGMA temp.table_info("market_data")', ()) completed
DEBUG    aiosqlite:core.py:104 executing functools.partial(<built-in method fetchall of sqlite3.Cursor object at 0x000001FA01A8BBC0>)
DEBUG    aiosqlite:core.py:106 operation functools.partial(<built-in method fetchall of sqlite3.Cursor object at 0x000001FA01A8BBC0>) completed
DEBUG    aiosqlite:core.py:104 executing functools.partial(<built-in method close of sqlite3.Cursor object at 0x000001FA01A8BBC0>)
DEBUG    aiosqlite:core.py:106 operation functools.partial(<built-in method close of sqlite3.Cursor object at 0x000001FA01A8BBC0>) completed
DEBUG    aiosqlite:core.py:104 executing functools.partial(<built-in method cursor of sqlite3.Connection object at 0x000001FA0235DF30>)
DEBUG    aiosqlite:core.py:106 operation functools.partial(<built-in method cursor of sqlite3.Connection object at 0x000001FA0235DF30>) completed
DEBUG    aiosqlite:core.py:104 executing functools.partial(<built-in method execute of sqlite3.Cursor object at 0x000001FA023F80C0>, 'PRAGMA main.table_info("market_data_cache")', ())
DEBUG    aiosqlite:core.py:106 operation functools.partial(<built-in method execute of sqlite3.Cursor object at 0x000001FA023F80C0>, 'PRAGMA main.table_info("market_data_cache")', ()) completed
DEBUG    aiosqlite:core.py:104 executing functools.partial(<built-in method fetchall of sqlite3.Cursor object at 0x000001FA023F80C0>)
DEBUG    aiosqlite:core.py:106 operation functools.partial(<built-in method fetchall of sqlite3.Cursor object at 0x000001FA023F80C0>) completed
DEBUG    aiosqlite:core.py:104 executing functools.partial(<built-in method close of sqlite3.Cursor object at 0x000001FA023F80C0>)
DEBUG    aiosqlite:core.py:106 operation functools.partial(<built-in method close of sqlite3.Cursor object at 0x000001FA023F80C0>) completed
DEBUG    aiosqlite:core.py:104 executing functools.partial(<built-in method cursor of sqlite3.Connection object at 0x000001FA0235DF30>)
DEBUG    aiosqlite:core.py:106 operation functools.partial(<built-in method cursor of sqlite3.Connection object at 0x000001FA0235DF30>) completed
DEBUG    aiosqlite:core.py:104 executing functools.partial(<built-in method execute of sqlite3.Cursor object at 0x000001FA023F73C0>, 'PRAGMA temp.table_info("market_data_cache")', ())
DEBUG    aiosqlite:core.py:106 operation functools.partial(<built-in method execute of sqlite3.Cursor object at 0x000001FA023F73C0>, 'PRAGMA temp.table_info("market_data_cache")', ()) completed
DEBUG    aiosqlite:core.py:104 executing functools.partial(<built-in method fetchall of sqlite3.Cursor object at 0x000001FA023F73C0>)
DEBUG    aiosqlite:core.py:106 operation functools.partial(<built-in method fetchall of sqlite3.Cursor object at 0x000001FA023F73C0>) completed
DEBUG    aiosqlite:core.py:104 executing functools.partial(<built-in method close of sqlite3.Cursor object at 0x000001FA023F73C0>)
DEBUG    aiosqlite:core.py:106 operation functools.partial(<built-in method close of sqlite3.Cursor object at 0x000001FA023F73C0>) completed
DEBUG    aiosqlite:core.py:104 executing functools.partial(<built-in method cursor of sqlite3.Connection object at 0x000001FA0235DF30>)
DEBUG    aiosqlite:core.py:106 operation functools.partial(<built-in method cursor of sqlite3.Connection object at 0x000001FA0235DF30>) completed
DEBUG    aiosqlite:core.py:104 executing functools.partial(<built-in method execute of sqlite3.Cursor object at 0x000001FA023F6CC0>, 'PRAGMA main.table_info("users")', ())
DEBUG    aiosqlite:core.py:106 operation functools.partial(<built-in method execute of sqlite3.Cursor object at 0x000001FA023F6CC0>, 'PRAGMA main.table_info("users")', ()) completed
DEBUG    aiosqlite:core.py:104 executing functools.partial(<built-in method fetchall of sqlite3.Cursor object at 0x000001FA023F6CC0>)
DEBUG    aiosqlite:core.py:106 operation functools.partial(<built-in method fetchall of sqlite3.Cursor object at 0x000001FA023F6CC0>) completed
DEBUG    aiosqlite:core.py:104 executing functools.partial(<built-in method close of sqlite3.Cursor object at 0x000001FA023F6CC0>)
DEBUG    aiosqlite:core.py:106 operation functools.partial(<built-in method close of sqlite3.Cursor object at 0x000001FA023F6CC0>) completed
DEBUG    aiosqlite:core.py:104 executing functools.partial(<built-in method cursor of sqlite3.Connection object at 0x000001FA0235DF30>)
DEBUG    aiosqlite:core.py:106 operation functools.partial(<built-in method cursor of sqlite3.Connection object at 0x000001FA0235DF30>) completed
DEBUG    aiosqlite:core.py:104 executing functools.partial(<built-in method execute of sqlite3.Cursor object at 0x000001FA023F59C0>, 'PRAGMA temp.table_info("users")', ())
DEBUG    aiosqlite:core.py:106 operation functools.partial(<built-in method execute of sqlite3.Cursor object at 0x000001FA023F59C0>, 'PRAGMA temp.table_info("users")', ()) completed
DEBUG    aiosqlite:core.py:104 executing functools.partial(<built-in method fetchall of sqlite3.Cursor object at 0x000001FA023F59C0>)
DEBUG    aiosqlite:core.py:106 operation functools.partial(<built-in method fetchall of sqlite3.Cursor object at 0x000001FA023F59C0>) completed
DEBUG    aiosqlite:core.py:104 executing functools.partial(<built-in method close of sqlite3.Cursor object at 0x000001FA023F59C0>)
DEBUG    aiosqlite:core.py:106 operation functools.partial(<built-in method close of sqlite3.Cursor object at 0x000001FA023F59C0>) completed
DEBUG    aiosqlite:core.py:104 executing functools.partial(<built-in method cursor of sqlite3.Connection object at 0x000001FA0235DF30>)
DEBUG    aiosqlite:core.py:106 operation functools.partial(<built-in method cursor of sqlite3.Connection object at 0x000001FA0235DF30>) completed
DEBUG    aiosqlite:core.py:104 executing functools.partial(<built-in method execute of sqlite3.Cursor object at 0x000001FA023F51C0>, 'PRAGMA main.table_info("user_settings")', ())
DEBUG    aiosqlite:core.py:106 operation functools.partial(<built-in method execute of sqlite3.Cursor object at 0x000001FA023F51C0>, 'PRAGMA main.table_info("user_settings")', ()) completed
DEBUG    aiosqlite:core.py:104 executing functools.partial(<built-in method fetchall of sqlite3.Cursor object at 0x000001FA023F51C0>)
DEBUG    aiosqlite:core.py:106 operation functools.partial(<built-in method fetchall of sqlite3.Cursor object at 0x000001FA023F51C0>) completed
DEBUG    aiosqlite:core.py:104 executing functools.partial(<built-in method close of sqlite3.Cursor object at 0x000001FA023F51C0>)
DEBUG    aiosqlite:core.py:106 operation functools.partial(<built-in method close of sqlite3.Cursor object at 0x000001FA023F51C0>) completed
DEBUG    aiosqlite:core.py:104 executing functools.partial(<built-in method cursor of sqlite3.Connection object at 0x000001FA0235DF30>)
DEBUG    aiosqlite:core.py:106 operation functools.partial(<built-in method cursor of sqlite3.Connection object at 0x000001FA0235DF30>) completed
DEBUG    aiosqlite:core.py:104 executing functools.partial(<built-in method execute of sqlite3.Cursor object at 0x000001FA023F5940>, 'PRAGMA temp.table_info("user_settings")', ())
DEBUG    aiosqlite:core.py:106 operation functools.partial(<built-in method execute of sqlite3.Cursor object at 0x000001FA023F5940>, 'PRAGMA temp.table_info("user_settings")', ()) completed
DEBUG    aiosqlite:core.py:104 executing functools.partial(<built-in method fetchall of sqlite3.Cursor object at 0x000001FA023F5940>)
DEBUG    aiosqlite:core.py:106 operation functools.partial(<built-in method fetchall of sqlite3.Cursor object at 0x000001FA023F5940>) completed
DEBUG    aiosqlite:core.py:104 executing functools.partial(<built-in method close of sqlite3.Cursor object at 0x000001FA023F5940>)
DEBUG    aiosqlite:core.py:106 operation functools.partial(<built-in method close of sqlite3.Cursor object at 0x000001FA023F5940>) completed
DEBUG    aiosqlite:core.py:104 executing functools.partial(<built-in method cursor of sqlite3.Connection object at 0x000001FA0235DF30>)
DEBUG    aiosqlite:core.py:106 operation functools.partial(<built-in method cursor of sqlite3.Connection object at 0x000001FA0235DF30>) completed
DEBUG    aiosqlite:core.py:104 executing functools.partial(<built-in method execute of sqlite3.Cursor object at 0x000001FA023F5E40>, 'PRAGMA main.table_info("audit_logs")', ())
DEBUG    aiosqlite:core.py:106 operation functools.partial(<built-in method execute of sqlite3.Cursor object at 0x000001FA023F5E40>, 'PRAGMA main.table_info("audit_logs")', ()) completed
DEBUG    aiosqlite:core.py:104 executing functools.partial(<built-in method fetchall of sqlite3.Cursor object at 0x000001FA023F5E40>)
DEBUG    aiosqlite:core.py:106 operation functools.partial(<built-in method fetchall of sqlite3.Cursor object at 0x000001FA023F5E40>) completed
DEBUG    aiosqlite:core.py:104 executing functools.partial(<built-in method close of sqlite3.Cursor object at 0x000001FA023F5E40>)
DEBUG    aiosqlite:core.py:106 operation functools.partial(<built-in method close of sqlite3.Cursor object at 0x000001FA023F5E40>) completed
DEBUG    aiosqlite:core.py:104 executing functools.partial(<built-in method cursor of sqlite3.Connection object at 0x000001FA0235DF30>)
DEBUG    aiosqlite:core.py:106 operation functools.partial(<built-in method cursor of sqlite3.Connection object at 0x000001FA0235DF30>) completed
DEBUG    aiosqlite:core.py:104 executing functools.partial(<built-in method execute of sqlite3.Cursor object at 0x000001FA023F5440>, 'PRAGMA temp.table_info("audit_logs")', ())
DEBUG    aiosqlite:core.py:106 operation functools.partial(<built-in method execute of sqlite3.Cursor object at 0x000001FA023F5440>, 'PRAGMA temp.table_info("audit_logs")', ()) completed
DEBUG    aiosqlite:core.py:104 executing functools.partial(<built-in method fetchall of sqlite3.Cursor object at 0x000001FA023F5440>)
DEBUG    aiosqlite:core.py:106 operation functools.partial(<built-in method fetchall of sqlite3.Cursor object at 0x000001FA023F5440>) completed
DEBUG    aiosqlite:core.py:104 executing functools.partial(<built-in method close of sqlite3.Cursor object at 0x000001FA023F5440>)
DEBUG    aiosqlite:core.py:106 operation functools.partial(<built-in method close of sqlite3.Cursor object at 0x000001FA023F5440>) completed
DEBUG    aiosqlite:core.py:104 executing functools.partial(<built-in method cursor of sqlite3.Connection object at 0x000001FA0235DF30>)
DEBUG    aiosqlite:core.py:106 operation functools.partial(<built-in method cursor of sqlite3.Connection object at 0x000001FA0235DF30>) completed
DEBUG    aiosqlite:core.py:104 executing functools.partial(<built-in method execute of sqlite3.Cursor object at 0x000001FA01A8B940>, '\nCREATE TABLE price_alerts (\n\tid VARCHAR(36) NOT NULL, \n\tuser_id VARCHAR(36) NOT NULL, \n\titem_id VARCHAR(255), \n\tmarket_hash_name VARCHAR(500), \n\tgame VARCHAR(50), \n\ttarget_price FLOAT NOT NULL, \n\tcondition VARCHAR(20), \n\tis_active BOOLEAN, \n\ttriggered BOOLEAN, \n\ttriggered_at DATETIME, \n\tcreated_at DATETIME, \n\texpires_at DATETIME, \n\tPRIMARY KEY (id)\n)\n\n', ())
DEBUG    aiosqlite:core.py:106 operation functools.partial(<built-in method execute of sqlite3.Cursor object at 0x000001FA01A8B940>, '\nCREATE TABLE price_alerts (\n\tid VARCHAR(36) NOT NULL, \n\tuser_id VARCHAR(36) NOT NULL, \n\titem_id VARCHAR(255), \n\tmarket_hash_name VARCHAR(500), \n\tgame VARCHAR(50), \n\ttarget_price FLOAT NOT NULL, \n\tcondition VARCHAR(20), \n\tis_active BOOLEAN, \n\ttriggered BOOLEAN, \n\ttriggered_at DATETIME, \n\tcreated_at DATETIME, \n\texpires_at DATETIME, \n\tPRIMARY KEY (id)\n)\n\n', ()) completed
DEBUG    aiosqlite:core.py:104 executing functools.partial(<built-in method close of sqlite3.Cursor object at 0x000001FA01A8B940>)
DEBUG    aiosqlite:core.py:106 operation functools.partial(<built-in method close of sqlite3.Cursor object at 0x000001FA01A8B940>) completed
DEBUG    aiosqlite:core.py:104 executing functools.partial(<built-in method cursor of sqlite3.Connection object at 0x000001FA0235DF30>)
DEBUG    aiosqlite:core.py:106 operation functools.partial(<built-in method cursor of sqlite3.Connection object at 0x000001FA0235DF30>) completed
DEBUG    aiosqlite:core.py:104 executing functools.partial(<built-in method execute of sqlite3.Cursor object at 0x000001FA023FB9C0>, 'CREATE INDEX ix_price_alerts_user_id ON price_alerts (user_id)', ())
DEBUG    aiosqlite:core.py:106 operation functools.partial(<built-in method execute of sqlite3.Cursor object at 0x000001FA023FB9C0>, 'CREATE INDEX ix_price_alerts_user_id ON price_alerts (user_id)', ()) completed
DEBUG    aiosqlite:core.py:104 executing functools.partial(<built-in method close of sqlite3.Cursor object at 0x000001FA023FB9C0>)
DEBUG    aiosqlite:core.py:106 operation functools.partial(<built-in method close of sqlite3.Cursor object at 0x000001FA023FB9C0>) completed
DEBUG    aiosqlite:core.py:104 executing functools.partial(<built-in method cursor of sqlite3.Connection object at 0x000001FA0235DF30>)
DEBUG    aiosqlite:core.py:106 operation functools.partial(<built-in method cursor of sqlite3.Connection object at 0x000001FA0235DF30>) completed
DEBUG    aiosqlite:core.py:104 executing functools.partial(<built-in method execute of sqlite3.Cursor object at 0x000001FA023F83C0>, 'CREATE INDEX ix_price_alerts_is_active ON price_alerts (is_active)', ())
DEBUG    aiosqlite:core.py:106 operation functools.partial(<built-in method execute of sqlite3.Cursor object at 0x000001FA023F83C0>, 'CREATE INDEX ix_price_alerts_is_active ON price_alerts (is_active)', ()) completed
DEBUG    aiosqlite:core.py:104 executing functools.partial(<built-in method close of sqlite3.Cursor object at 0x000001FA023F83C0>)
DEBUG    aiosqlite:core.py:106 operation functools.partial(<built-in method close of sqlite3.Cursor object at 0x000001FA023F83C0>) completed
DEBUG    aiosqlite:core.py:104 executing functools.partial(<built-in method cursor of sqlite3.Connection object at 0x000001FA0235DF30>)
DEBUG    aiosqlite:core.py:106 operation functools.partial(<built-in method cursor of sqlite3.Connection object at 0x000001FA0235DF30>) completed
DEBUG    aiosqlite:core.py:104 executing functools.partial(<built-in method execute of sqlite3.Cursor object at 0x000001FA01429D40>, '\nCREATE TABLE command_log (\n\tid VARCHAR(36) NOT NULL, \n\tuser_id VARCHAR(36), \n\tcommand VARCHAR(100) NOT NULL, \n\tparameters JSON, \n\tsuccess BOOLEAN, \n\terror_message TEXT, \n\texecution_time_ms INTEGER, \n\tcreated_at DATETIME, \n\tPRIMARY KEY (id)\n)\n\n', ())
DEBUG    aiosqlite:core.py:106 operation functools.partial(<built-in method execute of sqlite3.Cursor object at 0x000001FA01429D40>, '\nCREATE TABLE command_log (\n\tid VARCHAR(36) NOT NULL, \n\tuser_id VARCHAR(36), \n\tcommand VARCHAR(100) NOT NULL, \n\tparameters JSON, \n\tsuccess BOOLEAN, \n\terror_message TEXT, \n\texecution_time_ms INTEGER, \n\tcreated_at DATETIME, \n\tPRIMARY KEY (id)\n)\n\n', ()) completed
DEBUG    aiosqlite:core.py:104 executing functools.partial(<built-in method close of sqlite3.Cursor object at 0x000001FA01429D40>)
DEBUG    aiosqlite:core.py:106 operation functools.partial(<built-in method close of sqlite3.Cursor object at 0x000001FA01429D40>) completed
DEBUG    aiosqlite:core.py:104 executing functools.partial(<built-in method cursor of sqlite3.Connection object at 0x000001FA0235DF30>)
DEBUG    aiosqlite:core.py:106 operation functools.partial(<built-in method cursor of sqlite3.Connection object at 0x000001FA0235DF30>) completed
DEBUG    aiosqlite:core.py:104 executing functools.partial(<built-in method execute of sqlite3.Cursor object at 0x000001FA023F8AC0>, 'CREATE INDEX ix_command_log_created_at ON command_log (created_at)', ())
DEBUG    aiosqlite:core.py:106 operation functools.partial(<built-in method execute of sqlite3.Cursor object at 0x000001FA023F8AC0>, 'CREATE INDEX ix_command_log_created_at ON command_log (created_at)', ()) completed
DEBUG    aiosqlite:core.py:104 executing functools.partial(<built-in method close of sqlite3.Cursor object at 0x000001FA023F8AC0>)
DEBUG    aiosqlite:core.py:106 operation functools.partial(<built-in method close of sqlite3.Cursor object at 0x000001FA023F8AC0>) completed
DEBUG    aiosqlite:core.py:104 executing functools.partial(<built-in method cursor of sqlite3.Connection object at 0x000001FA0235DF30>)
DEBUG    aiosqlite:core.py:106 operation functools.partial(<built-in method cursor of sqlite3.Connection object at 0x000001FA0235DF30>) completed
DEBUG    aiosqlite:core.py:104 executing functools.partial(<built-in method execute of sqlite3.Cursor object at 0x000001FA023F8240>, 'CREATE INDEX ix_command_log_user_id ON command_log (user_id)', ())
DEBUG    aiosqlite:core.py:106 operation functools.partial(<built-in method execute of sqlite3.Cursor object at 0x000001FA023F8240>, 'CREATE INDEX ix_command_log_user_id ON command_log (user_id)', ()) completed
DEBUG    aiosqlite:core.py:104 executing functools.partial(<built-in method close of sqlite3.Cursor object at 0x000001FA023F8240>)
DEBUG    aiosqlite:core.py:106 operation functools.partial(<built-in method close of sqlite3.Cursor object at 0x000001FA023F8240>) completed
DEBUG    aiosqlite:core.py:104 executing functools.partial(<built-in method cursor of sqlite3.Connection object at 0x000001FA0235DF30>)
DEBUG    aiosqlite:core.py:106 operation functools.partial(<built-in method cursor of sqlite3.Connection object at 0x000001FA0235DF30>) completed
DEBUG    aiosqlite:core.py:104 executing functools.partial(<built-in method execute of sqlite3.Cursor object at 0x000001FA023F8740>, 'CREATE INDEX ix_command_log_command ON command_log (command)', ())
DEBUG    aiosqlite:core.py:106 operation functools.partial(<built-in method execute of sqlite3.Cursor object at 0x000001FA023F8740>, 'CREATE INDEX ix_command_log_command ON command_log (command)', ()) completed
DEBUG    aiosqlite:core.py:104 executing functools.partial(<built-in method close of sqlite3.Cursor object at 0x000001FA023F8740>)
DEBUG    aiosqlite:core.py:106 operation functools.partial(<built-in method close of sqlite3.Cursor object at 0x000001FA023F8740>) completed
DEBUG    aiosqlite:core.py:104 executing functools.partial(<built-in method cursor of sqlite3.Connection object at 0x000001FA0235DF30>)
DEBUG    aiosqlite:core.py:106 operation functools.partial(<built-in method cursor of sqlite3.Connection object at 0x000001FA0235DF30>) completed
DEBUG    aiosqlite:core.py:104 executing functools.partial(<built-in method execute of sqlite3.Cursor object at 0x000001FA034730C0>, '\nCREATE TABLE events (\n\tid VARCHAR(36) NOT NULL, \n\tuser_id VARCHAR(36), \n\tevent_type VARCHAR(100) NOT NULL, \n\tevent_data JSON, \n\tsession_id VARCHAR(255), \n\tcreated_at DATETIME, \n\tPRIMARY KEY (id)\n)\n\n', ())
DEBUG    aiosqlite:core.py:106 operation functools.partial(<built-in method execute of sqlite3.Cursor object at 0x000001FA034730C0>, '\nCREATE TABLE events (\n\tid VARCHAR(36) NOT NULL, \n\tuser_id VARCHAR(36), \n\tevent_type VARCHAR(100) NOT NULL, \n\tevent_data JSON, \n\tsession_id VARCHAR(255), \n\tcreated_at DATETIME, \n\tPRIMARY KEY (id)\n)\n\n', ()) completed
DEBUG    aiosqlite:core.py:104 executing functools.partial(<built-in method close of sqlite3.Cursor object at 0x000001FA034730C0>)
DEBUG    aiosqlite:core.py:106 operation functools.partial(<built-in method close of sqlite3.Cursor object at 0x000001FA034730C0>) completed
DEBUG    aiosqlite:core.py:104 executing functools.partial(<built-in method cursor of sqlite3.Connection object at 0x000001FA0235DF30>)
DEBUG    aiosqlite:core.py:106 operation functools.partial(<built-in method cursor of sqlite3.Connection object at 0x000001FA0235DF30>) completed
DEBUG    aiosqlite:core.py:104 executing functools.partial(<built-in method execute of sqlite3.Cursor object at 0x000001FA023F8140>, 'CREATE INDEX ix_events_created_at ON events (created_at)', ())
DEBUG    aiosqlite:core.py:106 operation functools.partial(<built-in method execute of sqlite3.Cursor object at 0x000001FA023F8140>, 'CREATE INDEX ix_events_created_at ON events (created_at)', ()) completed
DEBUG    aiosqlite:core.py:104 executing functools.partial(<built-in method close of sqlite3.Cursor object at 0x000001FA023F8140>)
DEBUG    aiosqlite:core.py:106 operation functools.partial(<built-in method close of sqlite3.Cursor object at 0x000001FA023F8140>) completed
DEBUG    aiosqlite:core.py:104 executing functools.partial(<built-in method cursor of sqlite3.Connection object at 0x000001FA0235DF30>)
DEBUG    aiosqlite:core.py:106 operation functools.partial(<built-in method cursor of sqlite3.Connection object at 0x000001FA0235DF30>) completed
DEBUG    aiosqlite:core.py:104 executing functools.partial(<built-in method execute of sqlite3.Cursor object at 0x000001FA023FB7C0>, 'CREATE INDEX ix_events_user_id ON events (user_id)', ())
DEBUG    aiosqlite:core.py:106 operation functools.partial(<built-in method execute of sqlite3.Cursor object at 0x000001FA023FB7C0>, 'CREATE INDEX ix_events_user_id ON events (user_id)', ()) completed
DEBUG    aiosqlite:core.py:104 executing functools.partial(<built-in method close of sqlite3.Cursor object at 0x000001FA023FB7C0>)
DEBUG    aiosqlite:core.py:106 operation functools.partial(<built-in method close of sqlite3.Cursor object at 0x000001FA023FB7C0>) completed
DEBUG    aiosqlite:core.py:104 executing functools.partial(<built-in method cursor of sqlite3.Connection object at 0x000001FA0235DF30>)
[...]
src\analytics\historical_data.py                               136     26     34      7  75.88%   116, 171->175, 194-195, 246->284, 253-256, 263, 278-279, 310->345, 312-340, 363-375
src\telegram_bot\pagination.py                                 132     22     56     17  76.06%   53, 112, 149-150, 153-154, 182, 207, 225->exit, 233, 249->exit, 259, 280->282, 282->284, 284->286, 286->288, 289, 310, 418-430, 461
src\utils\market_analyzer.py                                   296     53    144     39  76.82%   91-94, 109->111, 118->144, 135, 138->140, 140->144, 157, 253, 272-273, 313, 326, 362, 373, 378, 388, 393, 403, 418, 452, 463->486, 478-483, 502, 526->525, 528->525, 569->576, 572-573, 586-587, 589->598, 594-595, 604-605, 610-617, 626-627, 632-640, 646-647, 655, 660->668, 664-665, 670-675, 714, 721-722
src\utils\prometheus_exporter.py                                77     16      2      0  77.22%   161, 177, 187, 192, 209-224
src\utils\user_rate_limiter.py                                 116     20     38      7  77.27%   65, 134->137, 152, 240-249, 254->264, 278-279, 294-296, 307-311
src\dmarket\targets\manager.py                                 150     26     36      7  77.96%   56->59, 159->163, 163->166, 217, 229-232, 309-354, 393, 473, 521-523
src\dmarket\api_validator.py                                    49     11      6      1  78.18%   73-74, 131->135, 142-143, 174-187
src\telegram_bot\keyboards\main.py                              30      5      8      1  78.95%   74-102, 141
src\telegram_bot\handlers\game_filter_handlers.py              308     41    130     31  79.91%   362, 393, 471, 507, 539, 558, 625, 703, 720->724, 772, 785, 788-791, 841, 851-855, 906, 916-920, 967, 977-981, 1027, 1056->1058, 1058->1145, 1072->1074, 1074->1145, 1088->1145, 1098->1145, 1108-1109, 1118-1119, 1125-1142, 1164, 1173-1180, 1187
src\dmarket\dmarket_api.py                                     796    145    196     34  80.34%   302-305, 309-310, 315-317, 365, 432-433, 462, 498, 514, 527-528, 545, 554-563, 636->848, 663-664, 697-706, 747-748, 752, 778-780, 825-826, 857, 881, 884, 979-985, 996-1007, 1011, 1148-1149, 1158-1177, 1203-1218, 1286->1289, 1304->1321, 1311-1312, 1458-1479, 1513-1523, 1583-1605, 1636-1646, 1709-1717, 1880-1881, 1932-1933, 1957-1958, 2035, 2038, 2041, 2249, 2252, 2279-2288, 2311-2319, 2491-2498, 2808->2811, 2943, 2946-2948, 2951, 2955-2957, 2970-2974, 3041-3049, 3062
src\dmarket\advanced_filters.py                                224     37     76     17  80.67%   174->182, 190-198, 202->210, 205-207, 211-217, 245, 265, 274, 277-278, 302, 321->330, 324, 331, 339, 346-348, 380->379, 385, 409-411, 459, 465, 472, 486-488
src\models\base.py                                              21      3      6      2  81.48%   23, 35, 52
src\dmarket\schemas.py                                         149     19     20      4  81.66%   34, 41, 45-47, 125, 189, 210, 284-286, 290-292, 328, 332, 389-391
src\utils\market_visualizer.py                                 347     49    118     30  81.72%   136, 225-242, 251, 256, 261->248, 263->248, 320-337, 358, 367, 371, 442->446, 485-489, 494->501, 497-498, 586->595, 595->605, 606->628, 664-672, 676-678, 682->691, 684, 687-689, 692, 725, 737-738, 760, 791, 822, 839, 844->843
src\portfolio\analyzer.py                                      182     22     74     22  82.03%   36, 66, 100, 144, 194, 201, 222, 224, 228, 385, 390, 406, 410, 438, 462, 465, 479->482, 482->485, 485->488, 493-494, 499, 514, 517, 521->524, 528
src\utils\rate_limiter.py                                      169     28     66      8  82.13%   121, 165->169, 169->exit, 179->188, 184, 193->212, 202, 235, 253->268, 357, 451-469, 487-505, 521-542
src\utils\audit_logger.py                                      121     16     14      7  82.96%   318-321, 354, 388->391, 391->397, 397->400, 401, 404, 426-452
src\telegram_bot\handlers\commands.py                           68     10     26      6  82.98%   36, 74, 100, 110-112, 130, 146, 183, 209
src\utils\sentry_breadcrumbs.py                                 85      9     42     10  83.46%   52->54, 107->109, 209, 215->217, 219->222, 261, 303, 332, 338->341, 364, 373-380
src\telegram_bot\handlers\price_alerts_handler.py              162     16     50     18  83.96%   93, 135, 139, 142, 224, 228, 259, 295, 360, 364, 367, 391->394, 414->417, 433, 437, 440, 483, 485
src\analytics\backtester.py                                    210     18     72     21  85.46%   91->exit, 132, 139, 251, 261, 265, 287, 351, 361->380, 370->374, 375->380, 386->347, 392, 409-412, 463, 479, 550, 579, 584->583, 591, 596
src\dmarket\portfolio_manager.py                               332     33    102     16  86.87%   269->272, 313->311, 319->317, 325->323, 388, 395, 421-423, 436, 452-454, 466-469, 487-489, 586-589, 599-602, 643, 647, 725-727, 744, 763-790, 886->894
src\telegram_bot\handlers\liquidity_settings_handler.py        127      7     52     16  87.15%   55, 199->exit, 219, 245->exit, 265, 268->271, 284->exit, 300, 303->306, 320->exit, 336, 339->342, 355->exit, 371, 422->exit, 452
src\telegram_bot\webhook_handler.py                            191     15     46     15  87.34%   101->104, 124->127, 127->130, 146->151, 167->170, 204->207, 303->311, 315-316, 318, 347->349, 356-357, 361->exit, 366->exit, 385, 388->366, 391, 394-395, 402-403, 410-411, 422-423
src\dmarket\backtester.py                                      341     30    106     18  87.47%   150-151, 270, 367, 455, 466, 538, 546, 559-561, 569-582, 668, 670, 780->779, 786, 794->793, 931->929, 1034, 1068->1067, 1073, 1079, 1101-1110
src\telegram_bot\handlers\target_handler.py                     92      9     30      6  87.70%   135, 150-154, 220, 254, 264-273, 301, 302->exit
src\containers.py                                               67      8      8      1  88.00%   157, 227, 262-263, 279-280, 285-286
src\telegram_bot\commands\basic_commands.py                     26      2      8      2  88.24%   23, 45
src\telegram_bot\handlers\settings_handlers.py                 169     11     54     14  88.79%   90, 94, 128, 149, 156, 195, 236, 268, 307, 328->338, 357->exit, 383, 391->395, 403, 427->exit
src\dmarket\liquidity_analyzer.py                              162     14     46      9  88.94%   177-184, 246-247, 289-298, 347->339, 354, 377->375, 381, 387, 530, 534
src\utils\health_monitor.py                                    179     16     44      8  89.24%   194, 263, 277-281, 323-333, 384->395, 409->406, 411-412, 431->440, 444->exit, 450-452
src\telegram_bot\handlers\scanner_handler.py                   183     16     58      7  89.63%   83, 86-89, 102-103, 206->exit, 445-457, 505, 518->522
src\telegram_bot\dependencies.py                                87      8     26      1  90.27%   189-194, 248-249
src\utils\discord_notifier.py                                  103      5     24      7  90.55%   96, 99, 198->202, 226->235, 237, 325, 333
src\telegram_bot\keyboards\filters.py                           70      3     30      4  91.00%   75->74, 130-141, 255->264, 272->276
src\telegram_bot\handlers\dmarket_status.py                     69      3     20      4  92.13%   37, 51, 98, 104->111
src\telegram_bot\notifications\storage.py                       83      7     10      0  92.47%   58, 89-91, 145, 154-155
src\portfolio\models.py                                        156      7     24      6  92.78%   94, 274->273, 291, 307->306, 318, 367, 384-394
src\dmarket\models\market_models.py                            257     17      6      0  93.54%   183-184, 194-195, 208, 291-292, 299-300, 338-339, 365-366, 474-475, 496, 544
src\dmarket\smart_market_finder.py                             297     14     96     11  93.64%   147, 222, 230->219, 241, 277-279, 325, 353, 474, 526, 550, 761-762, 800
src\dmarket\arbitrage\search.py                                119      4     48      6  94.01%   197->203, 278-280, 340->327, 405->409, 412->416, 416->421, 423
src\utils\json_utils.py                                         29      1     10      1  94.87%   82
src\telegram_bot\handlers\error_handlers.py                     29      2     12      0  95.12%   78-79
src\utils\performance.py                                        76      1     20      3  95.83%   43->exit, 110, 113->exit
src\utils\websocket_client.py                                  176      4     54      5  96.09%   71->75, 86->90, 134->122, 198->exit, 207, 214, 316-317
src\utils\memory_cache.py                                      135      4     20      1  96.77%   64, 73-74, 84
src\analytics\__init__.py                                        3      0      0      0 100.00%
src\dmarket\__init__.py                                          4      0      0      0 100.00%
src\dmarket\arbitrage\__init__.py                                8      0      0      0 100.00%
src\dmarket\arbitrage\constants.py                              68      0      0      0 100.00%
src\dmarket\arbitrage\core.py                                  131      0     46      0 100.00%
src\dmarket\filters\__init__.py                                  1      0      0      0 100.00%
src\dmarket\game_filters.py                                      2      0      0      0 100.00%
src\dmarket\liquidity_rules.py                                  27      0      8      0 100.00%
src\dmarket\models\__init__.py                                   1      0      0      0 100.00%
src\dmarket\scanner\__init__.py                                  4      0      0      0 100.00%
src\dmarket\scanner\levels.py                                   20      0      2      0 100.00%
src\dmarket\targets\__init__.py                                  4      0      0      0 100.00%
src\interfaces.py                                                2      0      0      0 100.00%
src\models\__init__.py                                           6      0      0      0 100.00%
src\models\alert.py                                             21      0      0      0 100.00%
src\models\log.py                                               22      0      0      0 100.00%
src\models\market.py                                            29      0      0      0 100.00%
src\models\target.py                                            50      0      0      0 100.00%
src\models\user.py                                              40      0      0      0 100.00%
src\portfolio\__init__.py                                        4      0      0      0 100.00%
src\telegram_bot\commands\__init__.py                            1      0      0      0 100.00%
src\telegram_bot\constants.py                                   18      0      0      0 100.00%
src\telegram_bot\keyboards\__init__.py                           8      0      0      0 100.00%
src\telegram_bot\localization.py                                 1      0      0      0 100.00%
src\telegram_bot\notifications\__init__.py                       9      0      0      0 100.00%
src\telegram_bot\notifications\constants.py                      7      0      0      0 100.00%
src\telegram_bot\notifier.py                                     6      0      0      0 100.00%
src\utils\api_circuit_breaker.py                                13      0      0      0 100.00%
src\utils\retry_decorator.py                                    10      0      0      0 100.00%
---------------------------------------------------------------------------------------------------------
TOTAL                                                        22339   9729   6970    953  53.35%

5 empty files skipped.
Coverage HTML written to dir htmlcov
Coverage XML written to file coverage.xml
Coverage JSON written to file coverage.json
============================ slowest 10 durations =============================
60.01s call     tests/utils/test_rate_limiter.py::TestHandle429::test_handle_429_max_wait_time
4.66s call     tests/property_based/test_arbitrage_properties.py::TestProfitCalculation::test_profit_is_deterministic
3.78s call     tests/utils/test_analytics_extended.py::test_multiple_charts_generation_performance
3.31s call     tests/integration/test_arbitrage_edge_cases.py::TestArbitrageScannerEdgeCases::test_scan_all_levels_with_api_errors
3.02s call     tests/utils/test_rate_limiter.py::TestHandle429::test_handle_429_exponential_backoff
3.01s call     tests/telegram_bot/test_webhook_handler.py::TestWebhookFailover::test_switch_to_polling_on_failure
2.52s call     tests/utils/test_memory_cache.py::TestTTLCacheTTLBehavior::test_refresh_ttl_on_get
2.31s call     tests/integration/test_arbitrage_edge_cases.py::TestArbitrageScannerPerformance::test_scan_multiple_pages_performance
2.28s call     tests/integration/test_api_with_httpx_mock.py::TestDMarketAPIEdgeCasesHTTPX::test_rate_limit_with_multiple_retries
1.78s call     tests/utils/test_analytics_extended.py::test_chart_generation_performance
=========================== short test summary info ===========================
FAILED tests/telegram_bot/handlers/test_market_analysis_handler.py::test_show_trending_items_results
FAILED tests/telegram_bot/handlers/test_market_analysis_handler.py::test_handle_pagination_analysis_prev_page
FAILED tests/telegram_bot/test_constants_and_basic_commands.py::test_env_path_defined
FAILED tests/telegram_bot/test_constants_and_basic_commands.py::test_user_profiles_file_defined
FAILED tests/telegram_bot/test_constants_and_basic_commands.py::test_arbitrage_modes_defined
FAILED tests/telegram_bot/test_intramarket_handler.py::TestHandleIntramarketCallback::test_handle_anomaly_callback
FAILED tests/telegram_bot/test_intramarket_handler.py::TestHandleIntramarketCallback::test_handle_trend_callback
FAILED tests/telegram_bot/test_intramarket_handler.py::TestHandleIntramarketCallback::test_handle_rare_callback
FAILED tests/telegram_bot/test_notifier.py::test_check_all_alerts_daily_limit_reached
FAILED tests/telegram_bot/test_notifier.py::test_check_all_alerts_exception_handling
FAILED tests/telegram_bot/test_notifier_alerts.py::test_check_all_alerts_with_triggered_alert
FAILED tests/telegram_bot/test_pagination.py::test_get_pagination_keyboard - ...
FAILED tests/test_crash_notif.py::TestCrashNotifications::test_send_crash_notification_basic
FAILED tests/test_crash_notif.py::TestCrashNotifications::test_send_crash_notification_with_long_traceback
FAILED tests/test_crash_notif.py::TestCrashNotifications::test_send_crash_notification_without_queue
FAILED tests/test_crash_notif.py::TestCrashNotifications::test_crash_notification_formatting
FAILED tests/test_crash_notif.py::TestCrashNotifications::test_crash_notification_priorities
FAILED tests/test_crash_notifications.py::TestCrashNotifications::test_send_crash_notification_basic
FAILED tests/test_crash_notifications.py::TestCrashNotifications::test_send_crash_notification_with_long_traceback
FAILED tests/test_crash_notifications.py::TestCrashNotifications::test_send_crash_notification_without_queue
FAILED tests/test_crash_notifications.py::TestCrashNotifications::test_crash_notification_formatting
FAILED tests/test_crash_notifications.py::TestCrashNotifications::test_crash_notification_priorities
FAILED tests/test_crash_notifications_simple.py::TestCrashNotifications::test_send_crash_notification_basic
FAILED tests/test_crash_notifications_simple.py::TestCrashNotifications::test_send_crash_notification_with_long_traceback
FAILED tests/test_crash_notifications_simple.py::TestCrashNotifications::test_send_crash_notification_without_queue
FAILED tests/test_crash_notifications_simple.py::TestCrashNotifications::test_crash_notification_formatting
FAILED tests/test_crash_notifications_simple.py::TestCrashNotifications::test_crash_notification_priorities
FAILED tests/test_keyboards.py::test_get_arbitrage_keyboard - AssertionError:...
FAILED tests/test_keyboards.py::test_get_game_selection_keyboard - AssertionE...
FAILED tests/test_keyboards.py::test_get_auto_arbitrage_keyboard - AssertionE...
FAILED tests/test_keyboards.py::test_get_back_to_arbitrage_keyboard - Asserti...
FAILED tests/test_keyboards.py::test_get_main_menu_keyboard - AssertionError:...
FAILED tests/test_keyboards.py::test_get_settings_keyboard - AssertionError: ...
FAILED tests/test_keyboards.py::test_get_games_keyboard - assert False
FAILED tests/test_keyboards.py::test_get_pagination_keyboard - TypeError: get...
FAILED tests/test_main.py::TestApplication::test_initialize_sets_all_components_on_success
FAILED tests/test_main.py::TestApplication::test_initialize_with_production_mode_initializes_database
FAILED tests/test_main.py::TestApplication::test_initialize_in_production_mode_tests_api_connection
FAILED tests/test_main.py::TestApplication::test_initialize_continues_when_api_connection_fails
FAILED tests/test_main.py::TestLogging::test_logging_setup_called - TypeError...
FAILED tests/test_targets.py::TestCreateTarget::test_create_target_returns_success_with_valid_data
FAILED tests/test_targets.py::TestCreateTarget::test_create_target_with_attributes_includes_attrs_in_api_call
FAILED tests/test_targets.py::TestCreateTarget::test_create_target_raises_error_when_price_is_too_high
FAILED tests/test_targets.py::TestCreateTarget::test_create_target_raises_error_when_price_has_too_many_decimals
FAILED tests/test_targets.py::TestCreateTarget::test_create_target_game_conversion
FAILED tests/test_targets.py::TestCreateTarget::test_create_target_price_conversion_to_cents
FAILED tests/test_targets.py::TestCreateTarget::test_create_target_api_error
FAILED tests/test_targets.py::TestCreateTarget::test_create_target_invalid_api_response
FAILED tests/test_targets.py::TestGetUserTargets::test_get_user_targets_success
FAILED tests/test_targets.py::TestGetUserTargets::test_get_user_targets_status_filter
FAILED tests/test_targets.py::TestDeleteTarget::test_delete_target_success - ...
FAILED tests/test_targets.py::TestDeleteAllTargets::test_delete_all_targets_without_confirmation
FAILED tests/test_targets.py::TestDeleteAllTargets::test_delete_all_targets_with_confirmation
FAILED tests/test_targets.py::TestDeleteAllTargets::test_delete_all_targets_no_active_targets
FAILED tests/test_targets.py::TestDeleteAllTargets::test_delete_all_targets_partial_failure
FAILED tests/test_targets.py::TestGetTargetsByTitle::test_get_targets_by_title_success
FAILED tests/test_targets.py::TestCreateSmartTargets::test_create_smart_targets_success
FAILED tests/test_targets.py::TestCreateSmartTargets::test_create_smart_targets_multiple_items
FAILED tests/test_targets.py::TestCreateSmartTargets::test_create_smart_targets_max_limit
FAILED tests/test_targets.py::TestCreateSmartTargets::test_create_smart_targets_item_not_found
FAILED tests/test_targets.py::TestCreateSmartTargets::test_create_smart_targets_minimum_price
FAILED tests/test_targets.py::TestCreateSmartTargets::test_create_smart_targets_with_attributes
FAILED tests/test_targets.py::TestCreateSmartTargets::test_create_smart_targets_skip_invalid_items
FAILED tests/test_targets.py::TestGetClosedTargets::test_get_closed_targets_success
FAILED tests/test_targets.py::TestGetClosedTargets::test_get_closed_targets_with_status_filter
FAILED tests/test_targets.py::TestGetTargetStatistics::test_get_target_statistics_success
FAILED tests/test_targets.py::TestGetTargetStatistics::test_get_target_statistics_no_closed_targets
FAILED tests/test_targets.py::TestGetTargetStatistics::test_get_target_statistics_partial_success
FAILED tests/test_targets.py::TestTargetManagerIntegration::test_full_target_workflow
FAILED tests/test_targets.py::TestTargetManagerIntegration::test_smart_targets_workflow
FAILED tests/test_targets.py::TestTargetManagerEdgeCases::test_concurrent_target_creation
FAILED tests/test_targets.py::TestTargetManagerEdgeCases::test_extremely_high_price
FAILED tests/test_targets.py::TestTargetManagerEdgeCases::test_extremely_low_price
================= 73 failed, 2517 passed in 231.08s (0:03:51) =================
