{"meta": {"format": 3, "version": "7.11.3", "timestamp": "2025-11-16T12:32:42.524369", "branch_coverage": true, "show_contexts": false}, "files": {"src/__init__.py": {"executed_lines": [1, 5], "summary": {"covered_lines": 1, "num_statements": 1, "percent_covered": 100.0, "percent_covered_display": "100.00", "missing_lines": 0, "excluded_lines": 0, "num_branches": 0, "num_partial_branches": 0, "covered_branches": 0, "missing_branches": 0}, "missing_lines": [], "excluded_lines": [], "executed_branches": [], "missing_branches": [], "functions": {"": {"executed_lines": [1, 5], "summary": {"covered_lines": 1, "num_statements": 1, "percent_covered": 100.0, "percent_covered_display": "100.00", "missing_lines": 0, "excluded_lines": 0, "num_branches": 0, "num_partial_branches": 0, "covered_branches": 0, "missing_branches": 0}, "missing_lines": [], "excluded_lines": [], "executed_branches": [], "missing_branches": []}}, "classes": {"": {"executed_lines": [1, 5], "summary": {"covered_lines": 1, "num_statements": 1, "percent_covered": 100.0, "percent_covered_display": "100.00", "missing_lines": 0, "excluded_lines": 0, "num_branches": 0, "num_partial_branches": 0, "covered_branches": 0, "missing_branches": 0}, "missing_lines": [], "excluded_lines": [], "executed_branches": [], "missing_branches": []}}}, "src/dmarket/__init__.py": {"executed_lines": [1, 3, 6, 8, 9, 12, 14, 18], "summary": {"covered_lines": 7, "num_statements": 11, "percent_covered": 63.63636363636363, "percent_covered_display": "63.64", "missing_lines": 4, "excluded_lines": 0, "num_branches": 0, "num_partial_branches": 0, "covered_branches": 0, "missing_branches": 0}, "missing_lines": [36, 85, 90, 97], "excluded_lines": [], "executed_branches": [], "missing_branches": [], "functions": {"find_arbitrage_opportunities": {"executed_lines": [], "summary": {"covered_lines": 0, "num_statements": 4, "percent_covered": 0.0, "percent_covered_display": "0.00", "missing_lines": 4, "excluded_lines": 0, "num_branches": 0, "num_partial_branches": 0, "covered_branches": 0, "missing_branches": 0}, "missing_lines": [36, 85, 90, 97], "excluded_lines": [], "executed_branches": [], "missing_branches": []}, "": {"executed_lines": [1, 3, 6, 8, 9, 12, 14, 18], "summary": {"covered_lines": 7, "num_statements": 7, "percent_covered": 100.0, "percent_covered_display": "100.00", "missing_lines": 0, "excluded_lines": 0, "num_branches": 0, "num_partial_branches": 0, "covered_branches": 0, "missing_branches": 0}, "missing_lines": [], "excluded_lines": [], "executed_branches": [], "missing_branches": []}}, "classes": {"": {"executed_lines": [1, 3, 6, 8, 9, 12, 14, 18], "summary": {"covered_lines": 7, "num_statements": 11, "percent_covered": 63.63636363636363, "percent_covered_display": "63.64", "missing_lines": 4, "excluded_lines": 0, "num_branches": 0, "num_partial_branches": 0, "covered_branches": 0, "missing_branches": 0}, "missing_lines": [36, 85, 90, 97], "excluded_lines": [], "executed_branches": [], "missing_branches": []}}}, "src/dmarket/arbitrage.py": {"executed_lines": [1, 3, 4, 5, 6, 7, 8, 9, 11, 15, 18, 21, 29, 30, 31, 34, 35, 40, 44, 47, 56, 65, 77, 78, 80, 81, 84, 85, 87, 90, 101, 102, 105, 125, 126, 127, 128, 130, 131, 132, 141, 143, 144, 147, 148, 155, 156, 157, 158, 161, 182, 190, 191, 192, 193, 195, 197, 204, 205, 207, 211, 212, 215, 216, 217, 219, 220, 221, 224, 225, 228, 229, 230, 231, 232, 233, 234, 236, 237, 238, 239, 240, 243, 244, 247, 248, 262, 263, 264, 267, 278, 280, 283, 303, 306, 326, 329, 353, 359, 361, 362, 365, 371, 393, 401, 402, 406, 408, 415, 416, 417, 419, 463, 464, 467, 470, 477, 480, 486, 502, 503, 505, 527, 528, 529, 535, 546, 547, 548, 549, 552, 553, 554, 555, 558, 559, 560, 562, 589, 598, 628, 650, 674, 695, 696, 703, 798, 799, 802, 804, 919, 963, 976, 1065, 1074, 1086, 1087, 1089, 1090, 1092, 1097, 1128, 1175, 1240, 1295, 1317, 1318, 1325, 1326, 1333, 1343, 1352, 1353, 1367, 1370, 1396, 1397, 1400, 1405, 1406, 1407, 1408, 1411, 1417, 1431, 1434, 1435, 1436, 1437, 1440, 1441, 1443, 1449, 1450, 1451, 1455, 1457, 1465, 1472, 1475, 1478, 1479, 1481, 1557, 1560, 1561, 1567, 1568, 1571, 1573, 1581, 1651, 1663, 1664, 1675, 1686, 1695, 1696, 1699, 1711, 1713, 1723], "summary": {"covered_lines": 220, "num_statements": 552, "percent_covered": 35.958005249343834, "percent_covered_display": "35.96", "missing_lines": 332, "excluded_lines": 0, "num_branches": 210, "num_partial_branches": 18, "covered_branches": 54, "missing_branches": 156}, "missing_lines": [134, 222, 349, 355, 356, 367, 368, 403, 404, 422, 423, 426, 429, 430, 431, 432, 433, 434, 435, 437, 438, 439, 440, 441, 444, 445, 448, 449, 481, 482, 483, 492, 493, 569, 570, 571, 573, 574, 575, 577, 580, 581, 582, 584, 585, 586, 587, 591, 593, 594, 595, 596, 609, 612, 613, 617, 620, 621, 624, 626, 630, 631, 632, 635, 637, 638, 641, 643, 644, 648, 657, 660, 661, 664, 667, 668, 669, 670, 672, 704, 711, 714, 716, 717, 721, 723, 724, 726, 727, 729, 732, 735, 736, 741, 742, 749, 751, 754, 755, 756, 757, 758, 759, 760, 762, 763, 764, 765, 766, 768, 769, 772, 773, 786, 787, 790, 793, 818, 827, 829, 830, 831, 834, 835, 836, 837, 840, 841, 844, 847, 848, 854, 855, 856, 858, 859, 862, 863, 864, 867, 870, 873, 876, 877, 883, 884, 885, 887, 889, 890, 893, 894, 897, 906, 909, 911, 913, 914, 915, 916, 917, 936, 937, 940, 941, 942, 945, 946, 947, 950, 958, 970, 971, 973, 974, 990, 991, 993, 994, 995, 998, 999, 1000, 1003, 1004, 1007, 1018, 1019, 1024, 1025, 1028, 1030, 1034, 1035, 1037, 1038, 1040, 1042, 1043, 1045, 1048, 1049, 1051, 1055, 1058, 1060, 1061, 1063, 1072, 1105, 1110, 1111, 1113, 1143, 1145, 1146, 1155, 1156, 1159, 1162, 1163, 1165, 1171, 1172, 1173, 1192, 1194, 1196, 1197, 1213, 1214, 1223, 1224, 1225, 1232, 1236, 1237, 1238, 1257, 1259, 1261, 1262, 1274, 1275, 1283, 1288, 1289, 1292, 1334, 1354, 1356, 1363, 1365, 1401, 1402, 1412, 1415, 1424, 1428, 1452, 1453, 1466, 1470, 1483, 1484, 1486, 1489, 1492, 1493, 1496, 1497, 1498, 1501, 1509, 1510, 1513, 1514, 1515, 1516, 1519, 1520, 1538, 1539, 1542, 1543, 1545, 1546, 1549, 1550, 1554, 1575, 1576, 1577, 1578, 1600, 1603, 1612, 1613, 1614, 1616, 1619, 1620, 1621, 1622, 1624, 1627, 1628, 1629, 1630, 1632, 1635, 1636, 1637, 1638, 1639, 1640, 1642, 1645, 1648, 1666, 1669, 1670, 1672, 1688, 1692, 1693, 1714, 1715, 1716, 1718, 1719, 1721], "excluded_lines": [], "executed_branches": [[77, 78], [77, 80], [84, 85], [84, 87], [125, 126], [125, 141], [130, 131], [191, 192], [191, 195], [204, 205], [204, 267], [211, 212], [211, 215], [216, 217], [216, 225], [219, 220], [219, 221], [221, 224], [229, 230], [229, 236], [231, 232], [231, 233], [233, 234], [237, 238], [237, 239], [239, 240], [239, 243], [247, 204], [247, 248], [402, 406], [416, 417], [416, 470], [1086, 1087], [1089, 1090], [1317, 1318], [1317, 1325], [1325, 1326], [1325, 1333], [1333, 1343], [1353, 1367], [1400, 1405], [1405, 1406], [1405, 1407], [1407, 1408], [1411, 1417], [1417, 1431], [1434, 1435], [1434, 1440], [1451, 1455], [1465, 1472], [1481, 1557], [1663, 1664], [1686, 1695], [1713, 1723]], "missing_branches": [[130, 134], [221, 222], [233, 236], [402, 403], [422, 423], [422, 426], [430, 431], [430, 437], [432, 433], [432, 434], [434, 435], [434, 437], [438, 439], [438, 440], [440, 441], [440, 444], [448, 416], [448, 449], [573, 574], [573, 577], [580, 581], [580, 584], [593, -589], [593, 594], [612, 613], [612, 620], [620, 621], [620, 626], [635, 637], [635, 641], [641, -628], [641, 643], [660, 661], [660, 667], [667, 668], [667, 672], [716, 717], [716, 723], [726, 727], [726, 793], [741, 742], [741, 749], [749, 751], [749, 754], [755, 756], [755, 762], [757, 758], [757, 759], [759, 760], [759, 762], [763, 764], [763, 765], [765, 766], [765, 768], [772, 726], [772, 773], [829, 830], [829, 834], [835, 836], [835, 840], [840, 841], [840, 847], [854, 855], [854, 862], [863, 864], [863, 870], [883, 884], [883, 893], [936, 937], [936, 940], [941, 942], [941, 945], [970, 971], [970, 973], [990, -976], [990, 991], [993, 994], [993, 998], [999, 1000], [999, 1007], [1018, 1019], [1018, 1055], [1028, 1030], [1028, 1040], [1030, 1028], [1030, 1034], [1037, 1028], [1037, 1038], [1040, 1042], [1040, 1051], [1042, 1043], [1042, 1058], [1048, 1042], [1048, 1049], [1086, 1089], [1089, 1092], [1155, 1156], [1155, 1159], [1213, 1214], [1213, 1223], [1223, 1224], [1223, 1232], [1274, 1275], [1274, 1283], [1333, 1334], [1353, 1354], [1354, 1356], [1354, 1365], [1400, 1401], [1407, 1411], [1411, 1412], [1417, 1424], [1451, 1452], [1465, 1466], [1481, 1483], [1483, 1484], [1483, 1486], [1509, 1481], [1509, 1510], [1519, 1509], [1519, 1520], [1538, 1539], [1538, 1542], [1545, 1546], [1545, 1549], [1549, 1550], [1549, 1554], [1603, 1612], [1603, 1613], [1613, 1614], [1613, 1616], [1619, 1620], [1619, 1621], [1621, 1622], [1621, 1624], [1627, 1628], [1627, 1629], [1629, 1630], [1629, 1632], [1635, 1636], [1635, 1637], [1637, 1638], [1637, 1639], [1639, 1640], [1639, 1642], [1663, 1666], [1669, 1670], [1669, 1672], [1686, 1688], [1692, 1693], [1692, 1695], [1713, 1714], [1715, 1716], [1715, 1718], [1718, 1719], [1718, 1721]], "functions": {"_get_cached_results": {"executed_lines": [77, 78, 80, 81, 84, 85, 87], "summary": {"covered_lines": 7, "num_statements": 7, "percent_covered": 100.0, "percent_covered_display": "100.00", "missing_lines": 0, "excluded_lines": 0, "num_branches": 4, "num_partial_branches": 0, "covered_branches": 4, "missing_branches": 0}, "missing_lines": [], "excluded_lines": [], "executed_branches": [[77, 78], [77, 80], [84, 85], [84, 87]], "missing_branches": []}, "_save_to_cache": {"executed_lines": [101, 102], "summary": {"covered_lines": 2, "num_statements": 2, "percent_covered": 100.0, "percent_covered_display": "100.00", "missing_lines": 0, "excluded_lines": 0, "num_branches": 0, "num_partial_branches": 0, "covered_branches": 0, "missing_branches": 0}, "missing_lines": [], "excluded_lines": [], "executed_branches": [], "missing_branches": []}, "fetch_market_items": {"executed_lines": [125, 126, 127, 128, 130, 131, 132, 141, 143, 144, 147, 148, 155, 156, 157, 158], "summary": {"covered_lines": 16, "num_statements": 17, "percent_covered": 90.47619047619048, "percent_covered_display": "90.48", "missing_lines": 1, "excluded_lines": 0, "num_branches": 4, "num_partial_branches": 1, "covered_branches": 3, "missing_branches": 1}, "missing_lines": [134], "excluded_lines": [], "executed_branches": [[125, 126], [125, 141], [130, 131]], "missing_branches": [[130, 134]]}, "_find_arbitrage_async": {"executed_lines": [182, 190, 191, 192, 193, 195, 197, 204, 205, 207, 211, 212, 215, 216, 217, 219, 220, 221, 224, 225, 228, 229, 230, 231, 232, 233, 234, 236, 237, 238, 239, 240, 243, 244, 247, 248, 262, 263, 264, 267, 278, 280], "summary": {"covered_lines": 42, "num_statements": 43, "percent_covered": 95.5223880597015, "percent_covered_display": "95.52", "missing_lines": 1, "excluded_lines": 0, "num_branches": 24, "num_partial_branches": 2, "covered_branches": 22, "missing_branches": 2}, "missing_lines": [222], "excluded_lines": [], "executed_branches": [[191, 192], [191, 195], [204, 205], [204, 267], [211, 212], [211, 215], [216, 217], [216, 225], [219, 220], [219, 221], [221, 224], [229, 230], [229, 236], [231, 232], [231, 233], [233, 234], [237, 238], [237, 239], [239, 240], [239, 243], [247, 204], [247, 248]], "missing_branches": [[221, 222], [233, 236]]}, "arbitrage_boost_async": {"executed_lines": [303], "summary": {"covered_lines": 1, "num_statements": 1, "percent_covered": 100.0, "percent_covered_display": "100.00", "missing_lines": 0, "excluded_lines": 0, "num_branches": 0, "num_partial_branches": 0, "covered_branches": 0, "missing_branches": 0}, "missing_lines": [], "excluded_lines": [], "executed_branches": [], "missing_branches": []}, "arbitrage_mid_async": {"executed_lines": [326], "summary": {"covered_lines": 1, "num_statements": 1, "percent_covered": 100.0, "percent_covered_display": "100.00", "missing_lines": 0, "excluded_lines": 0, "num_branches": 0, "num_partial_branches": 0, "covered_branches": 0, "missing_branches": 0}, "missing_lines": [], "excluded_lines": [], "executed_branches": [], "missing_branches": []}, "arbitrage_pro_async": {"executed_lines": [], "summary": {"covered_lines": 0, "num_statements": 1, "percent_covered": 0.0, "percent_covered_display": "0.00", "missing_lines": 1, "excluded_lines": 0, "num_branches": 0, "num_partial_branches": 0, "covered_branches": 0, "missing_branches": 0}, "missing_lines": [349], "excluded_lines": [], "executed_branches": [], "missing_branches": []}, "arbitrage_boost": {"executed_lines": [], "summary": {"covered_lines": 0, "num_statements": 2, "percent_covered": 0.0, "percent_covered_display": "0.00", "missing_lines": 2, "excluded_lines": 0, "num_branches": 0, "num_partial_branches": 0, "covered_branches": 0, "missing_branches": 0}, "missing_lines": [355, 356], "excluded_lines": [], "executed_branches": [], "missing_branches": []}, "arbitrage_mid": {"executed_lines": [361, 362], "summary": {"covered_lines": 2, "num_statements": 2, "percent_covered": 100.0, "percent_covered_display": "100.00", "missing_lines": 0, "excluded_lines": 0, "num_branches": 0, "num_partial_branches": 0, "covered_branches": 0, "missing_branches": 0}, "missing_lines": [], "excluded_lines": [], "executed_branches": [], "missing_branches": []}, "arbitrage_pro": {"executed_lines": [], "summary": {"covered_lines": 0, "num_statements": 2, "percent_covered": 0.0, "percent_covered_display": "0.00", "missing_lines": 2, "excluded_lines": 0, "num_branches": 0, "num_partial_branches": 0, "covered_branches": 0, "missing_branches": 0}, "missing_lines": [367, 368], "excluded_lines": [], "executed_branches": [], "missing_branches": []}, "find_arbitrage_opportunities_async": {"executed_lines": [393, 401, 402, 406, 408, 415, 416, 417, 419, 463, 464, 467, 470, 477, 480], "summary": {"covered_lines": 15, "num_statements": 39, "percent_covered": 31.57894736842105, "percent_covered_display": "31.58", "missing_lines": 24, "excluded_lines": 0, "num_branches": 18, "num_partial_branches": 1, "covered_branches": 3, "missing_branches": 15}, "missing_lines": [403, 404, 422, 423, 426, 429, 430, 431, 432, 433, 434, 435, 437, 438, 439, 440, 441, 444, 445, 448, 449, 481, 482, 483], "excluded_lines": [], "executed_branches": [[402, 406], [416, 417], [416, 470]], "missing_branches": [[402, 403], [422, 423], [422, 426], [430, 431], [430, 437], [432, 433], [432, 434], [434, 435], [434, 437], [438, 439], [438, 440], [440, 441], [440, 444], [448, 416], [448, 449]]}, "find_arbitrage_opportunities": {"executed_lines": [], "summary": {"covered_lines": 0, "num_statements": 2, "percent_covered": 0.0, "percent_covered_display": "0.00", "missing_lines": 2, "excluded_lines": 0, "num_branches": 0, "num_partial_branches": 0, "covered_branches": 0, "missing_branches": 0}, "missing_lines": [492, 493], "excluded_lines": [], "executed_branches": [], "missing_branches": []}, "ArbitrageTrader.__init__": {"executed_lines": [527, 528, 529, 535, 546, 547, 548, 549, 552, 553, 554, 555, 558, 559, 560], "summary": {"covered_lines": 15, "num_statements": 15, "percent_covered": 100.0, "percent_covered_display": "100.00", "missing_lines": 0, "excluded_lines": 0, "num_branches": 0, "num_partial_branches": 0, "covered_branches": 0, "missing_branches": 0}, "missing_lines": [], "excluded_lines": [], "executed_branches": [], "missing_branches": []}, "ArbitrageTrader.check_balance": {"executed_lines": [], "summary": {"covered_lines": 0, "num_statements": 14, "percent_covered": 0.0, "percent_covered_display": "0.00", "missing_lines": 14, "excluded_lines": 0, "num_branches": 4, "num_partial_branches": 0, "covered_branches": 0, "missing_branches": 4}, "missing_lines": [569, 570, 571, 573, 574, 575, 577, 580, 581, 582, 584, 585, 586, 587], "excluded_lines": [], "executed_branches": [], "missing_branches": [[573, 574], [573, 577], [580, 581], [580, 584]]}, "ArbitrageTrader._reset_daily_limits": {"executed_lines": [], "summary": {"covered_lines": 0, "num_statements": 5, "percent_covered": 0.0, "percent_covered_display": "0.00", "missing_lines": 5, "excluded_lines": 0, "num_branches": 2, "num_partial_branches": 0, "covered_branches": 0, "missing_branches": 2}, "missing_lines": [591, 593, 594, 595, 596], "excluded_lines": [], "executed_branches": [], "missing_branches": [[593, -589], [593, 594]]}, "ArbitrageTrader._check_trading_limits": {"executed_lines": [], "summary": {"covered_lines": 0, "num_statements": 8, "percent_covered": 0.0, "percent_covered_display": "0.00", "missing_lines": 8, "excluded_lines": 0, "num_branches": 4, "num_partial_branches": 0, "covered_branches": 0, "missing_branches": 4}, "missing_lines": [609, 612, 613, 617, 620, 621, 624, 626], "excluded_lines": [], "executed_branches": [], "missing_branches": [[612, 613], [612, 620], [620, 621], [620, 626]]}, "ArbitrageTrader._handle_trading_error": {"executed_lines": [], "summary": {"covered_lines": 0, "num_statements": 10, "percent_covered": 0.0, "percent_covered_display": "0.00", "missing_lines": 10, "excluded_lines": 0, "num_branches": 4, "num_partial_branches": 0, "covered_branches": 0, "missing_branches": 4}, "missing_lines": [630, 631, 632, 635, 637, 638, 641, 643, 644, 648], "excluded_lines": [], "executed_branches": [], "missing_branches": [[635, 637], [635, 641], [641, -628], [641, 643]]}, "ArbitrageTrader._can_trade_now": {"executed_lines": [], "summary": {"covered_lines": 0, "num_statements": 9, "percent_covered": 0.0, "percent_covered_display": "0.00", "missing_lines": 9, "excluded_lines": 0, "num_branches": 4, "num_partial_branches": 0, "covered_branches": 0, "missing_branches": 4}, "missing_lines": [657, 660, 661, 664, 667, 668, 669, 670, 672], "excluded_lines": [], "executed_branches": [], "missing_branches": [[660, 661], [660, 667], [667, 668], [667, 672]]}, "ArbitrageTrader.find_profitable_items": {"executed_lines": [695, 696, 703, 798, 799, 802], "summary": {"covered_lines": 6, "num_statements": 44, "percent_covered": 9.375, "percent_covered_display": "9.38", "missing_lines": 38, "excluded_lines": 0, "num_branches": 20, "num_partial_branches": 0, "covered_branches": 0, "missing_branches": 20}, "missing_lines": [704, 711, 714, 716, 717, 721, 723, 724, 726, 727, 729, 732, 735, 736, 741, 742, 749, 751, 754, 755, 756, 757, 758, 759, 760, 762, 763, 764, 765, 766, 768, 769, 772, 773, 786, 787, 790, 793], "excluded_lines": [], "executed_branches": [], "missing_branches": [[716, 717], [716, 723], [726, 727], [726, 793], [741, 742], [741, 749], [749, 751], [749, 754], [755, 756], [755, 762], [757, 758], [757, 759], [759, 760], [759, 762], [763, 764], [763, 765], [765, 766], [765, 768], [772, 726], [772, 773]]}, "ArbitrageTrader.execute_arbitrage_trade": {"executed_lines": [], "summary": {"covered_lines": 0, "num_statements": 44, "percent_covered": 0.0, "percent_covered_display": "0.00", "missing_lines": 44, "excluded_lines": 0, "num_branches": 12, "num_partial_branches": 0, "covered_branches": 0, "missing_branches": 12}, "missing_lines": [818, 827, 829, 830, 831, 834, 835, 836, 837, 840, 841, 844, 847, 848, 854, 855, 856, 858, 859, 862, 863, 864, 867, 870, 873, 876, 877, 883, 884, 885, 887, 889, 890, 893, 894, 897, 906, 909, 911, 913, 914, 915, 916, 917], "excluded_lines": [], "executed_branches": [], "missing_branches": [[829, 830], [829, 834], [835, 836], [835, 840], [840, 841], [840, 847], [854, 855], [854, 862], [863, 864], [863, 870], [883, 884], [883, 893]]}, "ArbitrageTrader.start_auto_trading": {"executed_lines": [], "summary": {"covered_lines": 0, "num_statements": 10, "percent_covered": 0.0, "percent_covered_display": "0.00", "missing_lines": 10, "excluded_lines": 0, "num_branches": 4, "num_partial_branches": 0, "covered_branches": 0, "missing_branches": 4}, "missing_lines": [936, 937, 940, 941, 942, 945, 946, 947, 950, 958], "excluded_lines": [], "executed_branches": [], "missing_branches": [[936, 937], [936, 940], [941, 942], [941, 945]]}, "ArbitrageTrader.stop_auto_trading": {"executed_lines": [], "summary": {"covered_lines": 0, "num_statements": 4, "percent_covered": 0.0, "percent_covered_display": "0.00", "missing_lines": 4, "excluded_lines": 0, "num_branches": 2, "num_partial_branches": 0, "covered_branches": 0, "missing_branches": 2}, "missing_lines": [970, 971, 973, 974], "excluded_lines": [], "executed_branches": [], "missing_branches": [[970, 971], [970, 973]]}, "ArbitrageTrader._auto_trading_loop": {"executed_lines": [], "summary": {"covered_lines": 0, "num_statements": 33, "percent_covered": 0.0, "percent_covered_display": "0.00", "missing_lines": 33, "excluded_lines": 0, "num_branches": 20, "num_partial_branches": 0, "covered_branches": 0, "missing_branches": 20}, "missing_lines": [990, 991, 993, 994, 995, 998, 999, 1000, 1003, 1004, 1007, 1018, 1019, 1024, 1025, 1028, 1030, 1034, 1035, 1037, 1038, 1040, 1042, 1043, 1045, 1048, 1049, 1051, 1055, 1058, 1060, 1061, 1063], "excluded_lines": [], "executed_branches": [], "missing_branches": [[990, -976], [990, 991], [993, 994], [993, 998], [999, 1000], [999, 1007], [1018, 1019], [1018, 1055], [1028, 1030], [1028, 1040], [1030, 1028], [1030, 1034], [1037, 1028], [1037, 1038], [1040, 1042], [1040, 1051], [1042, 1043], [1042, 1058], [1048, 1042], [1048, 1049]]}, "ArbitrageTrader.get_transaction_history": {"executed_lines": [], "summary": {"covered_lines": 0, "num_statements": 1, "percent_covered": 0.0, "percent_covered_display": "0.00", "missing_lines": 1, "excluded_lines": 0, "num_branches": 0, "num_partial_branches": 0, "covered_branches": 0, "missing_branches": 0}, "missing_lines": [1072], "excluded_lines": [], "executed_branches": [], "missing_branches": []}, "ArbitrageTrader.set_trading_limits": {"executed_lines": [1086, 1087, 1089, 1090, 1092], "summary": {"covered_lines": 5, "num_statements": 5, "percent_covered": 77.77777777777777, "percent_covered_display": "77.78", "missing_lines": 0, "excluded_lines": 0, "num_branches": 4, "num_partial_branches": 2, "covered_branches": 2, "missing_branches": 2}, "missing_lines": [], "excluded_lines": [], "executed_branches": [[1086, 1087], [1089, 1090]], "missing_branches": [[1086, 1089], [1089, 1092]]}, "ArbitrageTrader.get_status": {"executed_lines": [], "summary": {"covered_lines": 0, "num_statements": 4, "percent_covered": 0.0, "percent_covered_display": "0.00", "missing_lines": 4, "excluded_lines": 0, "num_branches": 0, "num_partial_branches": 0, "covered_branches": 0, "missing_branches": 0}, "missing_lines": [1105, 1110, 1111, 1113], "excluded_lines": [], "executed_branches": [], "missing_branches": []}, "ArbitrageTrader.get_current_item_data": {"executed_lines": [], "summary": {"covered_lines": 0, "num_statements": 12, "percent_covered": 0.0, "percent_covered_display": "0.00", "missing_lines": 12, "excluded_lines": 0, "num_branches": 2, "num_partial_branches": 0, "covered_branches": 0, "missing_branches": 2}, "missing_lines": [1143, 1145, 1146, 1155, 1156, 1159, 1162, 1163, 1165, 1171, 1172, 1173], "excluded_lines": [], "executed_branches": [], "missing_branches": [[1155, 1156], [1155, 1159]]}, "ArbitrageTrader.purchase_item": {"executed_lines": [], "summary": {"covered_lines": 0, "num_statements": 13, "percent_covered": 0.0, "percent_covered_display": "0.00", "missing_lines": 13, "excluded_lines": 0, "num_branches": 4, "num_partial_branches": 0, "covered_branches": 0, "missing_branches": 4}, "missing_lines": [1192, 1194, 1196, 1197, 1213, 1214, 1223, 1224, 1225, 1232, 1236, 1237, 1238], "excluded_lines": [], "executed_branches": [], "missing_branches": [[1213, 1214], [1213, 1223], [1223, 1224], [1223, 1232]]}, "ArbitrageTrader.list_item_for_sale": {"executed_lines": [], "summary": {"covered_lines": 0, "num_statements": 10, "percent_covered": 0.0, "percent_covered_display": "0.00", "missing_lines": 10, "excluded_lines": 0, "num_branches": 2, "num_partial_branches": 0, "covered_branches": 0, "missing_branches": 2}, "missing_lines": [1257, 1259, 1261, 1262, 1274, 1275, 1283, 1288, 1289, 1292], "excluded_lines": [], "executed_branches": [], "missing_branches": [[1274, 1275], [1274, 1283]]}, "find_arbitrage_items": {"executed_lines": [1317, 1318, 1325, 1326, 1333, 1343, 1352, 1353, 1367], "summary": {"covered_lines": 9, "num_statements": 14, "percent_covered": 62.5, "percent_covered_display": "62.50", "missing_lines": 5, "excluded_lines": 0, "num_branches": 10, "num_partial_branches": 2, "covered_branches": 6, "missing_branches": 4}, "missing_lines": [1334, 1354, 1356, 1363, 1365], "excluded_lines": [], "executed_branches": [[1317, 1318], [1317, 1325], [1325, 1326], [1325, 1333], [1333, 1343], [1353, 1367]], "missing_branches": [[1333, 1334], [1353, 1354], [1354, 1356], [1354, 1365]]}, "find_arbitrage_opportunities_advanced": {"executed_lines": [1396, 1397, 1400, 1405, 1406, 1407, 1408, 1411, 1417, 1431, 1434, 1435, 1436, 1437, 1440, 1441, 1443, 1449, 1450, 1451, 1455, 1457, 1465, 1472, 1475, 1478, 1479, 1481, 1557, 1560, 1561, 1567, 1568, 1571, 1573], "summary": {"covered_lines": 35, "num_statements": 76, "percent_covered": 43.39622641509434, "percent_covered_display": "43.40", "missing_lines": 41, "excluded_lines": 0, "num_branches": 30, "num_partial_branches": 7, "covered_branches": 11, "missing_branches": 19}, "missing_lines": [1401, 1402, 1412, 1415, 1424, 1428, 1452, 1453, 1466, 1470, 1483, 1484, 1486, 1489, 1492, 1493, 1496, 1497, 1498, 1501, 1509, 1510, 1513, 1514, 1515, 1516, 1519, 1520, 1538, 1539, 1542, 1543, 1545, 1546, 1549, 1550, 1554, 1575, 1576, 1577, 1578], "excluded_lines": [], "executed_branches": [[1400, 1405], [1405, 1406], [1405, 1407], [1407, 1408], [1411, 1417], [1417, 1431], [1434, 1435], [1434, 1440], [1451, 1455], [1465, 1472], [1481, 1557]], "missing_branches": [[1400, 1401], [1407, 1411], [1411, 1412], [1417, 1424], [1451, 1452], [1465, 1466], [1481, 1483], [1483, 1484], [1483, 1486], [1509, 1481], [1509, 1510], [1519, 1509], [1519, 1520], [1538, 1539], [1538, 1542], [1545, 1546], [1545, 1549], [1549, 1550], [1549, 1554]]}, "_calculate_commission": {"executed_lines": [], "summary": {"covered_lines": 0, "num_statements": 25, "percent_covered": 0.0, "percent_covered_display": "0.00", "missing_lines": 25, "excluded_lines": 0, "num_branches": 18, "num_partial_branches": 0, "covered_branches": 0, "missing_branches": 18}, "missing_lines": [1600, 1603, 1612, 1613, 1614, 1616, 1619, 1620, 1621, 1622, 1624, 1627, 1628, 1629, 1630, 1632, 1635, 1636, 1637, 1638, 1639, 1640, 1642, 1645, 1648], "excluded_lines": [], "executed_branches": [], "missing_branches": [[1603, 1612], [1603, 1613], [1613, 1614], [1613, 1616], [1619, 1620], [1619, 1621], [1621, 1622], [1621, 1624], [1627, 1628], [1627, 1629], [1629, 1630], [1629, 1632], [1635, 1636], [1635, 1637], [1637, 1638], [1637, 1639], [1639, 1640], [1639, 1642]]}, "_get_arbitrage_cache": {"executed_lines": [1663, 1664], "summary": {"covered_lines": 2, "num_statements": 6, "percent_covered": 30.0, "percent_covered_display": "30.00", "missing_lines": 4, "excluded_lines": 0, "num_branches": 4, "num_partial_branches": 1, "covered_branches": 1, "missing_branches": 3}, "missing_lines": [1666, 1669, 1670, 1672], "excluded_lines": [], "executed_branches": [[1663, 1664]], "missing_branches": [[1663, 1666], [1669, 1670], [1669, 1672]]}, "_save_arbitrage_cache": {"executed_lines": [1686, 1695, 1696], "summary": {"covered_lines": 3, "num_statements": 6, "percent_covered": 40.0, "percent_covered_display": "40.00", "missing_lines": 3, "excluded_lines": 0, "num_branches": 4, "num_partial_branches": 1, "covered_branches": 1, "missing_branches": 3}, "missing_lines": [1688, 1692, 1693], "excluded_lines": [], "executed_branches": [[1686, 1695]], "missing_branches": [[1686, 1688], [1692, 1693], [1692, 1695]]}, "_group_items_by_name": {"executed_lines": [1711, 1713, 1723], "summary": {"covered_lines": 3, "num_statements": 9, "percent_covered": 26.666666666666668, "percent_covered_display": "26.67", "missing_lines": 6, "excluded_lines": 0, "num_branches": 6, "num_partial_branches": 1, "covered_branches": 1, "missing_branches": 5}, "missing_lines": [1714, 1715, 1716, 1718, 1719, 1721], "excluded_lines": [], "executed_branches": [[1713, 1723]], "missing_branches": [[1713, 1714], [1715, 1716], [1715, 1718], [1718, 1719], [1718, 1721]]}, "": {"executed_lines": [1, 3, 4, 5, 6, 7, 8, 9, 11, 15, 18, 21, 29, 30, 31, 34, 35, 40, 44, 47, 56, 65, 90, 105, 161, 283, 306, 329, 353, 359, 365, 371, 486, 502, 503, 505, 562, 589, 598, 628, 650, 674, 804, 919, 963, 976, 1065, 1074, 1097, 1128, 1175, 1240, 1295, 1370, 1581, 1651, 1675, 1699], "summary": {"covered_lines": 56, "num_statements": 56, "percent_covered": 100.0, "percent_covered_display": "100.00", "missing_lines": 0, "excluded_lines": 0, "num_branches": 0, "num_partial_branches": 0, "covered_branches": 0, "missing_branches": 0}, "missing_lines": [], "excluded_lines": [], "executed_branches": [], "missing_branches": []}}, "classes": {"ArbitrageTrader": {"executed_lines": [527, 528, 529, 535, 546, 547, 548, 549, 552, 553, 554, 555, 558, 559, 560, 695, 696, 703, 798, 799, 802, 1086, 1087, 1089, 1090, 1092], "summary": {"covered_lines": 26, "num_statements": 241, "percent_covered": 8.51063829787234, "percent_covered_display": "8.51", "missing_lines": 215, "excluded_lines": 0, "num_branches": 88, "num_partial_branches": 2, "covered_branches": 2, "missing_branches": 86}, "missing_lines": [569, 570, 571, 573, 574, 575, 577, 580, 581, 582, 584, 585, 586, 587, 591, 593, 594, 595, 596, 609, 612, 613, 617, 620, 621, 624, 626, 630, 631, 632, 635, 637, 638, 641, 643, 644, 648, 657, 660, 661, 664, 667, 668, 669, 670, 672, 704, 711, 714, 716, 717, 721, 723, 724, 726, 727, 729, 732, 735, 736, 741, 742, 749, 751, 754, 755, 756, 757, 758, 759, 760, 762, 763, 764, 765, 766, 768, 769, 772, 773, 786, 787, 790, 793, 818, 827, 829, 830, 831, 834, 835, 836, 837, 840, 841, 844, 847, 848, 854, 855, 856, 858, 859, 862, 863, 864, 867, 870, 873, 876, 877, 883, 884, 885, 887, 889, 890, 893, 894, 897, 906, 909, 911, 913, 914, 915, 916, 917, 936, 937, 940, 941, 942, 945, 946, 947, 950, 958, 970, 971, 973, 974, 990, 991, 993, 994, 995, 998, 999, 1000, 1003, 1004, 1007, 1018, 1019, 1024, 1025, 1028, 1030, 1034, 1035, 1037, 1038, 1040, 1042, 1043, 1045, 1048, 1049, 1051, 1055, 1058, 1060, 1061, 1063, 1072, 1105, 1110, 1111, 1113, 1143, 1145, 1146, 1155, 1156, 1159, 1162, 1163, 1165, 1171, 1172, 1173, 1192, 1194, 1196, 1197, 1213, 1214, 1223, 1224, 1225, 1232, 1236, 1237, 1238, 1257, 1259, 1261, 1262, 1274, 1275, 1283, 1288, 1289, 1292], "excluded_lines": [], "executed_branches": [[1086, 1087], [1089, 1090]], "missing_branches": [[573, 574], [573, 577], [580, 581], [580, 584], [593, -589], [593, 594], [612, 613], [612, 620], [620, 621], [620, 626], [635, 637], [635, 641], [641, -628], [641, 643], [660, 661], [660, 667], [667, 668], [667, 672], [716, 717], [716, 723], [726, 727], [726, 793], [741, 742], [741, 749], [749, 751], [749, 754], [755, 756], [755, 762], [757, 758], [757, 759], [759, 760], [759, 762], [763, 764], [763, 765], [765, 766], [765, 768], [772, 726], [772, 773], [829, 830], [829, 834], [835, 836], [835, 840], [840, 841], [840, 847], [854, 855], [854, 862], [863, 864], [863, 870], [883, 884], [883, 893], [936, 937], [936, 940], [941, 942], [941, 945], [970, 971], [970, 973], [990, -976], [990, 991], [993, 994], [993, 998], [999, 1000], [999, 1007], [1018, 1019], [1018, 1055], [1028, 1030], [1028, 1040], [1030, 1028], [1030, 1034], [1037, 1028], [1037, 1038], [1040, 1042], [1040, 1051], [1042, 1043], [1042, 1058], [1048, 1042], [1048, 1049], [1086, 1089], [1089, 1092], [1155, 1156], [1155, 1159], [1213, 1214], [1213, 1223], [1223, 1224], [1223, 1232], [1274, 1275], [1274, 1283]]}, "": {"executed_lines": [1, 3, 4, 5, 6, 7, 8, 9, 11, 15, 18, 21, 29, 30, 31, 34, 35, 40, 44, 47, 56, 65, 77, 78, 80, 81, 84, 85, 87, 90, 101, 102, 105, 125, 126, 127, 128, 130, 131, 132, 141, 143, 144, 147, 148, 155, 156, 157, 158, 161, 182, 190, 191, 192, 193, 195, 197, 204, 205, 207, 211, 212, 215, 216, 217, 219, 220, 221, 224, 225, 228, 229, 230, 231, 232, 233, 234, 236, 237, 238, 239, 240, 243, 244, 247, 248, 262, 263, 264, 267, 278, 280, 283, 303, 306, 326, 329, 353, 359, 361, 362, 365, 371, 393, 401, 402, 406, 408, 415, 416, 417, 419, 463, 464, 467, 470, 477, 480, 486, 502, 503, 505, 562, 589, 598, 628, 650, 674, 804, 919, 963, 976, 1065, 1074, 1097, 1128, 1175, 1240, 1295, 1317, 1318, 1325, 1326, 1333, 1343, 1352, 1353, 1367, 1370, 1396, 1397, 1400, 1405, 1406, 1407, 1408, 1411, 1417, 1431, 1434, 1435, 1436, 1437, 1440, 1441, 1443, 1449, 1450, 1451, 1455, 1457, 1465, 1472, 1475, 1478, 1479, 1481, 1557, 1560, 1561, 1567, 1568, 1571, 1573, 1581, 1651, 1663, 1664, 1675, 1686, 1695, 1696, 1699, 1711, 1713, 1723], "summary": {"covered_lines": 194, "num_statements": 311, "percent_covered": 56.812933025404156, "percent_covered_display": "56.81", "missing_lines": 117, "excluded_lines": 0, "num_branches": 122, "num_partial_branches": 16, "covered_branches": 52, "missing_branches": 70}, "missing_lines": [134, 222, 349, 355, 356, 367, 368, 403, 404, 422, 423, 426, 429, 430, 431, 432, 433, 434, 435, 437, 438, 439, 440, 441, 444, 445, 448, 449, 481, 482, 483, 492, 493, 1334, 1354, 1356, 1363, 1365, 1401, 1402, 1412, 1415, 1424, 1428, 1452, 1453, 1466, 1470, 1483, 1484, 1486, 1489, 1492, 1493, 1496, 1497, 1498, 1501, 1509, 1510, 1513, 1514, 1515, 1516, 1519, 1520, 1538, 1539, 1542, 1543, 1545, 1546, 1549, 1550, 1554, 1575, 1576, 1577, 1578, 1600, 1603, 1612, 1613, 1614, 1616, 1619, 1620, 1621, 1622, 1624, 1627, 1628, 1629, 1630, 1632, 1635, 1636, 1637, 1638, 1639, 1640, 1642, 1645, 1648, 1666, 1669, 1670, 1672, 1688, 1692, 1693, 1714, 1715, 1716, 1718, 1719, 1721], "excluded_lines": [], "executed_branches": [[77, 78], [77, 80], [84, 85], [84, 87], [125, 126], [125, 141], [130, 131], [191, 192], [191, 195], [204, 205], [204, 267], [211, 212], [211, 215], [216, 217], [216, 225], [219, 220], [219, 221], [221, 224], [229, 230], [229, 236], [231, 232], [231, 233], [233, 234], [237, 238], [237, 239], [239, 240], [239, 243], [247, 204], [247, 248], [402, 406], [416, 417], [416, 470], [1317, 1318], [1317, 1325], [1325, 1326], [1325, 1333], [1333, 1343], [1353, 1367], [1400, 1405], [1405, 1406], [1405, 1407], [1407, 1408], [1411, 1417], [1417, 1431], [1434, 1435], [1434, 1440], [1451, 1455], [1465, 1472], [1481, 1557], [1663, 1664], [1686, 1695], [1713, 1723]], "missing_branches": [[130, 134], [221, 222], [233, 236], [402, 403], [422, 423], [422, 426], [430, 431], [430, 437], [432, 433], [432, 434], [434, 435], [434, 437], [438, 439], [438, 440], [440, 441], [440, 444], [448, 416], [448, 449], [1333, 1334], [1353, 1354], [1354, 1356], [1354, 1365], [1400, 1401], [1407, 1411], [1411, 1412], [1417, 1424], [1451, 1452], [1465, 1466], [1481, 1483], [1483, 1484], [1483, 1486], [1509, 1481], [1509, 1510], [1519, 1509], [1519, 1520], [1538, 1539], [1538, 1542], [1545, 1546], [1545, 1549], [1549, 1550], [1549, 1554], [1603, 1612], [1603, 1613], [1613, 1614], [1613, 1616], [1619, 1620], [1619, 1621], [1621, 1622], [1621, 1624], [1627, 1628], [1627, 1629], [1629, 1630], [1629, 1632], [1635, 1636], [1635, 1637], [1637, 1638], [1637, 1639], [1639, 1640], [1639, 1642], [1663, 1666], [1669, 1670], [1669, 1672], [1686, 1688], [1692, 1693], [1692, 1695], [1713, 1714], [1715, 1716], [1715, 1718], [1718, 1719], [1718, 1721]]}}}, "src/dmarket/arbitrage_sales_analysis.py": {"executed_lines": [1, 13, 14, 15, 16, 18, 20, 21, 24, 27, 28, 30, 37, 38, 39, 40, 43, 44, 45, 47, 54, 55, 57, 62, 64, 83, 86, 93, 95, 97, 103, 104, 105, 107, 108, 113, 114, 117, 118, 122, 134, 135, 136, 139, 141, 147, 165, 167, 168, 199, 219, 221, 222, 297, 315, 317, 318, 408, 430, 431, 434, 437, 445, 448, 450, 460, 461, 465, 468, 470, 472, 473, 476, 478, 480, 484, 493, 495, 499, 502, 504, 506, 508, 511, 513, 526, 574, 628, 642, 644, 646, 648, 656, 658, 674, 696], "summary": {"covered_lines": 94, "num_statements": 238, "percent_covered": 35.380116959064324, "percent_covered_display": "35.38", "missing_lines": 144, "excluded_lines": 0, "num_branches": 104, "num_partial_branches": 21, "covered_branches": 27, "missing_branches": 77}, "missing_lines": [87, 88, 89, 90, 109, 110, 143, 144, 145, 176, 177, 183, 184, 185, 186, 187, 190, 192, 229, 230, 233, 234, 239, 242, 245, 246, 248, 249, 250, 251, 254, 256, 259, 262, 263, 264, 265, 267, 269, 270, 271, 272, 273, 274, 275, 277, 279, 281, 289, 290, 291, 326, 327, 330, 331, 336, 339, 340, 342, 343, 351, 352, 353, 354, 357, 358, 359, 362, 363, 364, 365, 366, 367, 368, 369, 370, 371, 372, 373, 374, 375, 376, 378, 379, 382, 383, 384, 385, 387, 399, 400, 401, 451, 452, 453, 457, 462, 469, 471, 477, 479, 481, 485, 486, 487, 488, 489, 490, 494, 496, 503, 505, 507, 509, 542, 543, 545, 546, 547, 548, 550, 551, 553, 554, 562, 564, 565, 566, 571, 593, 596, 598, 599, 600, 605, 622, 625, 649, 665, 666, 667, 692, 693, 712], "excluded_lines": [], "executed_branches": [[54, 55], [54, 62], [86, 93], [103, 104], [103, 107], [108, 113], [135, 136], [135, 139], [167, 168], [221, 222], [317, 318], [450, 460], [461, 465], [468, 470], [470, 472], [472, 473], [476, 478], [478, 480], [480, 484], [484, 493], [493, 495], [495, 499], [502, 504], [504, 506], [506, 508], [508, 511], [648, 656]], "missing_branches": [[86, 87], [88, 89], [88, 93], [108, 109], [167, 176], [184, 185], [184, 186], [186, 187], [186, 190], [221, 229], [248, 249], [248, 254], [254, 256], [254, 259], [262, 263], [262, 264], [264, 265], [264, 267], [269, 270], [269, 279], [270, 271], [270, 272], [272, 273], [272, 274], [274, 275], [274, 277], [317, 326], [342, 343], [342, 351], [362, 363], [362, 365], [365, 366], [365, 368], [368, 369], [368, 371], [371, 372], [371, 374], [374, 375], [374, 378], [382, 383], [382, 384], [384, 385], [384, 387], [450, 451], [451, 452], [451, 453], [453, 457], [453, 460], [461, 462], [468, 469], [470, 471], [472, 476], [476, 477], [478, 479], [480, 481], [484, 485], [485, 486], [485, 487], [487, 488], [487, 489], [489, 490], [489, 493], [493, 494], [495, 496], [502, 503], [504, 505], [506, 507], [508, 509], [545, 546], [545, 571], [550, 551], [550, 553], [598, 599], [598, 622], [599, 598], [599, 600], [648, 649]], "functions": {"SalesAnalyzer.__init__": {"executed_lines": [37, 38, 39, 40, 43, 44, 45], "summary": {"covered_lines": 7, "num_statements": 7, "percent_covered": 100.0, "percent_covered_display": "100.00", "missing_lines": 0, "excluded_lines": 0, "num_branches": 0, "num_partial_branches": 0, "covered_branches": 0, "missing_branches": 0}, "missing_lines": [], "excluded_lines": [], "executed_branches": [], "missing_branches": []}, "SalesAnalyzer.get_api_client": {"executed_lines": [54, 55, 57, 62], "summary": {"covered_lines": 4, "num_statements": 4, "percent_covered": 100.0, "percent_covered_display": "100.00", "missing_lines": 0, "excluded_lines": 0, "num_branches": 2, "num_partial_branches": 0, "covered_branches": 2, "missing_branches": 0}, "missing_lines": [], "excluded_lines": [], "executed_branches": [[54, 55], [54, 62]], "missing_branches": []}, "SalesAnalyzer.get_item_sales_history": {"executed_lines": [83, 86, 93, 95, 97, 103, 104, 105, 107, 108, 113, 114, 117, 118, 122, 134, 135, 136, 139, 141], "summary": {"covered_lines": 20, "num_statements": 29, "percent_covered": 66.66666666666667, "percent_covered_display": "66.67", "missing_lines": 9, "excluded_lines": 0, "num_branches": 10, "num_partial_branches": 2, "covered_branches": 6, "missing_branches": 4}, "missing_lines": [87, 88, 89, 90, 109, 110, 143, 144, 145], "excluded_lines": [], "executed_branches": [[86, 93], [103, 104], [103, 107], [108, 113], [135, 136], [135, 139]], "missing_branches": [[86, 87], [88, 89], [88, 93], [108, 109]]}, "SalesAnalyzer.analyze_sales_volume": {"executed_lines": [165, 167, 168], "summary": {"covered_lines": 3, "num_statements": 12, "percent_covered": 22.22222222222222, "percent_covered_display": "22.22", "missing_lines": 9, "excluded_lines": 0, "num_branches": 6, "num_partial_branches": 1, "covered_branches": 1, "missing_branches": 5}, "missing_lines": [176, 177, 183, 184, 185, 186, 187, 190, 192], "excluded_lines": [], "executed_branches": [[167, 168]], "missing_branches": [[167, 176], [184, 185], [184, 186], [186, 187], [186, 190]]}, "SalesAnalyzer.estimate_time_to_sell": {"executed_lines": [219, 221, 222], "summary": {"covered_lines": 3, "num_statements": 36, "percent_covered": 7.407407407407407, "percent_covered_display": "7.41", "missing_lines": 33, "excluded_lines": 0, "num_branches": 18, "num_partial_branches": 1, "covered_branches": 1, "missing_branches": 17}, "missing_lines": [229, 230, 233, 234, 239, 242, 245, 246, 248, 249, 250, 251, 254, 256, 259, 262, 263, 264, 265, 267, 269, 270, 271, 272, 273, 274, 275, 277, 279, 281, 289, 290, 291], "excluded_lines": [], "executed_branches": [[221, 222]], "missing_branches": [[221, 229], [248, 249], [248, 254], [254, 256], [254, 259], [262, 263], [262, 264], [264, 265], [264, 267], [269, 270], [269, 279], [270, 271], [270, 272], [272, 273], [272, 274], [274, 275], [274, 277]]}, "SalesAnalyzer.analyze_price_trends": {"executed_lines": [315, 317, 318], "summary": {"covered_lines": 3, "num_statements": 44, "percent_covered": 6.451612903225806, "percent_covered_display": "6.45", "missing_lines": 41, "excluded_lines": 0, "num_branches": 18, "num_partial_branches": 1, "covered_branches": 1, "missing_branches": 17}, "missing_lines": [326, 327, 330, 331, 336, 339, 340, 342, 343, 351, 352, 353, 354, 357, 358, 359, 362, 363, 364, 365, 366, 367, 368, 369, 370, 371, 372, 373, 374, 375, 376, 378, 379, 382, 383, 384, 385, 387, 399, 400, 401], "excluded_lines": [], "executed_branches": [[317, 318]], "missing_branches": [[317, 326], [342, 343], [342, 351], [362, 363], [362, 365], [365, 366], [365, 368], [368, 369], [368, 371], [371, 372], [371, 374], [374, 375], [374, 378], [382, 383], [382, 384], [384, 385], [384, 387]]}, "SalesAnalyzer.evaluate_arbitrage_potential": {"executed_lines": [430, 431, 434, 437, 445, 448, 450, 460, 461, 465, 468, 470, 472, 473, 476, 478, 480, 484, 493, 495, 499, 502, 504, 506, 508, 511, 513], "summary": {"covered_lines": 27, "num_statements": 49, "percent_covered": 47.19101123595506, "percent_covered_display": "47.19", "missing_lines": 22, "excluded_lines": 0, "num_branches": 40, "num_partial_branches": 15, "covered_branches": 15, "missing_branches": 25}, "missing_lines": [451, 452, 453, 457, 462, 469, 471, 477, 479, 481, 485, 486, 487, 488, 489, 490, 494, 496, 503, 505, 507, 509], "excluded_lines": [], "executed_branches": [[450, 460], [461, 465], [468, 470], [470, 472], [472, 473], [476, 478], [478, 480], [480, 484], [484, 493], [493, 495], [495, 499], [502, 504], [504, 506], [506, 508], [508, 511]], "missing_branches": [[450, 451], [451, 452], [451, 453], [453, 457], [453, 460], [461, 462], [468, 469], [470, 471], [472, 476], [476, 477], [478, 479], [480, 481], [484, 485], [485, 486], [485, 487], [487, 488], [487, 489], [489, 490], [489, 493], [493, 494], [495, 496], [502, 503], [504, 505], [506, 507], [508, 509]]}, "batch_analyze_items": {"executed_lines": [], "summary": {"covered_lines": 0, "num_statements": 15, "percent_covered": 0.0, "percent_covered_display": "0.00", "missing_lines": 15, "excluded_lines": 0, "num_branches": 4, "num_partial_branches": 0, "covered_branches": 0, "missing_branches": 4}, "missing_lines": [542, 543, 545, 546, 547, 548, 550, 551, 553, 554, 562, 564, 565, 566, 571], "excluded_lines": [], "executed_branches": [], "missing_branches": [[545, 546], [545, 571], [550, 551], [550, 553]]}, "find_best_arbitrage_opportunities": {"executed_lines": [], "summary": {"covered_lines": 0, "num_statements": 8, "percent_covered": 0.0, "percent_covered_display": "0.00", "missing_lines": 8, "excluded_lines": 0, "num_branches": 4, "num_partial_branches": 0, "covered_branches": 0, "missing_branches": 4}, "missing_lines": [593, 596, 598, 599, 600, 605, 622, 625], "excluded_lines": [], "executed_branches": [], "missing_branches": [[598, 599], [598, 622], [599, 598], [599, 600]]}, "analyze_item_liquidity": {"executed_lines": [642, 644, 646, 648, 656, 658], "summary": {"covered_lines": 6, "num_statements": 10, "percent_covered": 58.333333333333336, "percent_covered_display": "58.33", "missing_lines": 4, "excluded_lines": 0, "num_branches": 2, "num_partial_branches": 1, "covered_branches": 1, "missing_branches": 1}, "missing_lines": [649, 665, 666, 667], "excluded_lines": [], "executed_branches": [[648, 656]], "missing_branches": [[648, 649]]}, "enhanced_arbitrage_search": {"executed_lines": [], "summary": {"covered_lines": 0, "num_statements": 2, "percent_covered": 0.0, "percent_covered_display": "0.00", "missing_lines": 2, "excluded_lines": 0, "num_branches": 0, "num_partial_branches": 0, "covered_branches": 0, "missing_branches": 0}, "missing_lines": [692, 693], "excluded_lines": [], "executed_branches": [], "missing_branches": []}, "get_sales_volume_stats": {"executed_lines": [], "summary": {"covered_lines": 0, "num_statements": 1, "percent_covered": 0.0, "percent_covered_display": "0.00", "missing_lines": 1, "excluded_lines": 0, "num_branches": 0, "num_partial_branches": 0, "covered_branches": 0, "missing_branches": 0}, "missing_lines": [712], "excluded_lines": [], "executed_branches": [], "missing_branches": []}, "": {"executed_lines": [1, 13, 14, 15, 16, 18, 20, 21, 24, 27, 28, 30, 47, 64, 147, 199, 297, 408, 526, 574, 628, 674, 696], "summary": {"covered_lines": 21, "num_statements": 21, "percent_covered": 100.0, "percent_covered_display": "100.00", "missing_lines": 0, "excluded_lines": 0, "num_branches": 0, "num_partial_branches": 0, "covered_branches": 0, "missing_branches": 0}, "missing_lines": [], "excluded_lines": [], "executed_branches": [], "missing_branches": []}}, "classes": {"SalesAnalyzer": {"executed_lines": [37, 38, 39, 40, 43, 44, 45, 54, 55, 57, 62, 83, 86, 93, 95, 97, 103, 104, 105, 107, 108, 113, 114, 117, 118, 122, 134, 135, 136, 139, 141, 165, 167, 168, 219, 221, 222, 315, 317, 318, 430, 431, 434, 437, 445, 448, 450, 460, 461, 465, 468, 470, 472, 473, 476, 478, 480, 484, 493, 495, 499, 502, 504, 506, 508, 511, 513], "summary": {"covered_lines": 67, "num_statements": 181, "percent_covered": 33.81818181818182, "percent_covered_display": "33.82", "missing_lines": 114, "excluded_lines": 0, "num_branches": 94, "num_partial_branches": 20, "covered_branches": 26, "missing_branches": 68}, "missing_lines": [87, 88, 89, 90, 109, 110, 143, 144, 145, 176, 177, 183, 184, 185, 186, 187, 190, 192, 229, 230, 233, 234, 239, 242, 245, 246, 248, 249, 250, 251, 254, 256, 259, 262, 263, 264, 265, 267, 269, 270, 271, 272, 273, 274, 275, 277, 279, 281, 289, 290, 291, 326, 327, 330, 331, 336, 339, 340, 342, 343, 351, 352, 353, 354, 357, 358, 359, 362, 363, 364, 365, 366, 367, 368, 369, 370, 371, 372, 373, 374, 375, 376, 378, 379, 382, 383, 384, 385, 387, 399, 400, 401, 451, 452, 453, 457, 462, 469, 471, 477, 479, 481, 485, 486, 487, 488, 489, 490, 494, 496, 503, 505, 507, 509], "excluded_lines": [], "executed_branches": [[54, 55], [54, 62], [86, 93], [103, 104], [103, 107], [108, 113], [135, 136], [135, 139], [167, 168], [221, 222], [317, 318], [450, 460], [461, 465], [468, 470], [470, 472], [472, 473], [476, 478], [478, 480], [480, 484], [484, 493], [493, 495], [495, 499], [502, 504], [504, 506], [506, 508], [508, 511]], "missing_branches": [[86, 87], [88, 89], [88, 93], [108, 109], [167, 176], [184, 185], [184, 186], [186, 187], [186, 190], [221, 229], [248, 249], [248, 254], [254, 256], [254, 259], [262, 263], [262, 264], [264, 265], [264, 267], [269, 270], [269, 279], [270, 271], [270, 272], [272, 273], [272, 274], [274, 275], [274, 277], [317, 326], [342, 343], [342, 351], [362, 363], [362, 365], [365, 366], [365, 368], [368, 369], [368, 371], [371, 372], [371, 374], [374, 375], [374, 378], [382, 383], [382, 384], [384, 385], [384, 387], [450, 451], [451, 452], [451, 453], [453, 457], [453, 460], [461, 462], [468, 469], [470, 471], [472, 476], [476, 477], [478, 479], [480, 481], [484, 485], [485, 486], [485, 487], [487, 488], [487, 489], [489, 490], [489, 493], [493, 494], [495, 496], [502, 503], [504, 505], [506, 507], [508, 509]]}, "": {"executed_lines": [1, 13, 14, 15, 16, 18, 20, 21, 24, 27, 28, 30, 47, 64, 147, 199, 297, 408, 526, 574, 628, 642, 644, 646, 648, 656, 658, 674, 696], "summary": {"covered_lines": 27, "num_statements": 57, "percent_covered": 41.791044776119406, "percent_covered_display": "41.79", "missing_lines": 30, "excluded_lines": 0, "num_branches": 10, "num_partial_branches": 1, "covered_branches": 1, "missing_branches": 9}, "missing_lines": [542, 543, 545, 546, 547, 548, 550, 551, 553, 554, 562, 564, 565, 566, 571, 593, 596, 598, 599, 600, 605, 622, 625, 649, 665, 666, 667, 692, 693, 712], "excluded_lines": [], "executed_branches": [[648, 656]], "missing_branches": [[545, 546], [545, 571], [550, 551], [550, 553], [598, 599], [598, 622], [599, 598], [599, 600], [648, 649]]}}}, "src/dmarket/arbitrage_scanner.py": {"executed_lines": [1, 9, 10, 11, 12, 13, 15, 22, 23, 24, 28, 31, 42, 45, 53, 100, 101, 115, 128, 129, 130, 133, 134, 137, 138, 139, 142, 143, 144, 147, 148, 149, 150, 152, 153, 155, 157, 158, 160, 162, 172, 173, 175, 176, 179, 180, 182, 184, 192, 193, 195, 202, 204, 212, 213, 215, 217, 239, 242, 243, 244, 245, 247, 249, 252, 259, 260, 261, 262, 263, 264, 265, 266, 272, 273, 274, 275, 276, 277, 278, 281, 284, 286, 287, 289, 290, 291, 292, 293, 294, 297, 298, 300, 301, 302, 303, 304, 305, 306, 307, 310, 313, 322, 330, 331, 334, 337, 340, 343, 345, 346, 347, 348, 350, 369, 371, 373, 387, 388, 391, 393, 408, 410, 431, 434, 437, 438, 439, 440, 445, 454, 460, 461, 462, 463, 464, 465, 466, 467, 469, 471, 478, 480, 482, 485, 491, 506, 551, 552, 553, 556, 557, 558, 561, 564, 567, 568, 589, 595, 608, 609, 610, 612, 614, 626, 648, 649, 650, 653, 656, 657, 658, 660, 661, 664, 667, 671, 672, 673, 678, 680, 686, 687, 692, 693, 694, 695, 696, 699, 700, 701, 702, 703, 706, 713, 715, 719, 724, 725, 727, 733, 734, 737, 817, 818, 821, 824, 826, 874, 936, 987, 1000, 1001, 1002, 1004, 1014, 1015, 1017, 1018, 1021, 1023, 1042, 1043, 1046, 1049, 1050, 1051, 1052, 1055, 1056, 1059, 1060, 1063, 1071, 1072, 1073, 1074, 1075, 1076, 1080, 1081, 1083, 1084, 1086, 1103, 1104, 1105, 1108, 1112, 1113, 1114, 1119, 1120, 1123, 1124, 1125, 1128, 1129, 1130, 1131, 1132, 1133, 1140, 1141, 1145, 1148, 1149, 1150, 1154, 1157, 1162, 1174, 1185, 1186, 1188, 1189, 1190, 1192, 1194, 1209, 1210, 1211, 1216, 1217, 1219, 1241, 1243, 1247, 1248, 1249, 1250, 1251, 1252, 1253, 1256, 1257, 1258, 1259, 1262, 1267, 1269, 1276, 1277, 1278, 1279, 1285, 1287, 1360, 1376, 1385, 1401, 1402, 1405, 1421, 1423, 1424, 1427, 1449, 1450, 1453, 1473, 1475, 1476, 1485, 1495, 1496, 1499], "summary": {"covered_lines": 325, "num_statements": 478, "percent_covered": 65.38461538461539, "percent_covered_display": "65.38", "missing_lines": 153, "excluded_lines": 0, "num_branches": 172, "num_partial_branches": 24, "covered_branches": 100, "missing_branches": 72}, "missing_lines": [269, 375, 384, 389, 432, 455, 456, 457, 492, 493, 507, 511, 513, 514, 517, 521, 522, 523, 526, 527, 528, 531, 532, 533, 534, 535, 537, 573, 574, 575, 577, 584, 585, 586, 668, 669, 670, 674, 675, 716, 717, 720, 721, 728, 731, 739, 740, 743, 746, 748, 754, 755, 758, 760, 761, 762, 765, 768, 774, 775, 776, 777, 782, 783, 789, 790, 791, 792, 796, 800, 805, 808, 810, 811, 814, 843, 845, 854, 855, 858, 861, 862, 864, 870, 871, 872, 891, 893, 909, 910, 919, 920, 921, 928, 932, 933, 934, 953, 955, 967, 968, 976, 981, 982, 985, 1019, 1047, 1077, 1109, 1116, 1170, 1171, 1242, 1244, 1300, 1301, 1302, 1304, 1307, 1308, 1309, 1310, 1311, 1313, 1314, 1315, 1318, 1319, 1320, 1321, 1322, 1323, 1325, 1326, 1327, 1330, 1331, 1332, 1333, 1334, 1335, 1337, 1339, 1350, 1351, 1352, 1367, 1378, 1379, 1422, 1474, 1521, 1522], "excluded_lines": [], "executed_branches": [[172, 173], [172, 175], [179, 180], [179, 182], [202, 204], [202, 212], [212, 213], [212, 215], [243, 244], [243, 247], [259, 260], [259, 284], [261, 262], [261, 263], [263, 264], [263, 265], [265, 266], [272, 273], [272, 284], [289, 290], [289, 292], [292, 293], [292, 297], [300, 301], [300, 310], [301, 302], [301, 303], [303, 304], [303, 306], [306, 307], [371, 373], [371, 408], [373, 387], [388, 391], [391, 371], [391, 393], [431, 434], [438, 439], [438, 460], [460, 461], [460, 469], [491, 506], [506, 551], [567, 568], [660, 661], [660, 667], [667, 671], [671, 672], [700, 701], [700, 706], [701, 700], [701, 702], [713, 715], [713, 817], [715, 719], [719, 724], [727, 733], [733, 734], [1000, 1001], [1000, 1002], [1014, 1015], [1014, 1017], [1018, 1021], [1046, 1049], [1049, 1050], [1051, 1052], [1051, 1055], [1072, 1073], [1072, 1080], [1074, 1072], [1074, 1075], [1076, 1072], [1080, 1081], [1080, 1083], [1108, 1112], [1113, 1114], [1124, 1125], [1124, 1128], [1129, 1130], [1129, 1174], [1140, 1141], [1140, 1148], [1149, 1150], [1149, 1157], [1185, 1186], [1185, 1192], [1210, 1211], [1210, 1217], [1241, 1243], [1243, 1247], [1248, 1249], [1248, 1251], [1251, 1252], [1251, 1256], [1257, 1258], [1257, 1262], [1277, 1278], [1277, 1285], [1421, 1423], [1473, 1475]], "missing_branches": [[265, 269], [306, 310], [373, 375], [388, 389], [431, 432], [491, 492], [506, 507], [517, 521], [517, 523], [523, 526], [523, 528], [528, 531], [528, 533], [533, 534], [533, 537], [567, 573], [573, 574], [573, 577], [584, 585], [584, 589], [667, 668], [671, 674], [674, 675], [674, 678], [715, 716], [719, 720], [727, 728], [733, 739], [739, 740], [739, 746], [754, 755], [754, 760], [761, 762], [761, 768], [774, 775], [774, 800], [789, 790], [789, 796], [854, 855], [854, 858], [909, 910], [909, 919], [919, 920], [919, 928], [967, 968], [967, 976], [1018, 1019], [1046, 1047], [1049, 1055], [1076, 1077], [1108, 1109], [1113, 1116], [1241, 1242], [1243, 1244], [1313, 1314], [1313, 1337], [1319, 1313], [1319, 1320], [1322, 1323], [1322, 1330], [1325, 1326], [1325, 1330], [1326, 1325], [1326, 1327], [1330, 1313], [1330, 1331], [1332, 1330], [1332, 1333], [1333, 1334], [1333, 1335], [1421, 1422], [1473, 1474]], "functions": {"ArbitrageScanner.__init__": {"executed_lines": [128, 129, 130, 133, 134, 137, 138, 139, 142, 143, 144, 147, 148, 149, 150], "summary": {"covered_lines": 15, "num_statements": 15, "percent_covered": 100.0, "percent_covered_display": "100.00", "missing_lines": 0, "excluded_lines": 0, "num_branches": 0, "num_partial_branches": 0, "covered_branches": 0, "missing_branches": 0}, "missing_lines": [], "excluded_lines": [], "executed_branches": [], "missing_branches": []}, "ArbitrageScanner.cache_ttl": {"executed_lines": [160], "summary": {"covered_lines": 1, "num_statements": 1, "percent_covered": 100.0, "percent_covered_display": "100.00", "missing_lines": 0, "excluded_lines": 0, "num_branches": 0, "num_partial_branches": 0, "covered_branches": 0, "missing_branches": 0}, "missing_lines": [], "excluded_lines": [], "executed_branches": [], "missing_branches": []}, "ArbitrageScanner._get_cached_results": {"executed_lines": [172, 173, 175, 176, 179, 180, 182], "summary": {"covered_lines": 7, "num_statements": 7, "percent_covered": 100.0, "percent_covered_display": "100.00", "missing_lines": 0, "excluded_lines": 0, "num_branches": 4, "num_partial_branches": 0, "covered_branches": 4, "missing_branches": 0}, "missing_lines": [], "excluded_lines": [], "executed_branches": [[172, 173], [172, 175], [179, 180], [179, 182]], "missing_branches": []}, "ArbitrageScanner._save_to_cache": {"executed_lines": [192, 193], "summary": {"covered_lines": 2, "num_statements": 2, "percent_covered": 100.0, "percent_covered_display": "100.00", "missing_lines": 0, "excluded_lines": 0, "num_branches": 0, "num_partial_branches": 0, "covered_branches": 0, "missing_branches": 0}, "missing_lines": [], "excluded_lines": [], "executed_branches": [], "missing_branches": []}, "ArbitrageScanner.get_api_client": {"executed_lines": [202, 204, 212, 213, 215], "summary": {"covered_lines": 5, "num_statements": 5, "percent_covered": 100.0, "percent_covered_display": "100.00", "missing_lines": 0, "excluded_lines": 0, "num_branches": 4, "num_partial_branches": 0, "covered_branches": 4, "missing_branches": 0}, "missing_lines": [], "excluded_lines": [], "executed_branches": [[202, 204], [202, 212], [212, 213], [212, 215]], "missing_branches": []}, "ArbitrageScanner.scan_game": {"executed_lines": [239, 242, 243, 244, 245, 247, 249, 252, 259, 260, 261, 262, 263, 264, 265, 266, 272, 273, 274, 275, 276, 277, 278, 281, 284, 286, 287, 289, 290, 291, 292, 293, 294, 297, 298, 300, 301, 302, 303, 304, 305, 306, 307, 310, 313, 322, 330, 331, 334, 337, 340, 343, 345, 346, 347, 348], "summary": {"covered_lines": 56, "num_statements": 57, "percent_covered": 96.29629629629629, "percent_covered_display": "96.30", "missing_lines": 1, "excluded_lines": 0, "num_branches": 24, "num_partial_branches": 2, "covered_branches": 22, "missing_branches": 2}, "missing_lines": [269], "excluded_lines": [], "executed_branches": [[243, 244], [243, 247], [259, 260], [259, 284], [261, 262], [261, 263], [263, 264], [263, 265], [265, 266], [272, 273], [272, 284], [289, 290], [289, 292], [292, 293], [292, 297], [300, 301], [300, 310], [301, 302], [301, 303], [303, 304], [303, 306], [306, 307]], "missing_branches": [[265, 269], [306, 310]]}, "ArbitrageScanner._standardize_items": {"executed_lines": [369, 371, 373, 387, 388, 391, 393, 408], "summary": {"covered_lines": 8, "num_statements": 11, "percent_covered": 73.6842105263158, "percent_covered_display": "73.68", "missing_lines": 3, "excluded_lines": 0, "num_branches": 8, "num_partial_branches": 2, "covered_branches": 6, "missing_branches": 2}, "missing_lines": [375, 384, 389], "excluded_lines": [], "executed_branches": [[371, 373], [371, 408], [373, 387], [388, 391], [391, 371], [391, 393]], "missing_branches": [[373, 375], [388, 389]]}, "ArbitrageScanner.scan_multiple_games": {"executed_lines": [431, 434, 437, 438, 439, 440, 445, 454, 460, 461, 462, 463, 464, 465, 466, 467, 469], "summary": {"covered_lines": 17, "num_statements": 21, "percent_covered": 81.48148148148148, "percent_covered_display": "81.48", "missing_lines": 4, "excluded_lines": 0, "num_branches": 6, "num_partial_branches": 1, "covered_branches": 5, "missing_branches": 1}, "missing_lines": [432, 455, 456, 457], "excluded_lines": [], "executed_branches": [[431, 434], [438, 439], [438, 460], [460, 461], [460, 469]], "missing_branches": [[431, 432]]}, "ArbitrageScanner.check_user_balance": {"executed_lines": [478, 480, 482, 485, 491, 506, 551, 552, 553, 556, 557, 558, 561, 564, 567, 568, 589, 595, 608, 609, 610, 612, 614], "summary": {"covered_lines": 23, "num_statements": 49, "percent_covered": 38.80597014925373, "percent_covered_display": "38.81", "missing_lines": 26, "excluded_lines": 0, "num_branches": 18, "num_partial_branches": 3, "covered_branches": 3, "missing_branches": 15}, "missing_lines": [492, 493, 507, 511, 513, 514, 517, 521, 522, 523, 526, 527, 528, 531, 532, 533, 534, 535, 537, 573, 574, 575, 577, 584, 585, 586], "excluded_lines": [], "executed_branches": [[491, 506], [506, 551], [567, 568]], "missing_branches": [[491, 492], [506, 507], [517, 521], [517, 523], [523, 526], [523, 528], [528, 531], [528, 533], [533, 534], [533, 537], [567, 573], [573, 574], [573, 577], [584, 585], [584, 589]]}, "ArbitrageScanner.auto_trade_items": {"executed_lines": [648, 649, 650, 653, 656, 657, 658, 660, 661, 664, 667, 671, 672, 673, 678, 680, 686, 687, 692, 693, 694, 695, 696, 699, 700, 701, 702, 703, 706, 713, 715, 719, 724, 725, 727, 733, 734, 737, 817, 818, 821, 824], "summary": {"covered_lines": 42, "num_statements": 83, "percent_covered": 48.69565217391305, "percent_covered_display": "48.70", "missing_lines": 41, "excluded_lines": 0, "num_branches": 32, "num_partial_branches": 6, "covered_branches": 14, "missing_branches": 18}, "missing_lines": [668, 669, 670, 674, 675, 716, 717, 720, 721, 728, 731, 739, 740, 743, 746, 748, 754, 755, 758, 760, 761, 762, 765, 768, 774, 775, 776, 777, 782, 783, 789, 790, 791, 792, 796, 800, 805, 808, 810, 811, 814], "excluded_lines": [], "executed_branches": [[660, 661], [660, 667], [667, 671], [671, 672], [700, 701], [700, 706], [701, 700], [701, 702], [713, 715], [713, 817], [715, 719], [719, 724], [727, 733], [733, 734]], "missing_branches": [[667, 668], [671, 674], [674, 675], [674, 678], [715, 716], [719, 720], [727, 728], [733, 739], [739, 740], [739, 746], [754, 755], [754, 760], [761, 762], [761, 768], [774, 775], [774, 800], [789, 790], [789, 796]]}, "ArbitrageScanner._get_current_item_data": {"executed_lines": [], "summary": {"covered_lines": 0, "num_statements": 11, "percent_covered": 0.0, "percent_covered_display": "0.00", "missing_lines": 11, "excluded_lines": 0, "num_branches": 2, "num_partial_branches": 0, "covered_branches": 0, "missing_branches": 2}, "missing_lines": [843, 845, 854, 855, 858, 861, 862, 864, 870, 871, 872], "excluded_lines": [], "executed_branches": [], "missing_branches": [[854, 855], [854, 858]]}, "ArbitrageScanner._purchase_item": {"executed_lines": [], "summary": {"covered_lines": 0, "num_statements": 11, "percent_covered": 0.0, "percent_covered_display": "0.00", "missing_lines": 11, "excluded_lines": 0, "num_branches": 4, "num_partial_branches": 0, "covered_branches": 0, "missing_branches": 4}, "missing_lines": [891, 893, 909, 910, 919, 920, 921, 928, 932, 933, 934], "excluded_lines": [], "executed_branches": [], "missing_branches": [[909, 910], [909, 919], [919, 920], [919, 928]]}, "ArbitrageScanner._list_item_for_sale": {"executed_lines": [], "summary": {"covered_lines": 0, "num_statements": 8, "percent_covered": 0.0, "percent_covered_display": "0.00", "missing_lines": 8, "excluded_lines": 0, "num_branches": 2, "num_partial_branches": 0, "covered_branches": 0, "missing_branches": 2}, "missing_lines": [953, 955, 967, 968, 976, 981, 982, 985], "excluded_lines": [], "executed_branches": [], "missing_branches": [[967, 968], [967, 976]]}, "ArbitrageScanner.get_level_config": {"executed_lines": [1000, 1001, 1002], "summary": {"covered_lines": 3, "num_statements": 3, "percent_covered": 100.0, "percent_covered_display": "100.00", "missing_lines": 0, "excluded_lines": 0, "num_branches": 2, "num_partial_branches": 0, "covered_branches": 2, "missing_branches": 0}, "missing_lines": [], "excluded_lines": [], "executed_branches": [[1000, 1001], [1000, 1002]], "missing_branches": []}, "ArbitrageScanner._get_from_cache": {"executed_lines": [1014, 1015, 1017, 1018, 1021], "summary": {"covered_lines": 5, "num_statements": 6, "percent_covered": 80.0, "percent_covered_display": "80.00", "missing_lines": 1, "excluded_lines": 0, "num_branches": 4, "num_partial_branches": 1, "covered_branches": 3, "missing_branches": 1}, "missing_lines": [1019], "excluded_lines": [], "executed_branches": [[1014, 1015], [1014, 1017], [1018, 1021]], "missing_branches": [[1018, 1019]]}, "ArbitrageScanner.scan_level": {"executed_lines": [1042, 1043, 1046, 1049, 1050, 1051, 1052, 1055, 1056, 1059, 1060, 1063, 1071, 1072, 1073, 1074, 1075, 1076, 1080, 1081, 1083, 1084], "summary": {"covered_lines": 22, "num_statements": 24, "percent_covered": 86.84210526315789, "percent_covered_display": "86.84", "missing_lines": 2, "excluded_lines": 0, "num_branches": 14, "num_partial_branches": 3, "covered_branches": 11, "missing_branches": 3}, "missing_lines": [1047, 1077], "excluded_lines": [], "executed_branches": [[1046, 1049], [1049, 1050], [1051, 1052], [1051, 1055], [1072, 1073], [1072, 1080], [1074, 1072], [1074, 1075], [1076, 1072], [1080, 1081], [1080, 1083]], "missing_branches": [[1046, 1047], [1049, 1055], [1076, 1077]]}, "ArbitrageScanner._analyze_item": {"executed_lines": [1103, 1104, 1105, 1108, 1112, 1113, 1114, 1119, 1120, 1123, 1124, 1125, 1128, 1129, 1130, 1131, 1132, 1133, 1140, 1141, 1145, 1148, 1149, 1150, 1154, 1157, 1162, 1174, 1185, 1186, 1188, 1189, 1190, 1192], "summary": {"covered_lines": 34, "num_statements": 38, "percent_covered": 88.46153846153847, "percent_covered_display": "88.46", "missing_lines": 4, "excluded_lines": 0, "num_branches": 14, "num_partial_branches": 2, "covered_branches": 12, "missing_branches": 2}, "missing_lines": [1109, 1116, 1170, 1171], "excluded_lines": [], "executed_branches": [[1108, 1112], [1113, 1114], [1124, 1125], [1124, 1128], [1129, 1130], [1129, 1174], [1140, 1141], [1140, 1148], [1149, 1150], [1149, 1157], [1185, 1186], [1185, 1192]], "missing_branches": [[1108, 1109], [1113, 1116]]}, "ArbitrageScanner.scan_all_levels": {"executed_lines": [1209, 1210, 1211, 1216, 1217], "summary": {"covered_lines": 5, "num_statements": 5, "percent_covered": 100.0, "percent_covered_display": "100.00", "missing_lines": 0, "excluded_lines": 0, "num_branches": 2, "num_partial_branches": 0, "covered_branches": 2, "missing_branches": 0}, "missing_lines": [], "excluded_lines": [], "executed_branches": [[1210, 1211], [1210, 1217]], "missing_branches": []}, "ArbitrageScanner.find_best_opportunities": {"executed_lines": [1241, 1243, 1247, 1248, 1249, 1250, 1251, 1252, 1253, 1256, 1257, 1258, 1259, 1262, 1267], "summary": {"covered_lines": 15, "num_statements": 17, "percent_covered": 85.18518518518519, "percent_covered_display": "85.19", "missing_lines": 2, "excluded_lines": 0, "num_branches": 10, "num_partial_branches": 2, "covered_branches": 8, "missing_branches": 2}, "missing_lines": [1242, 1244], "excluded_lines": [], "executed_branches": [[1241, 1243], [1243, 1247], [1248, 1249], [1248, 1251], [1251, 1252], [1251, 1256], [1257, 1258], [1257, 1262]], "missing_branches": [[1241, 1242], [1243, 1244]]}, "ArbitrageScanner.get_level_stats": {"executed_lines": [1276, 1277, 1278, 1279, 1285], "summary": {"covered_lines": 5, "num_statements": 5, "percent_covered": 100.0, "percent_covered_display": "100.00", "missing_lines": 0, "excluded_lines": 0, "num_branches": 2, "num_partial_branches": 0, "covered_branches": 2, "missing_branches": 0}, "missing_lines": [], "excluded_lines": [], "executed_branches": [[1277, 1278], [1277, 1285]], "missing_branches": []}, "ArbitrageScanner.get_market_overview": {"executed_lines": [], "summary": {"covered_lines": 0, "num_statements": 32, "percent_covered": 0.0, "percent_covered_display": "0.00", "missing_lines": 32, "excluded_lines": 0, "num_branches": 16, "num_partial_branches": 0, "covered_branches": 0, "missing_branches": 16}, "missing_lines": [1300, 1301, 1302, 1304, 1307, 1308, 1309, 1310, 1311, 1313, 1314, 1315, 1318, 1319, 1320, 1321, 1322, 1323, 1325, 1326, 1327, 1330, 1331, 1332, 1333, 1334, 1335, 1337, 1339, 1350, 1351, 1352], "excluded_lines": [], "executed_branches": [], "missing_branches": [[1313, 1314], [1313, 1337], [1319, 1313], [1319, 1320], [1322, 1323], [1322, 1330], [1325, 1326], [1325, 1330], [1326, 1325], [1326, 1327], [1330, 1313], [1330, 1331], [1332, 1330], [1332, 1333], [1333, 1334], [1333, 1335]]}, "ArbitrageScanner.get_statistics": {"executed_lines": [], "summary": {"covered_lines": 0, "num_statements": 1, "percent_covered": 0.0, "percent_covered_display": "0.00", "missing_lines": 1, "excluded_lines": 0, "num_branches": 0, "num_partial_branches": 0, "covered_branches": 0, "missing_branches": 0}, "missing_lines": [1367], "excluded_lines": [], "executed_branches": [], "missing_branches": []}, "ArbitrageScanner.clear_cache": {"executed_lines": [], "summary": {"covered_lines": 0, "num_statements": 2, "percent_covered": 0.0, "percent_covered_display": "0.00", "missing_lines": 2, "excluded_lines": 0, "num_branches": 0, "num_partial_branches": 0, "covered_branches": 0, "missing_branches": 0}, "missing_lines": [1378, 1379], "excluded_lines": [], "executed_branches": [], "missing_branches": []}, "find_arbitrage_opportunities_async": {"executed_lines": [1401, 1402], "summary": {"covered_lines": 2, "num_statements": 2, "percent_covered": 100.0, "percent_covered_display": "100.00", "missing_lines": 0, "excluded_lines": 0, "num_branches": 0, "num_partial_branches": 0, "covered_branches": 0, "missing_branches": 0}, "missing_lines": [], "excluded_lines": [], "executed_branches": [], "missing_branches": []}, "find_multi_game_arbitrage_opportunities": {"executed_lines": [1421, 1423, 1424], "summary": {"covered_lines": 3, "num_statements": 4, "percent_covered": 66.66666666666667, "percent_covered_display": "66.67", "missing_lines": 1, "excluded_lines": 0, "num_branches": 2, "num_partial_branches": 1, "covered_branches": 1, "missing_branches": 1}, "missing_lines": [1422], "excluded_lines": [], "executed_branches": [[1421, 1423]], "missing_branches": [[1421, 1422]]}, "scan_game_for_arbitrage": {"executed_lines": [1449, 1450], "summary": {"covered_lines": 2, "num_statements": 2, "percent_covered": 100.0, "percent_covered_display": "100.00", "missing_lines": 0, "excluded_lines": 0, "num_branches": 0, "num_partial_branches": 0, "covered_branches": 0, "missing_branches": 0}, "missing_lines": [], "excluded_lines": [], "executed_branches": [], "missing_branches": []}, "scan_multiple_games": {"executed_lines": [1473, 1475, 1476], "summary": {"covered_lines": 3, "num_statements": 4, "percent_covered": 66.66666666666667, "percent_covered_display": "66.67", "missing_lines": 1, "excluded_lines": 0, "num_branches": 2, "num_partial_branches": 1, "covered_branches": 1, "missing_branches": 1}, "missing_lines": [1474], "excluded_lines": [], "executed_branches": [[1473, 1475]], "missing_branches": [[1473, 1474]]}, "check_user_balance": {"executed_lines": [1495, 1496], "summary": {"covered_lines": 2, "num_statements": 2, "percent_covered": 100.0, "percent_covered_display": "100.00", "missing_lines": 0, "excluded_lines": 0, "num_branches": 0, "num_partial_branches": 0, "covered_branches": 0, "missing_branches": 0}, "missing_lines": [], "excluded_lines": [], "executed_branches": [], "missing_branches": []}, "auto_trade_items": {"executed_lines": [], "summary": {"covered_lines": 0, "num_statements": 2, "percent_covered": 0.0, "percent_covered_display": "0.00", "missing_lines": 2, "excluded_lines": 0, "num_branches": 0, "num_partial_branches": 0, "covered_branches": 0, "missing_branches": 0}, "missing_lines": [1521, 1522], "excluded_lines": [], "executed_branches": [], "missing_branches": []}, "": {"executed_lines": [1, 9, 10, 11, 12, 13, 15, 22, 23, 24, 28, 31, 42, 45, 53, 100, 101, 115, 152, 153, 157, 158, 162, 184, 195, 217, 350, 410, 471, 626, 826, 874, 936, 987, 1004, 1023, 1086, 1194, 1219, 1269, 1287, 1360, 1376, 1385, 1405, 1427, 1453, 1485, 1499], "summary": {"covered_lines": 47, "num_statements": 47, "percent_covered": 100.0, "percent_covered_display": "100.00", "missing_lines": 0, "excluded_lines": 0, "num_branches": 0, "num_partial_branches": 0, "covered_branches": 0, "missing_branches": 0}, "missing_lines": [], "excluded_lines": [], "executed_branches": [], "missing_branches": []}}, "classes": {"ArbitrageScanner": {"executed_lines": [128, 129, 130, 133, 134, 137, 138, 139, 142, 143, 144, 147, 148, 149, 150, 155, 160, 172, 173, 175, 176, 179, 180, 182, 192, 193, 202, 204, 212, 213, 215, 239, 242, 243, 244, 245, 247, 249, 252, 259, 260, 261, 262, 263, 264, 265, 266, 272, 273, 274, 275, 276, 277, 278, 281, 284, 286, 287, 289, 290, 291, 292, 293, 294, 297, 298, 300, 301, 302, 303, 304, 305, 306, 307, 310, 313, 322, 330, 331, 334, 337, 340, 343, 345, 346, 347, 348, 369, 371, 373, 387, 388, 391, 393, 408, 431, 434, 437, 438, 439, 440, 445, 454, 460, 461, 462, 463, 464, 465, 466, 467, 469, 478, 480, 482, 485, 491, 506, 551, 552, 553, 556, 557, 558, 561, 564, 567, 568, 589, 595, 608, 609, 610, 612, 614, 648, 649, 650, 653, 656, 657, 658, 660, 661, 664, 667, 671, 672, 673, 678, 680, 686, 687, 692, 693, 694, 695, 696, 699, 700, 701, 702, 703, 706, 713, 715, 719, 724, 725, 727, 733, 734, 737, 817, 818, 821, 824, 1000, 1001, 1002, 1014, 1015, 1017, 1018, 1021, 1042, 1043, 1046, 1049, 1050, 1051, 1052, 1055, 1056, 1059, 1060, 1063, 1071, 1072, 1073, 1074, 1075, 1076, 1080, 1081, 1083, 1084, 1103, 1104, 1105, 1108, 1112, 1113, 1114, 1119, 1120, 1123, 1124, 1125, 1128, 1129, 1130, 1131, 1132, 1133, 1140, 1141, 1145, 1148, 1149, 1150, 1154, 1157, 1162, 1174, 1185, 1186, 1188, 1189, 1190, 1192, 1209, 1210, 1211, 1216, 1217, 1241, 1243, 1247, 1248, 1249, 1250, 1251, 1252, 1253, 1256, 1257, 1258, 1259, 1262, 1267, 1276, 1277, 1278, 1279, 1285], "summary": {"covered_lines": 266, "num_statements": 415, "percent_covered": 62.43567753001715, "percent_covered_display": "62.44", "missing_lines": 149, "excluded_lines": 0, "num_branches": 168, "num_partial_branches": 22, "covered_branches": 98, "missing_branches": 70}, "missing_lines": [269, 375, 384, 389, 432, 455, 456, 457, 492, 493, 507, 511, 513, 514, 517, 521, 522, 523, 526, 527, 528, 531, 532, 533, 534, 535, 537, 573, 574, 575, 577, 584, 585, 586, 668, 669, 670, 674, 675, 716, 717, 720, 721, 728, 731, 739, 740, 743, 746, 748, 754, 755, 758, 760, 761, 762, 765, 768, 774, 775, 776, 777, 782, 783, 789, 790, 791, 792, 796, 800, 805, 808, 810, 811, 814, 843, 845, 854, 855, 858, 861, 862, 864, 870, 871, 872, 891, 893, 909, 910, 919, 920, 921, 928, 932, 933, 934, 953, 955, 967, 968, 976, 981, 982, 985, 1019, 1047, 1077, 1109, 1116, 1170, 1171, 1242, 1244, 1300, 1301, 1302, 1304, 1307, 1308, 1309, 1310, 1311, 1313, 1314, 1315, 1318, 1319, 1320, 1321, 1322, 1323, 1325, 1326, 1327, 1330, 1331, 1332, 1333, 1334, 1335, 1337, 1339, 1350, 1351, 1352, 1367, 1378, 1379], "excluded_lines": [], "executed_branches": [[172, 173], [172, 175], [179, 180], [179, 182], [202, 204], [202, 212], [212, 213], [212, 215], [243, 244], [243, 247], [259, 260], [259, 284], [261, 262], [261, 263], [263, 264], [263, 265], [265, 266], [272, 273], [272, 284], [289, 290], [289, 292], [292, 293], [292, 297], [300, 301], [300, 310], [301, 302], [301, 303], [303, 304], [303, 306], [306, 307], [371, 373], [371, 408], [373, 387], [388, 391], [391, 371], [391, 393], [431, 434], [438, 439], [438, 460], [460, 461], [460, 469], [491, 506], [506, 551], [567, 568], [660, 661], [660, 667], [667, 671], [671, 672], [700, 701], [700, 706], [701, 700], [701, 702], [713, 715], [713, 817], [715, 719], [719, 724], [727, 733], [733, 734], [1000, 1001], [1000, 1002], [1014, 1015], [1014, 1017], [1018, 1021], [1046, 1049], [1049, 1050], [1051, 1052], [1051, 1055], [1072, 1073], [1072, 1080], [1074, 1072], [1074, 1075], [1076, 1072], [1080, 1081], [1080, 1083], [1108, 1112], [1113, 1114], [1124, 1125], [1124, 1128], [1129, 1130], [1129, 1174], [1140, 1141], [1140, 1148], [1149, 1150], [1149, 1157], [1185, 1186], [1185, 1192], [1210, 1211], [1210, 1217], [1241, 1243], [1243, 1247], [1248, 1249], [1248, 1251], [1251, 1252], [1251, 1256], [1257, 1258], [1257, 1262], [1277, 1278], [1277, 1285]], "missing_branches": [[265, 269], [306, 310], [373, 375], [388, 389], [431, 432], [491, 492], [506, 507], [517, 521], [517, 523], [523, 526], [523, 528], [528, 531], [528, 533], [533, 534], [533, 537], [567, 573], [573, 574], [573, 577], [584, 585], [584, 589], [667, 668], [671, 674], [674, 675], [674, 678], [715, 716], [719, 720], [727, 728], [733, 739], [739, 740], [739, 746], [754, 755], [754, 760], [761, 762], [761, 768], [774, 775], [774, 800], [789, 790], [789, 796], [854, 855], [854, 858], [909, 910], [909, 919], [919, 920], [919, 928], [967, 968], [967, 976], [1018, 1019], [1046, 1047], [1049, 1055], [1076, 1077], [1108, 1109], [1113, 1116], [1241, 1242], [1243, 1244], [1313, 1314], [1313, 1337], [1319, 1313], [1319, 1320], [1322, 1323], [1322, 1330], [1325, 1326], [1325, 1330], [1326, 1325], [1326, 1327], [1330, 1313], [1330, 1331], [1332, 1330], [1332, 1333], [1333, 1334], [1333, 1335]]}, "": {"executed_lines": [1, 9, 10, 11, 12, 13, 15, 22, 23, 24, 28, 31, 42, 45, 53, 100, 101, 115, 152, 153, 157, 158, 162, 184, 195, 217, 350, 410, 471, 626, 826, 874, 936, 987, 1004, 1023, 1086, 1194, 1219, 1269, 1287, 1360, 1376, 1385, 1401, 1402, 1405, 1421, 1423, 1424, 1427, 1449, 1450, 1453, 1473, 1475, 1476, 1485, 1495, 1496, 1499], "summary": {"covered_lines": 59, "num_statements": 63, "percent_covered": 91.04477611940298, "percent_covered_display": "91.04", "missing_lines": 4, "excluded_lines": 0, "num_branches": 4, "num_partial_branches": 2, "covered_branches": 2, "missing_branches": 2}, "missing_lines": [1422, 1474, 1521, 1522], "excluded_lines": [], "executed_branches": [[1421, 1423], [1473, 1475]], "missing_branches": [[1421, 1422], [1473, 1474]]}}}, "src/dmarket/auto_arbitrage.py": {"executed_lines": [1, 9, 10, 11, 14, 20, 31, 42, 52, 53, 56, 66, 67, 70, 80, 81, 84, 97, 98, 99, 100, 101, 103, 105, 106, 107, 110, 120], "summary": {"covered_lines": 25, "num_statements": 31, "percent_covered": 83.78378378378379, "percent_covered_display": "83.78", "missing_lines": 6, "excluded_lines": 3, "num_branches": 6, "num_partial_branches": 0, "covered_branches": 6, "missing_branches": 0}, "missing_lines": [112, 113, 114, 115, 116, 117], "excluded_lines": [106, 120, 122], "executed_branches": [[97, -84], [97, 98], [98, 99], [98, 100], [100, 101], [100, 103]], "missing_branches": [], "functions": {"generate_random_items": {"executed_lines": [31], "summary": {"covered_lines": 1, "num_statements": 1, "percent_covered": 100.0, "percent_covered_display": "100.00", "missing_lines": 0, "excluded_lines": 0, "num_branches": 0, "num_partial_branches": 0, "covered_branches": 0, "missing_branches": 0}, "missing_lines": [], "excluded_lines": [], "executed_branches": [], "missing_branches": []}, "arbitrage_boost": {"executed_lines": [52, 53], "summary": {"covered_lines": 2, "num_statements": 2, "percent_covered": 100.0, "percent_covered_display": "100.00", "missing_lines": 0, "excluded_lines": 0, "num_branches": 0, "num_partial_branches": 0, "covered_branches": 0, "missing_branches": 0}, "missing_lines": [], "excluded_lines": [], "executed_branches": [], "missing_branches": []}, "arbitrage_mid": {"executed_lines": [66, 67], "summary": {"covered_lines": 2, "num_statements": 2, "percent_covered": 100.0, "percent_covered_display": "100.00", "missing_lines": 0, "excluded_lines": 0, "num_branches": 0, "num_partial_branches": 0, "covered_branches": 0, "missing_branches": 0}, "missing_lines": [], "excluded_lines": [], "executed_branches": [], "missing_branches": []}, "arbitrage_pro": {"executed_lines": [80, 81], "summary": {"covered_lines": 2, "num_statements": 2, "percent_covered": 100.0, "percent_covered_display": "100.00", "missing_lines": 0, "excluded_lines": 0, "num_branches": 0, "num_partial_branches": 0, "covered_branches": 0, "missing_branches": 0}, "missing_lines": [], "excluded_lines": [], "executed_branches": [], "missing_branches": []}, "auto_arbitrage_demo": {"executed_lines": [97, 98, 99, 100, 101, 103, 105, 106, 107], "summary": {"covered_lines": 8, "num_statements": 8, "percent_covered": 100.0, "percent_covered_display": "100.00", "missing_lines": 0, "excluded_lines": 1, "num_branches": 6, "num_partial_branches": 0, "covered_branches": 6, "missing_branches": 0}, "missing_lines": [], "excluded_lines": [106], "executed_branches": [[97, -84], [97, 98], [98, 99], [98, 100], [100, 101], [100, 103]], "missing_branches": []}, "main": {"executed_lines": [], "summary": {"covered_lines": 0, "num_statements": 6, "percent_covered": 0.0, "percent_covered_display": "0.00", "missing_lines": 6, "excluded_lines": 0, "num_branches": 0, "num_partial_branches": 0, "covered_branches": 0, "missing_branches": 0}, "missing_lines": [112, 113, 114, 115, 116, 117], "excluded_lines": [], "executed_branches": [], "missing_branches": []}, "": {"executed_lines": [1, 9, 10, 11, 14, 20, 42, 56, 70, 84, 110, 120], "summary": {"covered_lines": 10, "num_statements": 10, "percent_covered": 100.0, "percent_covered_display": "100.00", "missing_lines": 0, "excluded_lines": 2, "num_branches": 0, "num_partial_branches": 0, "covered_branches": 0, "missing_branches": 0}, "missing_lines": [], "excluded_lines": [120, 122], "executed_branches": [], "missing_branches": []}}, "classes": {"": {"executed_lines": [1, 9, 10, 11, 14, 20, 31, 42, 52, 53, 56, 66, 67, 70, 80, 81, 84,
[...]
ng_branches": []}, "RateLimiter.get_endpoint_type": {"executed_lines": [77, 80, 87, 88, 91, 97, 101, 105, 106, 109, 115, 116, 118], "summary": {"covered_lines": 13, "num_statements": 14, "percent_covered": 90.9090909090909, "percent_covered_display": "90.91", "missing_lines": 1, "excluded_lines": 0, "num_branches": 8, "num_partial_branches": 1, "covered_branches": 7, "missing_branches": 1}, "missing_lines": [98], "excluded_lines": [], "executed_branches": [[87, 88], [87, 91], [97, 101], [105, 106], [105, 109], [115, 116], [115, 118]], "missing_branches": [[97, 98]]}, "RateLimiter.update_from_headers": {"executed_lines": [128, 129, 130, 133, 134, 135, 136, 137, 138, 139, 140, 141, 142, 143, 146, 147, 148, 149, 152, 153, 154, 156, 157, 158, 165, 166, 173, 174, 175, 176, 179, 180, 186, 187], "summary": {"covered_lines": 33, "num_statements": 35, "percent_covered": 90.9090909090909, "percent_covered_display": "90.91", "missing_lines": 2, "excluded_lines": 3, "num_branches": 20, "num_partial_branches": 3, "covered_branches": 17, "missing_branches": 3}, "missing_lines": [161, 184], "excluded_lines": [162, 185, 187], "executed_branches": [[134, 135], [134, 146], [136, 137], [136, 138], [138, 139], [138, 140], [140, 141], [140, 142], [142, 143], [146, 147], [152, 153], [152, 165], [156, 157], [165, 166], [165, 173], [173, -120], [173, 174]], "missing_branches": [[142, 146], [146, -120], [156, 165]]}, "RateLimiter.wait_if_needed": {"executed_lines": [197, 198, 199, 202, 203, 204, 207, 210, 211, 217, 220, 221, 224, 227, 228, 231, 233, 236, 237, 242, 245], "summary": {"covered_lines": 21, "num_statements": 21, "percent_covered": 93.54838709677419, "percent_covered_display": "93.55", "missing_lines": 0, "excluded_lines": 0, "num_branches": 10, "num_partial_branches": 2, "covered_branches": 8, "missing_branches": 2}, "missing_lines": [], "excluded_lines": [], "executed_branches": [[197, 198], [197, 217], [202, 203], [220, 221], [220, 224], [231, 233], [231, 245], [236, 237]], "missing_branches": [[202, 217], [236, 242]]}, "RateLimiter.handle_429": {"executed_lines": [263, 264, 267, 268, 272, 273, 274, 277, 280, 282, 289, 291], "summary": {"covered_lines": 12, "num_statements": 12, "percent_covered": 100.0, "percent_covered_display": "100.00", "missing_lines": 0, "excluded_lines": 0, "num_branches": 2, "num_partial_branches": 0, "covered_branches": 2, "missing_branches": 0}, "missing_lines": [], "excluded_lines": [], "executed_branches": [[267, 268], [267, 272]], "missing_branches": []}, "RateLimiter.reset_retry_attempts": {"executed_lines": [300, 301], "summary": {"covered_lines": 2, "num_statements": 2, "percent_covered": 100.0, "percent_covered_display": "100.00", "missing_lines": 0, "excluded_lines": 0, "num_branches": 2, "num_partial_branches": 0, "covered_branches": 2, "missing_branches": 0}, "missing_lines": [], "excluded_lines": [], "executed_branches": [[300, -293], [300, 301]], "missing_branches": []}, "RateLimiter.get_rate_limit": {"executed_lines": [314, 315, 318, 320, 321, 322, 325], "summary": {"covered_lines": 7, "num_statements": 7, "percent_covered": 100.0, "percent_covered_display": "100.00", "missing_lines": 0, "excluded_lines": 0, "num_branches": 6, "num_partial_branches": 0, "covered_branches": 6, "missing_branches": 0}, "missing_lines": [], "excluded_lines": [], "executed_branches": [[314, 315], [314, 318], [318, 320], [318, 325], [320, 321], [320, 322]], "missing_branches": []}, "RateLimiter.set_custom_limit": {"executed_lines": [335, 336], "summary": {"covered_lines": 2, "num_statements": 2, "percent_covered": 100.0, "percent_covered_display": "100.00", "missing_lines": 0, "excluded_lines": 0, "num_branches": 0, "num_partial_branches": 0, "covered_branches": 0, "missing_branches": 0}, "missing_lines": [], "excluded_lines": [], "executed_branches": [], "missing_branches": []}, "RateLimiter.get_remaining_requests": {"executed_lines": [351, 352, 356], "summary": {"covered_lines": 3, "num_statements": 3, "percent_covered": 100.0, "percent_covered_display": "100.00", "missing_lines": 0, "excluded_lines": 0, "num_branches": 2, "num_partial_branches": 0, "covered_branches": 2, "missing_branches": 0}, "missing_lines": [], "excluded_lines": [], "executed_branches": [[351, 352], [351, 356]], "missing_branches": []}, "": {"executed_lines": [1, 3, 4, 5, 9, 13, 22, 25, 26, 35, 67, 120, 189, 247, 293, 303, 327, 340], "summary": {"covered_lines": 16, "num_statements": 16, "percent_covered": 100.0, "percent_covered_display": "100.00", "missing_lines": 0, "excluded_lines": 0, "num_branches": 0, "num_partial_branches": 0, "covered_branches": 0, "missing_branches": 0}, "missing_lines": [], "excluded_lines": [], "executed_branches": [], "missing_branches": []}}, "classes": {"RateLimiter": {"executed_lines": [43, 46, 49, 52, 55, 58, 61, 63, 77, 80, 87, 88, 91, 97, 101, 105, 106, 109, 115, 116, 118, 128, 129, 130, 133, 134, 135, 136, 137, 138, 139, 140, 141, 142, 143, 146, 147, 148, 149, 152, 153, 154, 156, 157, 158, 165, 166, 173, 174, 175, 176, 179, 180, 186, 187, 197, 198, 199, 202, 203, 204, 207, 210, 211, 217, 220, 221, 224, 227, 228, 231, 233, 236, 237, 242, 245, 263, 264, 267, 268, 272, 273, 274, 277, 280, 282, 289, 291, 300, 301, 314, 315, 318, 320, 321, 322, 325, 335, 336, 351, 352, 356], "summary": {"covered_lines": 101, "num_statements": 104, "percent_covered": 94.15584415584415, "percent_covered_display": "94.16", "missing_lines": 3, "excluded_lines": 3, "num_branches": 50, "num_partial_branches": 6, "covered_branches": 44, "missing_branches": 6}, "missing_lines": [98, 161, 184], "excluded_lines": [162, 185, 187], "executed_branches": [[87, 88], [87, 91], [97, 101], [105, 106], [105, 109], [115, 116], [115, 118], [134, 135], [134, 146], [136, 137], [136, 138], [138, 139], [138, 140], [140, 141], [140, 142], [142, 143], [146, 147], [152, 153], [152, 165], [156, 157], [165, 166], [165, 173], [173, -120], [173, 174], [197, 198], [197, 217], [202, 203], [220, 221], [220, 224], [231, 233], [231, 245], [236, 237], [267, 268], [267, 272], [300, -293], [300, 301], [314, 315], [314, 318], [318, 320], [318, 325], [320, 321], [320, 322], [351, 352], [351, 356]], "missing_branches": [[97, 98], [142, 146], [146, -120], [156, 165], [202, 217], [236, 242]]}, "": {"executed_lines": [1, 3, 4, 5, 9, 13, 22, 25, 26, 35, 67, 120, 189, 247, 293, 303, 327, 340], "summary": {"covered_lines": 16, "num_statements": 16, "percent_covered": 100.0, "percent_covered_display": "100.00", "missing_lines": 0, "excluded_lines": 0, "num_branches": 0, "num_partial_branches": 0, "covered_branches": 0, "missing_branches": 0}, "missing_lines": [], "excluded_lines": [], "executed_branches": [], "missing_branches": []}}}, "src/utils/websocket_client.py": {"executed_lines": [1, 7, 8, 9, 10, 11, 12, 13, 15, 16, 18, 21, 24, 25, 28, 30, 37, 38, 39, 40, 41, 42, 45, 48, 51, 54, 56, 63, 64, 65, 67, 69, 71, 72, 75, 94, 95, 96, 97, 99, 101, 102, 105, 107, 108, 109, 111, 113, 117, 122, 123, 124, 126, 127, 129, 130, 131, 132, 134, 135, 136, 137, 139, 141, 142, 148, 150, 151, 154, 156, 157, 162, 165, 167, 168, 173, 180, 181, 184, 185, 186, 189, 190, 191, 194, 195, 196, 199, 200, 201, 207, 208, 212, 219, 220, 221, 223, 224, 225, 227, 229, 230, 231, 233, 238, 239, 246, 247, 249, 251, 254, 256, 257, 259, 261, 262, 264, 266, 267, 269, 280, 281, 282, 285, 290, 291, 294, 295, 298, 299, 301, 311, 316, 322, 323, 326, 327, 329, 331, 343, 344, 346, 347, 349, 361, 362, 363, 365, 375, 376, 377, 379, 380, 382, 392, 394, 404], "summary": {"covered_lines": 153, "num_statements": 176, "percent_covered": 84.34782608695652, "percent_covered_display": "84.35", "missing_lines": 23, "excluded_lines": 2, "num_branches": 54, "num_partial_branches": 11, "covered_branches": 41, "missing_branches": 13}, "missing_lines": [81, 82, 83, 86, 87, 90, 92, 114, 115, 143, 144, 145, 146, 169, 202, 203, 209, 210, 234, 235, 252, 312, 313], "excluded_lines": [67, 102], "executed_branches": [[71, 72], [113, -99], [122, -117], [122, 123], [126, 127], [126, 129], [129, 130], [129, 134], [134, 135], [150, 151], [150, 156], [168, -148], [184, 185], [184, 189], [189, 190], [189, 194], [194, 195], [199, -173], [199, 200], [219, 220], [219, 223], [229, 230], [229, 233], [233, 238], [251, 254], [256, -249], [256, 257], [261, 262], [261, 264], [266, -259], [266, 267], [280, 281], [280, 285], [290, 291], [290, 294], [311, 316], [326, 327], [343, 344], [361, 362], [375, 376], [375, 379]], "missing_branches": [[71, 75], [86, 87], [86, 90], [113, 114], [134, 122], [168, 169], [194, -173], [233, 234], [251, 252], [311, 312], [326, 329], [343, 346], [361, -349]], "functions": {"DMarketWebSocketClient.__init__": {"executed_lines": [37, 38, 39, 40, 41, 42, 45, 48, 51, 54], "summary": {"covered_lines": 10, "num_statements": 10, "percent_covered": 100.0, "percent_covered_display": "100.00", "missing_lines": 0, "excluded_lines": 0, "num_branches": 0, "num_partial_branches": 0, "covered_branches": 0, "missing_branches": 0}, "missing_lines": [], "excluded_lines": [], "executed_branches": [], "missing_branches": []}, "DMarketWebSocketClient.connect": {"executed_lines": [63, 64, 65, 67, 69, 71, 72, 75, 94, 95, 96, 97], "summary": {"covered_lines": 11, "num_statements": 18, "percent_covered": 54.54545454545455, "percent_covered_display": "54.55", "missing_lines": 7, "excluded_lines": 1, "num_branches": 4, "num_partial_branches": 1, "covered_branches": 1, "missing_branches": 3}, "missing_lines": [81, 82, 83, 86, 87, 90, 92], "excluded_lines": [67], "executed_branches": [[71, 72]], "missing_branches": [[71, 75], [86, 87], [86, 90]]}, "DMarketWebSocketClient.close": {"executed_lines": [101, 102, 105, 107, 108, 109, 111, 113], "summary": {"covered_lines": 7, "num_statements": 9, "percent_covered": 72.72727272727273, "percent_covered_display": "72.73", "missing_lines": 2, "excluded_lines": 1, "num_branches": 2, "num_partial_branches": 1, "covered_branches": 1, "missing_branches": 1}, "missing_lines": [114, 115], "excluded_lines": [102], "executed_branches": [[113, -99]], "missing_branches": [[113, 114]]}, "DMarketWebSocketClient.listen": {"executed_lines": [122, 123, 124, 126, 127, 129, 130, 131, 132, 134, 135, 136, 137, 139, 141, 142], "summary": {"covered_lines": 16, "num_statements": 20, "percent_covered": 82.14285714285714, "percent_covered_display": "82.14", "missing_lines": 4, "excluded_lines": 0, "num_branches": 8, "num_partial_branches": 1, "covered_branches": 7, "missing_branches": 1}, "missing_lines": [143, 144, 145, 146], "excluded_lines": [], "executed_branches": [[122, -117], [122, 123], [126, 127], [126, 129], [129, 130], [129, 134], [134, 135]], "missing_branches": [[134, 122]]}, "DMarketWebSocketClient._attempt_reconnect": {"executed_lines": [150, 151, 154, 156, 157, 162, 165, 167, 168], "summary": {"covered_lines": 9, "num_statements": 10, "percent_covered": 85.71428571428571, "percent_covered_display": "85.71", "missing_lines": 1, "excluded_lines": 0, "num_branches": 4, "num_partial_branches": 1, "covered_branches": 3, "missing_branches": 1}, "missing_lines": [169], "excluded_lines": [], "executed_branches": [[150, 151], [150, 156], [168, -148]], "missing_branches": [[168, 169]]}, "DMarketWebSocketClient._handle_message": {"executed_lines": [180, 181, 184, 185, 186, 189, 190, 191, 194, 195, 196, 199, 200, 201, 207, 208], "summary": {"covered_lines": 16, "num_statements": 20, "percent_covered": 82.14285714285714, "percent_covered_display": "82.14", "missing_lines": 4, "excluded_lines": 0, "num_branches": 8, "num_partial_branches": 1, "covered_branches": 7, "missing_branches": 1}, "missing_lines": [202, 203, 209, 210], "excluded_lines": [], "executed_branches": [[184, 185], [184, 189], [189, 190], [189, 194], [194, 195], [199, -173], [199, 200]], "missing_branches": [[194, -173]]}, "DMarketWebSocketClient._handle_auth_response": {"executed_lines": [219, 220, 221, 223, 224, 225], "summary": {"covered_lines": 6, "num_statements": 6, "percent_covered": 100.0, "percent_covered_display": "100.00", "missing_lines": 0, "excluded_lines": 0, "num_branches": 2, "num_partial_branches": 0, "covered_branches": 2, "missing_branches": 0}, "missing_lines": [], "excluded_lines": [], "executed_branches": [[219, 220], [219, 223]], "missing_branches": []}, "DMarketWebSocketClient._authenticate": {"executed_lines": [229, 230, 231, 233, 238, 239, 246, 247], "summary": {"covered_lines": 8, "num_statements": 10, "percent_covered": 78.57142857142857, "percent_covered_display": "78.57", "missing_lines": 2, "excluded_lines": 0, "num_branches": 4, "num_partial_branches": 1, "covered_branches": 3, "missing_branches": 1}, "missing_lines": [234, 235], "excluded_lines": [], "executed_branches": [[229, 230], [229, 233], [233, 238]], "missing_branches": [[233, 234]]}, "DMarketWebSocketClient._resubscribe": {"executed_lines": [251, 254, 256, 257], "summary": {"covered_lines": 4, "num_statements": 5, "percent_covered": 77.77777777777777, "percent_covered_display": "77.78", "missing_lines": 1, "excluded_lines": 0, "num_branches": 4, "num_partial_branches": 1, "covered_branches": 3, "missing_branches": 1}, "missing_lines": [252], "excluded_lines": [], "executed_branches": [[251, 254], [256, -249], [256, 257]], "missing_branches": [[251, 252]]}, "DMarketWebSocketClient._unsubscribe_all": {"executed_lines": [261, 262, 264, 266, 267], "summary": {"covered_lines": 5, "num_statements": 5, "percent_covered": 100.0, "percent_covered_display": "100.00", "missing_lines": 0, "excluded_lines": 0, "num_branches": 4, "num_partial_branches": 0, "covered_branches": 4, "missing_branches": 0}, "missing_lines": [], "excluded_lines": [], "executed_branches": [[261, 262], [261, 264], [266, -259], [266, 267]], "missing_branches": []}, "DMarketWebSocketClient.subscribe": {"executed_lines": [280, 281, 282, 285, 290, 291, 294, 295, 298, 299], "summary": {"covered_lines": 10, "num_statements": 10, "percent_covered": 100.0, "percent_covered_display": "100.00", "missing_lines": 0, "excluded_lines": 0, "num_branches": 4, "num_partial_branches": 0, "covered_branches": 4, "missing_branches": 0}, "missing_lines": [], "excluded_lines": [], "executed_branches": [[280, 281], [280, 285], [290, 291], [290, 294]], "missing_branches": []}, "DMarketWebSocketClient.unsubscribe": {"executed_lines": [311, 316, 322, 323, 326, 327, 329], "summary": {"covered_lines": 7, "num_statements": 9, "percent_covered": 69.23076923076923, "percent_covered_display": "69.23", "missing_lines": 2, "excluded_lines": 0, "num_branches": 4, "num_partial_branches": 2, "covered_branches": 2, "missing_branches": 2}, "missing_lines": [312, 313], "excluded_lines": [], "executed_branches": [[311, 316], [326, 327]], "missing_branches": [[311, 312], [326, 329]]}, "DMarketWebSocketClient.register_handler": {"executed_lines": [343, 344, 346, 347], "summary": {"covered_lines": 4, "num_statements": 4, "percent_covered": 83.33333333333333, "percent_covered_display": "83.33", "missing_lines": 0, "excluded_lines": 0, "num_branches": 2, "num_partial_branches": 1, "covered_branches": 1, "missing_branches": 1}, "missing_lines": [], "excluded_lines": [], "executed_branches": [[343, 344]], "missing_branches": [[343, 346]]}, "DMarketWebSocketClient.unregister_handler": {"executed_lines": [361, 362, 363], "summary": {"covered_lines": 3, "num_statements": 3, "percent_covered": 80.0, "percent_covered_display": "80.00", "missing_lines": 0, "excluded_lines": 0, "num_branches": 2, "num_partial_branches": 1, "covered_branches": 1, "missing_branches": 1}, "missing_lines": [], "excluded_lines": [], "executed_branches": [[361, 362]], "missing_branches": [[361, -349]]}, "DMarketWebSocketClient.send_message": {"executed_lines": [375, 376, 377, 379, 380], "summary": {"covered_lines": 5, "num_statements": 5, "percent_covered": 100.0, "percent_covered_display": "100.00", "missing_lines": 0, "excluded_lines": 0, "num_branches": 2, "num_partial_branches": 0, "covered_branches": 2, "missing_branches": 0}, "missing_lines": [], "excluded_lines": [], "executed_branches": [[375, 376], [375, 379]], "missing_branches": []}, "DMarketWebSocketClient.subscribe_to_market_updates": {"executed_lines": [392], "summary": {"covered_lines": 1, "num_statements": 1, "percent_covered": 100.0, "percent_covered_display": "100.00", "missing_lines": 0, "excluded_lines": 0, "num_branches": 0, "num_partial_branches": 0, "covered_branches": 0, "missing_branches": 0}, "missing_lines": [], "excluded_lines": [], "executed_branches": [], "missing_branches": []}, "DMarketWebSocketClient.subscribe_to_item_updates": {"executed_lines": [404], "summary": {"covered_lines": 1, "num_statements": 1, "percent_covered": 100.0, "percent_covered_display": "100.00", "missing_lines": 0, "excluded_lines": 0, "num_branches": 0, "num_partial_branches": 0, "covered_branches": 0, "missing_branches": 0}, "missing_lines": [], "excluded_lines": [], "executed_branches": [], "missing_branches": []}, "": {"executed_lines": [1, 7, 8, 9, 10, 11, 12, 13, 15, 16, 18, 21, 24, 25, 28, 30, 56, 99, 117, 148, 173, 212, 227, 249, 259, 269, 301, 331, 349, 365, 382, 394], "summary": {"covered_lines": 30, "num_statements": 30, "percent_covered": 100.0, "percent_covered_display": "100.00", "missing_lines": 0, "excluded_lines": 0, "num_branches": 0, "num_partial_branches": 0, "covered_branches": 0, "missing_branches": 0}, "missing_lines": [], "excluded_lines": [], "executed_branches": [], "missing_branches": []}}, "classes": {"DMarketWebSocketClient": {"executed_lines": [37, 38, 39, 40, 41, 42, 45, 48, 51, 54, 63, 64, 65, 67, 69, 71, 72, 75, 94, 95, 96, 97, 101, 102, 105, 107, 108, 109, 111, 113, 122, 123, 124, 126, 127, 129, 130, 131, 132, 134, 135, 136, 137, 139, 141, 142, 150, 151, 154, 156, 157, 162, 165, 167, 168, 180, 181, 184, 185, 186, 189, 190, 191, 194, 195, 196, 199, 200, 201, 207, 208, 219, 220, 221, 223, 224, 225, 229, 230, 231, 233, 238, 239, 246, 247, 251, 254, 256, 257, 261, 262, 264, 266, 267, 280, 281, 282, 285, 290, 291, 294, 295, 298, 299, 311, 316, 322, 323, 326, 327, 329, 343, 344, 346, 347, 361, 362, 363, 375, 376, 377, 379, 380, 392, 404], "summary": {"covered_lines": 123, "num_statements": 146, "percent_covered": 82.0, "percent_covered_display": "82.00", "missing_lines": 23, "excluded_lines": 2, "num_branches": 54, "num_partial_branches": 11, "covered_branches": 41, "missing_branches": 13}, "missing_lines": [81, 82, 83, 86, 87, 90, 92, 114, 115, 143, 144, 145, 146, 169, 202, 203, 209, 210, 234, 235, 252, 312, 313], "excluded_lines": [67, 102], "executed_branches": [[71, 72], [113, -99], [122, -117], [122, 123], [126, 127], [126, 129], [129, 130], [129, 134], [134, 135], [150, 151], [150, 156], [168, -148], [184, 185], [184, 189], [189, 190], [189, 194], [194, 195], [199, -173], [199, 200], [219, 220], [219, 223], [229, 230], [229, 233], [233, 238], [251, 254], [256, -249], [256, 257], [261, 262], [261, 264], [266, -259], [266, 267], [280, 281], [280, 285], [290, 291], [290, 294], [311, 316], [326, 327], [343, 344], [361, 362], [375, 376], [375, 379]], "missing_branches": [[71, 75], [86, 87], [86, 90], [113, 114], [134, 122], [168, 169], [194, -173], [233, 234], [251, 252], [311, 312], [326, 329], [343, 346], [361, -349]]}, "": {"executed_lines": [1, 7, 8, 9, 10, 11, 12, 13, 15, 16, 18, 21, 24, 25, 28, 30, 56, 99, 117, 148, 173, 212, 227, 249, 259, 269, 301, 331, 349, 365, 382, 394], "summary": {"covered_lines": 30, "num_statements": 30, "percent_covered": 100.0, "percent_covered_display": "100.00", "missing_lines": 0, "excluded_lines": 0, "num_branches": 0, "num_partial_branches": 0, "covered_branches": 0, "missing_branches": 0}, "missing_lines": [], "excluded_lines": [], "executed_branches": [], "missing_branches": []}}}}, "totals": {"covered_lines": 7078, "num_statements": 12177, "percent_covered": 54.770816714732774, "percent_covered_display": "54.77", "missing_lines": 5099, "excluded_lines": 318, "num_branches": 4120, "num_partial_branches": 600, "covered_branches": 1848, "missing_branches": 2272}}