{"meta": {"format": 3, "version": "7.11.3", "timestamp": "2025-11-15T06:28:21.522138", "branch_coverage": true, "show_contexts": false}, "files": {"src/__init__.py": {"executed_lines": [1, 5], "summary": {"covered_lines": 1, "num_statements": 1, "percent_covered": 100.0, "percent_covered_display": "100.00", "missing_lines": 0, "excluded_lines": 0, "num_branches": 0, "num_partial_branches": 0, "covered_branches": 0, "missing_branches": 0}, "missing_lines": [], "excluded_lines": [], "executed_branches": [], "missing_branches": [], "functions": {"": {"executed_lines": [1, 5], "summary": {"covered_lines": 1, "num_statements": 1, "percent_covered": 100.0, "percent_covered_display": "100.00", "missing_lines": 0, "excluded_lines": 0, "num_branches": 0, "num_partial_branches": 0, "covered_branches": 0, "missing_branches": 0}, "missing_lines": [], "excluded_lines": [], "executed_branches": [], "missing_branches": []}}, "classes": {"": {"executed_lines": [1, 5], "summary": {"covered_lines": 1, "num_statements": 1, "percent_covered": 100.0, "percent_covered_display": "100.00", "missing_lines": 0, "excluded_lines": 0, "num_branches": 0, "num_partial_branches": 0, "covered_branches": 0, "missing_branches": 0}, "missing_lines": [], "excluded_lines": [], "executed_branches": [], "missing_branches": []}}}, "src/dmarket/__init__.py": {"executed_lines": [1, 3, 6, 8, 9, 12, 14, 18], "summary": {"covered_lines": 7, "num_statements": 11, "percent_covered": 63.63636363636363, "percent_covered_display": "63.64", "missing_lines": 4, "excluded_lines": 0, "num_branches": 0, "num_partial_branches": 0, "covered_branches": 0, "missing_branches": 0}, "missing_lines": [36, 85, 90, 97], "excluded_lines": [], "executed_branches": [], "missing_branches": [], "functions": {"find_arbitrage_opportunities": {"executed_lines": [], "summary": {"covered_lines": 0, "num_statements": 4, "percent_covered": 0.0, "percent_covered_display": "0.00", "missing_lines": 4, "excluded_lines": 0, "num_branches": 0, "num_partial_branches": 0, "covered_branches": 0, "missing_branches": 0}, "missing_lines": [36, 85, 90, 97], "excluded_lines": [], "executed_branches": [], "missing_branches": []}, "": {"executed_lines": [1, 3, 6, 8, 9, 12, 14, 18], "summary": {"covered_lines": 7, "num_statements": 7, "percent_covered": 100.0, "percent_covered_display": "100.00", "missing_lines": 0, "excluded_lines": 0, "num_branches": 0, "num_partial_branches": 0, "covered_branches": 0, "missing_branches": 0}, "missing_lines": [], "excluded_lines": [], "executed_branches": [], "missing_branches": []}}, "classes": {"": {"executed_lines": [1, 3, 6, 8, 9, 12, 14, 18], "summary": {"covered_lines": 7, "num_statements": 11, "percent_covered": 63.63636363636363, "percent_covered_display": "63.64", "missing_lines": 4, "excluded_lines": 0, "num_branches": 0, "num_partial_branches": 0, "covered_branches": 0, "missing_branches": 0}, "missing_lines": [36, 85, 90, 97], "excluded_lines": [], "executed_branches": [], "missing_branches": []}}}, "src/dmarket/arbitrage.py": {"executed_lines": [1, 3, 4, 5, 6, 7, 8, 9, 11, 15, 18, 21, 29, 30, 31, 34, 35, 40, 44, 47, 56, 65, 77, 78, 80, 81, 84, 85, 87, 90, 101, 102, 105, 125, 126, 127, 128, 130, 131, 132, 141, 143, 144, 147, 148, 155, 156, 157, 158, 161, 182, 190, 191, 195, 197, 204, 267, 278, 280, 283, 303, 306, 326, 329, 353, 359, 365, 371, 393, 401, 402, 406, 408, 415, 416, 417, 419, 465, 466, 469, 472, 479, 482, 488, 504, 505, 507, 529, 530, 531, 537, 548, 549, 550, 551, 554, 555, 556, 557, 560, 561, 562, 564, 591, 600, 631, 653, 678, 699, 700, 707, 802, 803, 806, 808, 923, 967, 980, 1071, 1080, 1103, 1136, 1183, 1248, 1303, 1325, 1326, 1333, 1334, 1341, 1351, 1360, 1361, 1375, 1378, 1404, 1405, 1408, 1413, 1414, 1415, 1416, 1419, 1425, 1439, 1442, 1443, 1444, 1445, 1448, 1449, 1451, 1457, 1458, 1459, 1463, 1465, 1473, 1480, 1483, 1486, 1487, 1489, 1565, 1568, 1569, 1575, 1576, 1579, 1581, 1589, 1661, 1673, 1674, 1685, 1696, 1705, 1706, 1709, 1721, 1723, 1733], "summary": {"covered_lines": 180, "num_statements": 552, "percent_covered": 27.821522309711288, "percent_covered_display": "27.82", "missing_lines": 372, "excluded_lines": 0, "num_branches": 210, "num_partial_branches": 16, "covered_branches": 32, "missing_branches": 178}, "missing_lines": [134, 192, 193, 205, 207, 211, 212, 215, 216, 217, 219, 220, 221, 222, 224, 225, 228, 229, 230, 231, 232, 233, 234, 236, 237, 238, 239, 240, 243, 244, 247, 248, 262, 263, 264, 349, 355, 356, 361, 362, 367, 368, 403, 404, 422, 423, 426, 429, 430, 431, 432, 433, 434, 435, 437, 438, 439, 440, 441, 444, 445, 448, 449, 483, 484, 485, 494, 495, 571, 572, 573, 575, 576, 577, 579, 582, 583, 584, 586, 587, 588, 589, 593, 595, 596, 597, 598, 611, 614, 615, 619, 622, 623, 627, 629, 633, 634, 635, 638, 640, 641, 644, 646, 647, 651, 660, 663, 664, 668, 671, 672, 673, 674, 676, 708, 715, 718, 720, 721, 725, 727, 728, 730, 731, 733, 736, 739, 740, 745, 746, 753, 755, 758, 759, 760, 761, 762, 763, 764, 766, 767, 768, 769, 770, 772, 773, 776, 777, 790, 791, 794, 797, 822, 831, 833, 834, 835, 838, 839, 840, 841, 844, 845, 848, 851, 852, 858, 859, 860, 862, 863, 866, 867, 868, 871, 874, 877, 880, 881, 887, 888, 889, 891, 893, 894, 897, 898, 901, 910, 913, 915, 917, 918, 919, 920, 921, 940, 941, 944, 945, 946, 949, 950, 951, 954, 962, 974, 975, 977, 978, 994, 995, 997, 998, 999, 1002, 1003, 1004, 1008, 1009, 1012, 1023, 1024, 1029, 1030, 1033, 1035, 1039, 1040, 1042, 1043, 1045, 1047, 1048, 1050, 1053, 1054, 1056, 1061, 1064, 1066, 1067, 1069, 1078, 1092, 1093, 1095, 1096, 1098, 1111, 1118, 1119, 1121, 1151, 1153, 1154, 1163, 1164, 1167, 1170, 1171, 1173, 1179, 1180, 1181, 1200, 1202, 1204, 1205, 1221, 1222, 1231, 1232, 1233, 1240, 1244, 1245, 1246, 1265, 1267, 1269, 1270, 1282, 1283, 1291, 1296, 1297, 1300, 1342, 1362, 1364, 1371, 1373, 1409, 1410, 1420, 1423, 1432, 1436, 1460, 1461, 1474, 1478, 1491, 1492, 1494, 1497, 1500, 1501, 1504, 1505, 1506, 1509, 1517, 1518, 1521, 1522, 1523, 1524, 1527, 1528, 1546, 1547, 1550, 1551, 1553, 1554, 1557, 1558, 1562, 1583, 1584, 1585, 1586, 1608, 1611, 1620, 1621, 1622, 1624, 1627, 1628, 1629, 1630, 1632, 1635, 1636, 1637, 1638, 1640, 1643, 1644, 1645, 1646, 1647, 1648, 1650, 1653, 1658, 1676, 1679, 1680, 1682, 1698, 1702, 1703, 1724, 1725, 1726, 1728, 1729, 1731], "excluded_lines": [], "executed_branches": [[77, 78], [77, 80], [84, 85], [84, 87], [125, 126], [125, 141], [130, 131], [191, 195], [204, 267], [402, 406], [416, 417], [416, 472], [1325, 1326], [1325, 1333], [1333, 1334], [1333, 1341], [1341, 1351], [1361, 1375], [1408, 1413], [1413, 1414], [1413, 1415], [1415, 1416], [1419, 1425], [1425, 1439], [1442, 1443], [1442, 1448], [1459, 1463], [1473, 1480], [1489, 1565], [1673, 1674], [1696, 1705], [1723, 1733]], "missing_branches": [[130, 134], [191, 192], [204, 205], [211, 212], [211, 215], [216, 217], [216, 225], [219, 220], [219, 221], [221, 222], [221, 224], [229, 230], [229, 236], [231, 232], [231, 233], [233, 234], [233, 236], [237, 238], [237, 239], [239, 240], [239, 243], [247, 204], [247, 248], [402, 403], [422, 423], [422, 426], [430, 431], [430, 437], [432, 433], [432, 434], [434, 435], [434, 437], [438, 439], [438, 440], [440, 441], [440, 444], [448, 416], [448, 449], [575, 576], [575, 579], [582, 583], [582, 586], [595, -591], [595, 596], [614, 615], [614, 622], [622, 623], [622, 629], [638, 640], [638, 644], [644, -631], [644, 646], [663, 664], [663, 671], [671, 672], [671, 676], [720, 721], [720, 727], [730, 731], [730, 797], [745, 746], [745, 753], [753, 755], [753, 758], [759, 760], [759, 766], [761, 762], [761, 763], [763, 764], [763, 766], [767, 768], [767, 769], [769, 770], [769, 772], [776, 730], [776, 777], [833, 834], [833, 838], [839, 840], [839, 844], [844, 845], [844, 851], [858, 859], [858, 866], [867, 868], [867, 874], [887, 888], [887, 897], [940, 941], [940, 944], [945, 946], [945, 949], [974, 975], [974, 977], [994, -980], [994, 995], [997, 998], [997, 1002], [1003, 1004], [1003, 1012], [1023, 1024], [1023, 1061], [1033, 1035], [1033, 1045], [1035, 1033], [1035, 1039], [1042, 1033], [1042, 1043], [1045, 1047], [1045, 1056], [1047, 1048], [1047, 1064], [1053, 1047], [1053, 1054], [1092, 1093], [1092, 1095], [1095, 1096], [1095, 1098], [1163, 1164], [1163, 1167], [1221, 1222], [1221, 1231], [1231, 1232], [1231, 1240], [1282, 1283], [1282, 1291], [1341, 1342], [1361, 1362], [1362, 1364], [1362, 1373], [1408, 1409], [1415, 1419], [1419, 1420], [1425, 1432], [1459, 1460], [1473, 1474], [1489, 1491], [1491, 1492], [1491, 1494], [1517, 1489], [1517, 1518], [1527, 1517], [1527, 1528], [1546, 1547], [1546, 1550], [1553, 1554], [1553, 1557], [1557, 1558], [1557, 1562], [1611, 1620], [1611, 1621], [1621, 1622], [1621, 1624], [1627, 1628], [1627, 1629], [1629, 1630], [1629, 1632], [1635, 1636], [1635, 1637], [1637, 1638], [1637, 1640], [1643, 1644], [1643, 1645], [1645, 1646], [1645, 1647], [1647, 1648], [1647, 1650], [1673, 1676], [1679, 1680], [1679, 1682], [1696, 1698], [1702, 1703], [1702, 1705], [1723, 1724], [1725, 1726], [1725, 1728], [1728, 1729], [1728, 1731]], "functions": {"_get_cached_results": {"executed_lines": [77, 78, 80, 81, 84, 85, 87], "summary": {"covered_lines": 7, "num_statements": 7, "percent_covered": 100.0, "percent_covered_display": "100.00", "missing_lines": 0, "excluded_lines": 0, "num_branches": 4, "num_partial_branches": 0, "covered_branches": 4, "missing_branches": 0}, "missing_lines": [], "excluded_lines": [], "executed_branches": [[77, 78], [77, 80], [84, 85], [84, 87]], "missing_branches": []}, "_save_to_cache": {"executed_lines": [101, 102], "summary": {"covered_lines": 2, "num_statements": 2, "percent_covered": 100.0, "percent_covered_display": "100.00", "missing_lines": 0, "excluded_lines": 0, "num_branches": 0, "num_partial_branches": 0, "covered_branches": 0, "missing_branches": 0}, "missing_lines": [], "excluded_lines": [], "executed_branches": [], "missing_branches": []}, "fetch_market_items": {"executed_lines": [125, 126, 127, 128, 130, 131, 132, 141, 143, 144, 147, 148, 155, 156, 157, 158], "summary": {"covered_lines": 16, "num_statements": 17, "percent_covered": 90.47619047619048, "percent_covered_display": "90.48", "missing_lines": 1, "excluded_lines": 0, "num_branches": 4, "num_partial_branches": 1, "covered_branches": 3, "missing_branches": 1}, "missing_lines": [134], "excluded_lines": [], "executed_branches": [[125, 126], [125, 141], [130, 131]], "missing_branches": [[130, 134]]}, "_find_arbitrage_async": {"executed_lines": [182, 190, 191, 195, 197, 204, 267, 278, 280], "summary": {"covered_lines": 9, "num_statements": 43, "percent_covered": 16.417910447761194, "percent_covered_display": "16.42", "missing_lines": 34, "excluded_lines": 0, "num_branches": 24, "num_partial_branches": 2, "covered_branches": 2, "missing_branches": 22}, "missing_lines": [192, 193, 205, 207, 211, 212, 215, 216, 217, 219, 220, 221, 222, 224, 225, 228, 229, 230, 231, 232, 233, 234, 236, 237, 238, 239, 240, 243, 244, 247, 248, 262, 263, 264], "excluded_lines": [], "executed_branches": [[191, 195], [204, 267]], "missing_branches": [[191, 192], [204, 205], [211, 212], [211, 215], [216, 217], [216, 225], [219, 220], [219, 221], [221, 222], [221, 224], [229, 230], [229, 236], [231, 232], [231, 233], [233, 234], [233, 236], [237, 238], [237, 239], [239, 240], [239, 243], [247, 204], [247, 248]]}, "arbitrage_boost_async": {"executed_lines": [303], "summary": {"covered_lines": 1, "num_statements": 1, "percent_covered": 100.0, "percent_covered_display": "100.00", "missing_lines": 0, "excluded_lines": 0, "num_branches": 0, "num_partial_branches": 0, "covered_branches": 0, "missing_branches": 0}, "missing_lines": [], "excluded_lines": [], "executed_branches": [], "missing_branches": []}, "arbitrage_mid_async": {"executed_lines": [326], "summary": {"covered_lines": 1, "num_statements": 1, "percent_covered": 100.0, "percent_covered_display": "100.00", "missing_lines": 0, "excluded_lines": 0, "num_branches": 0, "num_partial_branches": 0, "covered_branches": 0, "missing_branches": 0}, "missing_lines": [], "excluded_lines": [], "executed_branches": [], "missing_branches": []}, "arbitrage_pro_async": {"executed_lines": [], "summary": {"covered_lines": 0, "num_statements": 1, "percent_covered": 0.0, "percent_covered_display": "0.00", "missing_lines": 1, "excluded_lines": 0, "num_branches": 0, "num_partial_branches": 0, "covered_branches": 0, "missing_branches": 0}, "missing_lines": [349], "excluded_lines": [], "executed_branches": [], "missing_branches": []}, "arbitrage_boost": {"executed_lines": [], "summary": {"covered_lines": 0, "num_statements": 2, "percent_covered": 0.0, "percent_covered_display": "0.00", "missing_lines": 2, "excluded_lines": 0, "num_branches": 0, "num_partial_branches": 0, "covered_branches": 0, "missing_branches": 0}, "missing_lines": [355, 356], "excluded_lines": [], "executed_branches": [], "missing_branches": []}, "arbitrage_mid": {"executed_lines": [], "summary": {"covered_lines": 0, "num_statements": 2, "percent_covered": 0.0, "percent_covered_display": "0.00", "missing_lines": 2, "excluded_lines": 0, "num_branches": 0, "num_partial_branches": 0, "covered_branches": 0, "missing_branches": 0}, "missing_lines": [361, 362], "excluded_lines": [], "executed_branches": [], "missing_branches": []}, "arbitrage_pro": {"executed_lines": [], "summary": {"covered_lines": 0, "num_statements": 2, "percent_covered": 0.0, "percent_covered_display": "0.00", "missing_lines": 2, "excluded_lines": 0, "num_branches": 0, "num_partial_branches": 0, "covered_branches": 0, "missing_branches": 0}, "missing_lines": [367, 368], "excluded_lines": [], "executed_branches": [], "missing_branches": []}, "find_arbitrage_opportunities_async": {"executed_lines": [393, 401, 402, 406, 408, 415, 416, 417, 419, 465, 466, 469, 472, 479, 482], "summary": {"covered_lines": 15, "num_statements": 39, "percent_covered": 31.57894736842105, "percent_covered_display": "31.58", "missing_lines": 24, "excluded_lines": 0, "num_branches": 18, "num_partial_branches": 1, "covered_branches": 3, "missing_branches": 15}, "missing_lines": [403, 404, 422, 423, 426, 429, 430, 431, 432, 433, 434, 435, 437, 438, 439, 440, 441, 444, 445, 448, 449, 483, 484, 485], "excluded_lines": [], "executed_branches": [[402, 406], [416, 417], [416, 472]], "missing_branches": [[402, 403], [422, 423], [422, 426], [430, 431], [430, 437], [432, 433], [432, 434], [434, 435], [434, 437], [438, 439], [438, 440], [440, 441], [440, 444], [448, 416], [448, 449]]}, "find_arbitrage_opportunities": {"executed_lines": [], "summary": {"covered_lines": 0, "num_statements": 2, "percent_covered": 0.0, "percent_covered_display": "0.00", "missing_lines": 2, "excluded_lines": 0, "num_branches": 0, "num_partial_branches": 0, "covered_branches": 0, "missing_branches": 0}, "missing_lines": [494, 495], "excluded_lines": [], "executed_branches": [], "missing_branches": []}, "ArbitrageTrader.__init__": {"executed_lines": [529, 530, 531, 537, 548, 549, 550, 551, 554, 555, 556, 557, 560, 561, 562], "summary": {"covered_lines": 15, "num_statements": 15, "percent_covered": 100.0, "percent_covered_display": "100.00", "missing_lines": 0, "excluded_lines": 0, "num_branches": 0, "num_partial_branches": 0, "covered_branches": 0, "missing_branches": 0}, "missing_lines": [], "excluded_lines": [], "executed_branches": [], "missing_branches": []}, "ArbitrageTrader.check_balance": {"executed_lines": [], "summary": {"covered_lines": 0, "num_statements": 14, "percent_covered": 0.0, "percent_covered_display": "0.00", "missing_lines": 14, "excluded_lines": 0, "num_branches": 4, "num_partial_branches": 0, "covered_branches": 0, "missing_branches": 4}, "missing_lines": [571, 572, 573, 575, 576, 577, 579, 582, 583, 584, 586, 587, 588, 589], "excluded_lines": [], "executed_branches": [], "missing_branches": [[575, 576], [575, 579], [582, 583], [582, 586]]}, "ArbitrageTrader._reset_daily_limits": {"executed_lines": [], "summary": {"covered_lines": 0, "num_statements": 5, "percent_covered": 0.0, "percent_covered_display": "0.00", "missing_lines": 5, "excluded_lines": 0, "num_branches": 2, "num_partial_branches": 0, "covered_branches": 0, "missing_branches": 2}, "missing_lines": [593, 595, 596, 597, 598], "excluded_lines": [], "executed_branches": [], "missing_branches": [[595, -591], [595, 596]]}, "ArbitrageTrader._check_trading_limits": {"executed_lines": [], "summary": {"covered_lines": 0, "num_statements": 8, "percent_covered": 0.0, "percent_covered_display": "0.00", "missing_lines": 8, "excluded_lines": 0, "num_branches": 4, "num_partial_branches": 0, "covered_branches": 0, "missing_branches": 4}, "missing_lines": [611, 614, 615, 619, 622, 623, 627, 629], "excluded_lines": [], "executed_branches": [], "missing_branches": [[614, 615], [614, 622], [622, 623], [622, 629]]}, "ArbitrageTrader._handle_trading_error": {"executed_lines": [], "summary": {"covered_lines": 0, "num_statements": 10, "percent_covered": 0.0, "percent_covered_display": "0.00", "missing_lines": 10, "excluded_lines": 0, "num_branches": 4, "num_partial_branches": 0, "covered_branches": 0, "missing_branches": 4}, "missing_lines": [633, 634, 635, 638, 640, 641, 644, 646, 647, 651], "excluded_lines": [], "executed_branches": [], "missing_branches": [[638, 640], [638, 644], [644, -631], [644, 646]]}, "ArbitrageTrader._can_trade_now": {"executed_lines": [], "summary": {"covered_lines": 0, "num_statements": 9, "percent_covered": 0.0, "percent_covered_display": "0.00", "missing_lines": 9, "excluded_lines": 0, "num_branches": 4, "num_partial_branches": 0, "covered_branches": 0, "missing_branches": 4}, "missing_lines": [660, 663, 664, 668, 671, 672, 673, 674, 676], "excluded_lines": [], "executed_branches": [], "missing_branches": [[663, 664], [663, 671], [671, 672], [671, 676]]}, "ArbitrageTrader.find_profitable_items": {"executed_lines": [699, 700, 707, 802, 803, 806], "summary": {"covered_lines": 6, "num_statements": 44, "percent_covered": 9.375, "percent_covered_display": "9.38", "missing_lines": 38, "excluded_lines": 0, "num_branches": 20, "num_partial_branches": 0, "covered_branches": 0, "missing_branches": 20}, "missing_lines": [708, 715, 718, 720, 721, 725, 727, 728, 730, 731, 733, 736, 739, 740, 745, 746, 753, 755, 758, 759, 760, 761, 762, 763, 764, 766, 767, 768, 769, 770, 772, 773, 776, 777, 790, 791, 794, 797], "excluded_lines": [], "executed_branches": [], "missing_branches": [[720, 721], [720, 727], [730, 731], [730, 797], [745, 746], [745, 753], [753, 755], [753, 758], [759, 760], [759, 766], [761, 762], [761, 763], [763, 764], [763, 766], [767, 768], [767, 769], [769, 770], [769, 772], [776, 730], [776, 777]]}, "ArbitrageTrader.execute_arbitrage_trade": {"executed_lines": [], "summary": {"covered_lines": 0, "num_statements": 44, "percent_covered": 0.0, "percent_covered_display": "0.00", "missing_lines": 44, "excluded_lines": 0, "num_branches": 12, "num_partial_branches": 0, "covered_branches": 0, "missing_branches": 12}, "missing_lines": [822, 831, 833, 834, 835, 838, 839, 840, 841, 844, 845, 848, 851, 852, 858, 859, 860, 862, 863, 866, 867, 868, 871, 874, 877, 880, 881, 887, 888, 889, 891, 893, 894, 897, 898, 901, 910, 913, 915, 917, 918, 919, 920, 921], "excluded_lines": [], "executed_branches": [], "missing_branches": [[833, 834], [833, 838], [839, 840], [839, 844], [844, 845], [844, 851], [858, 859], [858, 866], [867, 868], [867, 874], [887, 888], [887, 897]]}, "ArbitrageTrader.start_auto_trading": {"executed_lines": [], "summary": {"covered_lines": 0, "num_statements": 10, "percent_covered": 0.0, "percent_covered_display": "0.00", "missing_lines": 10, "excluded_lines": 0, "num_branches": 4, "num_partial_branches": 0, "covered_branches": 0, "missing_branches": 4}, "missing_lines": [940, 941, 944, 945, 946, 949, 950, 951, 954, 962], "excluded_lines": [], "executed_branches": [], "missing_branches": [[940, 941], [940, 944], [945, 946], [945, 949]]}, "ArbitrageTrader.stop_auto_trading": {"executed_lines": [], "summary": {"covered_lines": 0, "num_statements": 4, "percent_covered": 0.0, "percent_covered_display": "0.00", "missing_lines": 4, "excluded_lines": 0, "num_branches": 2, "num_partial_branches": 0, "covered_branches": 0, "missing_branches": 2}, "missing_lines": [974, 975, 977, 978], "excluded_lines": [], "executed_branches": [], "missing_branches": [[974, 975], [974, 977]]}, "ArbitrageTrader._auto_trading_loop": {"executed_lines": [], "summary": {"covered_lines": 0, "num_statements": 33, "percent_covered": 0.0, "percent_covered_display": "0.00", "missing_lines": 33, "excluded_lines": 0, "num_branches": 20, "num_partial_branches": 0, "covered_branches": 0, "missing_branches": 20}, "missing_lines": [994, 995, 997, 998, 999, 1002, 1003, 1004, 1008, 1009, 1012, 1023, 1024, 1029, 1030, 1033, 1035, 1039, 1040, 1042, 1043, 1045, 1047, 1048, 1050, 1053, 1054, 1056, 1061, 1064, 1066, 1067, 1069], "excluded_lines": [], "executed_branches": [], "missing_branches": [[994, -980], [994, 995], [997, 998], [997, 1002], [1003, 1004], [1003, 1012], [1023, 1024], [1023, 1061], [1033, 1035], [1033, 1045], [1035, 1033], [1035, 1039], [1042, 1033], [1042, 1043], [1045, 1047], [1045, 1056], [1047, 1048], [1047, 1064], [1053, 1047], [1053, 1054]]}, "ArbitrageTrader.get_transaction_history": {"executed_lines": [], "summary": {"covered_lines": 0, "num_statements": 1, "percent_covered": 0.0, "percent_covered_display": "0.00", "missing_lines": 1, "excluded_lines": 0, "num_branches": 0, "num_partial_branches": 0, "covered_branches": 0, "missing_branches": 0}, "missing_lines": [1078], "excluded_lines": [], "executed_branches": [], "missing_branches": []}, "ArbitrageTrader.set_trading_limits": {"executed_lines": [], "summary": {"covered_lines": 0, "num_statements": 5, "percent_covered": 0.0, "percent_covered_display": "0.00", "missing_lines": 5, "excluded_lines": 0, "num_branches": 4, "num_partial_branches": 0, "covered_branches": 0, "missing_branches": 4}, "missing_lines": [1092, 1093, 1095, 1096, 1098], "excluded_lines": [], "executed_branches": [], "missing_branches": [[1092, 1093], [1092, 1095], [1095, 1096], [1095, 1098]]}, "ArbitrageTrader.get_status": {"executed_lines": [], "summary": {"covered_lines": 0, "num_statements": 4, "percent_covered": 0.0, "percent_covered_display": "0.00", "missing_lines": 4, "excluded_lines": 0, "num_branches": 0, "num_partial_branches": 0, "covered_branches": 0, "missing_branches": 0}, "missing_lines": [1111, 1118, 1119, 1121], "excluded_lines": [], "executed_branches": [], "missing_branches": []}, "ArbitrageTrader.get_current_item_data": {"executed_lines": [], "summary": {"covered_lines": 0, "num_statements": 12, "percent_covered": 0.0, "percent_covered_display": "0.00", "missing_lines": 12, "excluded_lines": 0, "num_branches": 2, "num_partial_branches": 0, "covered_branches": 0, "missing_branches": 2}, "missing_lines": [1151, 1153, 1154, 1163, 1164, 1167, 1170, 1171, 1173, 1179, 1180, 1181], "excluded_lines": [], "executed_branches": [], "missing_branches": [[1163, 1164], [1163, 1167]]}, "ArbitrageTrader.purchase_item": {"executed_lines": [], "summary": {"covered_lines": 0, "num_statements": 13, "percent_covered": 0.0, "percent_covered_display": "0.00", "missing_lines": 13, "excluded_lines": 0, "num_branches": 4, "num_partial_branches": 0, "covered_branches": 0, "missing_branches": 4}, "missing_lines": [1200, 1202, 1204, 1205, 1221, 1222, 1231, 1232, 1233, 1240, 1244, 1245, 1246], "excluded_lines": [], "executed_branches": [], "missing_branches": [[1221, 1222], [1221, 1231], [1231, 1232], [1231, 1240]]}, "ArbitrageTrader.list_item_for_sale": {"executed_lines": [], "summary": {"covered_lines": 0, "num_statements": 10, "percent_covered": 0.0, "percent_covered_display": "0.00", "missing_lines": 10, "excluded_lines": 0, "num_branches": 2, "num_partial_branches": 0, "covered_branches": 0, "missing_branches": 2}, "missing_lines": [1265, 1267, 1269, 1270, 1282, 1283, 1291, 1296, 1297, 1300], "excluded_lines": [], "executed_branches": [], "missing_branches": [[1282, 1283], [1282, 1291]]}, "find_arbitrage_items": {"executed_lines": [1325, 1326, 1333, 1334, 1341, 1351, 1360, 1361, 1375], "summary": {"covered_lines": 9, "num_statements": 14, "percent_covered": 62.5, "percent_covered_display": "62.50", "missing_lines": 5, "excluded_lines": 0, "num_branches": 10, "num_partial_branches": 2, "covered_branches": 6, "missing_branches": 4}, "missing_lines": [1342, 1362, 1364, 1371, 1373], "excluded_lines": [], "executed_branches": [[1325, 1326], [1325, 1333], [1333, 1334], [1333, 1341], [1341, 1351], [1361, 1375]], "missing_branches": [[1341, 1342], [1361, 1362], [1362, 1364], [1362, 1373]]}, "find_arbitrage_opportunities_advanced": {"executed_lines": [1404, 1405, 1408, 1413, 1414, 1415, 1416, 1419, 1425, 1439, 1442, 1443, 1444, 1445, 1448, 1449, 1451, 1457, 1458, 1459, 1463, 1465, 1473, 1480, 1483, 1486, 1487, 1489, 1565, 1568, 1569, 1575, 1576, 1579, 1581], "summary": {"covered_lines": 35, "num_statements": 76, "percent_covered": 43.39622641509434, "percent_covered_display": "43.40", "missing_lines": 41, "excluded_lines": 0, "num_branches": 30, "num_partial_branches": 7, "covered_branches": 11, "missing_branches": 19}, "missing_lines": [1409, 1410, 1420, 1423, 1432, 1436, 1460, 1461, 1474, 1478, 1491, 1492, 1494, 1497, 1500, 1501, 1504, 1505, 1506, 1509, 1517, 1518, 1521, 1522, 1523, 1524, 1527, 1528, 1546, 1547, 1550, 1551, 1553, 1554, 1557, 1558, 1562, 1583, 1584, 1585, 1586], "excluded_lines": [], "executed_branches": [[1408, 1413], [1413, 1414], [1413, 1415], [1415, 1416], [1419, 1425], [1425, 1439], [1442, 1443], [1442, 1448], [1459, 1463], [1473, 1480], [1489, 1565]], "missing_branches": [[1408, 1409], [1415, 1419], [1419, 1420], [1425, 1432], [1459, 1460], [1473, 1474], [1489, 1491], [1491, 1492], [1491, 1494], [1517, 1489], [1517, 1518], [1527, 1517], [1527, 1528], [1546, 1547], [1546, 1550], [1553, 1554], [1553, 1557], [1557, 1558], [1557, 1562]]}, "_calculate_commission": {"executed_lines": [], "summary": {"covered_lines": 0, "num_statements": 25, "percent_covered": 0.0, "percent_covered_display": "0.00", "missing_lines": 25, "excluded_lines": 0, "num_branches": 18, "num_partial_branches": 0, "covered_branches": 0, "missing_branches": 18}, "missing_lines": [1608, 1611, 1620, 1621, 1622, 1624, 1627, 1628, 1629, 1630, 1632, 1635, 1636, 1637, 1638, 1640, 1643, 1644, 1645, 1646, 1647, 1648, 1650, 1653, 1658], "excluded_lines": [], "executed_branches": [], "missing_branches": [[1611, 1620], [1611, 1621], [1621, 1622], [1621, 1624], [1627, 1628], [1627, 1629], [1629, 1630], [1629, 1632], [1635, 1636], [1635, 1637], [1637, 1638], [1637, 1640], [1643, 1644], [1643, 1645], [1645, 1646], [1645, 1647], [1647, 1648], [1647, 1650]]}, "_get_arbitrage_cache": {"executed_lines": [1673, 1674], "summary": {"covered_lines": 2, "num_statements": 6, "percent_covered": 30.0, "percent_covered_display": "30.00", "missing_lines": 4, "excluded_lines": 0, "num_branches": 4, "num_partial_branches": 1, "covered_branches": 1, "missing_branches": 3}, "missing_lines": [1676, 1679, 1680, 1682], "excluded_lines": [], "executed_branches": [[1673, 1674]], "missing_branches": [[1673, 1676], [1679, 1680], [1679, 1682]]}, "_save_arbitrage_cache": {"executed_lines": [1696, 1705, 1706], "summary": {"covered_lines": 3, "num_statements": 6, "percent_covered": 40.0, "percent_covered_display": "40.00", "missing_lines": 3, "excluded_lines": 0, "num_branches": 4, "num_partial_branches": 1, "covered_branches": 1, "missing_branches": 3}, "missing_lines": [1698, 1702, 1703], "excluded_lines": [], "executed_branches": [[1696, 1705]], "missing_branches": [[1696, 1698], [1702, 1703], [1702, 1705]]}, "_group_items_by_name": {"executed_lines": [1721, 1723, 1733], "summary": {"covered_lines": 3, "num_statements": 9, "percent_covered": 26.666666666666668, "percent_covered_display": "26.67", "missing_lines": 6, "excluded_lines": 0, "num_branches": 6, "num_partial_branches": 1, "covered_branches": 1, "missing_branches": 5}, "missing_lines": [1724, 1725, 1726, 1728, 1729, 1731], "excluded_lines": [], "executed_branches": [[1723, 1733]], "missing_branches": [[1723, 1724], [1725, 1726], [1725, 1728], [1728, 1729], [1728, 1731]]}, "": {"executed_lines": [1, 3, 4, 5, 6, 7, 8, 9, 11, 15, 18, 21, 29, 30, 31, 34, 35, 40, 44, 47, 56, 65, 90, 105, 161, 283, 306, 329, 353, 359, 365, 371, 488, 504, 505, 507, 564, 591, 600, 631, 653, 678, 808, 923, 967, 980, 1071, 1080, 1103, 1136, 1183, 1248, 1303, 1378, 1589, 1661, 1685, 1709], "summary": {"covered_lines": 56, "num_statements": 56, "percent_covered": 100.0, "percent_covered_display": "100.00", "missing_lines": 0, "excluded_lines": 0, "num_branches": 0, "num_partial_branches": 0, "covered_branches": 0, "missing_branches": 0}, "missing_lines": [], "excluded_lines": [], "executed_branches": [], "missing_branches": []}}, "classes": {"ArbitrageTrader": {"executed_lines": [529, 530, 531, 537, 548, 549, 550, 551, 554, 555, 556, 557, 560, 561, 562, 699, 700, 707, 802, 803, 806], "summary": {"covered_lines": 21, "num_statements": 241, "percent_covered": 6.382978723404255, "percent_covered_display": "6.38", "missing_lines": 220, "excluded_lines": 0, "num_branches": 88, "num_partial_branches": 0, "covered_branches": 0, "missing_branches": 88}, "missing_lines": [571, 572, 573, 575, 576, 577, 579, 582, 583, 584, 586, 587, 588, 589, 593, 595, 596, 597, 598, 611, 614, 615, 619, 622, 623, 627, 629, 633, 634, 635, 638, 640, 641, 644, 646, 647, 651, 660, 663, 664, 668, 671, 672, 673, 674, 676, 708, 715, 718, 720, 721, 725, 727, 728, 730, 731, 733, 736, 739, 740, 745, 746, 753, 755, 758, 759, 760, 761, 762, 763, 764, 766, 767, 768, 769, 770, 772, 773, 776, 777, 790, 791, 794, 797, 822, 831, 833, 834, 835, 838, 839, 840, 841, 844, 845, 848, 851, 852, 858, 859, 860, 862, 863, 866, 867, 868, 871, 874, 877, 880, 881, 887, 888, 889, 891, 893, 894, 897, 898, 901, 910, 913, 915, 917, 918, 919, 920, 921, 940, 941, 944, 945, 946, 949, 950, 951, 954, 962, 974, 975, 977, 978, 994, 995, 997, 998, 999, 1002, 1003, 1004, 1008, 1009, 1012, 1023, 1024, 1029, 1030, 1033, 1035, 1039, 1040, 1042, 1043, 1045, 1047, 1048, 1050, 1053, 1054, 1056, 1061, 1064, 1066, 1067, 1069, 1078, 1092, 1093, 1095, 1096, 1098, 1111, 1118, 1119, 1121, 1151, 1153, 1154, 1163, 1164, 1167, 1170, 1171, 1173, 1179, 1180, 1181, 1200, 1202, 1204, 1205, 1221, 1222, 1231, 1232, 1233, 1240, 1244, 1245, 1246, 1265, 1267, 1269, 1270, 1282, 1283, 1291, 1296, 1297, 1300], "excluded_lines": [], "executed_branches": [], "missing_branches": [[575, 576], [575, 579], [582, 583], [582, 586], [595, -591], [595, 596], [614, 615], [614, 622], [622, 623], [622, 629], [638, 640], [638, 644], [644, -631], [644, 646], [663, 664], [663, 671], [671, 672], [671, 676], [720, 721], [720, 727], [730, 731], [730, 797], [745, 746], [745, 753], [753, 755], [753, 758], [759, 760], [759, 766], [761, 762], [761, 763], [763, 764], [763, 766], [767, 768], [767, 769], [769, 770], [769, 772], [776, 730], [776, 777], [833, 834], [833, 838], [839, 840], [839, 844], [844, 845], [844, 851], [858, 859], [858, 866], [867, 868], [867, 874], [887, 888], [887, 897], [940, 941], [940, 944], [945, 946], [945, 949], [974, 975], [974, 977], [994, -980], [994, 995], [997, 998], [997, 1002], [1003, 1004], [1003, 1012], [1023, 1024], [1023, 1061], [1033, 1035], [1033, 1045], [1035, 1033], [1035, 1039], [1042, 1033], [1042, 1043], [1045, 1047], [1045, 1056], [1047, 1048], [1047, 1064], [1053, 1047], [1053, 1054], [1092, 1093], [1092, 1095], [1095, 1096], [1095, 1098], [1163, 1164], [1163, 1167], [1221, 1222], [1221, 1231], [1231, 1232], [1231, 1240], [1282, 1283], [1282, 1291]]}, "": {"executed_lines": [1, 3, 4, 5, 6, 7, 8, 9, 11, 15, 18, 21, 29, 30, 31, 34, 35, 40, 44, 47, 56, 65, 77, 78, 80, 81, 84, 85, 87, 90, 101, 102, 105, 125, 126, 127, 128, 130, 131, 132, 141, 143, 144, 147, 148, 155, 156, 157, 158, 161, 182, 190, 191, 195, 197, 204, 267, 278, 280, 283, 303, 306, 326, 329, 353, 359, 365, 371, 393, 401, 402, 406, 408, 415, 416, 417, 419, 465, 466, 469, 472, 479, 482, 488, 504, 505, 507, 564, 591, 600, 631, 653, 678, 808, 923, 967, 980, 1071, 1080, 1103, 1136, 1183, 1248, 1303, 1325, 1326, 1333, 1334, 1341, 1351, 1360, 1361, 1375, 1378, 1404, 1405, 1408, 1413, 1414, 1415, 1416, 1419, 1425, 1439, 1442, 1443, 1444, 1445, 1448, 1449, 1451, 1457, 1458, 1459, 1463, 1465, 1473, 1480, 1483, 1486, 1487, 1489, 1565, 1568, 1569, 1575, 1576, 1579, 1581, 1589, 1661, 1673, 1674, 1685, 1696, 1705, 1706, 1709, 1721, 1723, 1733], "summary": {"covered_lines": 159, "num_statements": 311, "percent_covered": 44.1108545034642, "percent_covered_display": "44.11", "missing_lines": 152, "excluded_lines": 0, "num_branches": 122, "num_partial_branches": 16, "covered_branches": 32, "missing_branches": 90}, "missing_lines": [134, 192, 193, 205, 207, 211, 212, 215, 216, 217, 219, 220, 221, 222, 224, 225, 228, 229, 230, 231, 232, 233, 234, 236, 237, 238, 239, 240, 243, 244, 247, 248, 262, 263, 264, 349, 355, 356, 361, 362, 367, 368, 403, 404, 422, 423, 426, 429, 430, 431, 432, 433, 434, 435, 437, 438, 439, 440, 441, 444, 445, 448, 449, 483, 484, 485, 494, 495, 1342, 1362, 1364, 1371, 1373, 1409, 1410, 1420, 1423, 1432, 1436, 1460, 1461, 1474, 1478, 1491, 1492, 1494, 1497, 1500, 1501, 1504, 1505, 1506, 1509, 1517, 1518, 1521, 1522, 1523, 1524, 1527, 1528, 1546, 1547, 1550, 1551, 1553, 1554, 1557, 1558, 1562, 1583, 1584, 1585, 1586, 1608, 1611, 1620, 1621, 1622, 1624, 1627, 1628, 1629, 1630, 1632, 1635, 1636, 1637, 1638, 1640, 1643, 1644, 1645, 1646, 1647, 1648, 1650, 1653, 1658, 1676, 1679, 1680, 1682, 1698, 1702, 1703, 1724, 1725, 1726, 1728, 1729, 1731], "excluded_lines": [], "executed_branches": [[77, 78], [77, 80], [84, 85], [84, 87], [125, 126], [125, 141], [130, 131], [191, 195], [204, 267], [402, 406], [416, 417], [416, 472], [1325, 1326], [1325, 1333], [1333, 1334], [1333, 1341], [1341, 1351], [1361, 1375], [1408, 1413], [1413, 1414], [1413, 1415], [1415, 1416], [1419, 1425], [1425, 1439], [1442, 1443], [1442, 1448], [1459, 1463], [1473, 1480], [1489, 1565], [1673, 1674], [1696, 1705], [1723, 1733]], "missing_branches": [[130, 134], [191, 192], [204, 205], [211, 212], [211, 215], [216, 217], [216, 225], [219, 220], [219, 221], [221, 222], [221, 224], [229, 230], [229, 236], [231, 232], [231, 233], [233, 234], [233, 236], [237, 238], [237, 239], [239, 240], [239, 243], [247, 204], [247, 248], [402, 403], [422, 423], [422, 426], [430, 431], [430, 437], [432, 433], [432, 434], [434, 435], [434, 437], [438, 439], [438, 440], [440, 441], [440, 444], [448, 416], [448, 449], [1341, 1342], [1361, 1362], [1362, 1364], [1362, 1373], [1408, 1409], [1415, 1419], [1419, 1420], [1425, 1432], [1459, 1460], [1473, 1474], [1489, 1491], [1491, 1492], [1491, 1494], [1517, 1489], [1517, 1518], [1527, 1517], [1527, 1528], [1546, 1547], [1546, 1550], [1553, 1554], [1553, 1557], [1557, 1558], [1557, 1562], [1611, 1620], [1611, 1621], [1621, 1622], [1621, 1624], [1627, 1628], [1627, 1629], [1629, 1630], [1629, 1632], [1635, 1636], [1635, 1637], [1637, 1638], [1637, 1640], [1643, 1644], [1643, 1645], [1645, 1646], [1645, 1647], [1647, 1648], [1647, 1650], [1673, 1676], [1679, 1680], [1679, 1682], [1696, 1698], [1702, 1703], [1702, 1705], [1723, 1724], [1725, 1726], [1725, 1728], [1728, 1729], [1728, 1731]]}}}, "src/dmarket/arbitrage_sales_analysis.py": {"executed_lines": [1, 13, 14, 15, 16, 18, 20, 21, 24, 27, 28, 30, 37, 38, 39, 40, 43, 44, 45, 47, 54, 55, 57, 62, 64, 83, 86, 93, 95, 97, 103, 104, 105, 147, 165, 167, 168, 199, 297, 410, 536, 584, 640, 654, 656, 658, 660, 668, 670, 686, 708], "summary": {"covered_lines": 49, "num_statements": 238, "percent_covered": 15.789473684210526, "percent_covered_display": "15.79", "missing_lines": 189, "excluded_lines": 0, "num_branches": 104, "num_partial_branches": 5, "covered_branches": 5, "missing_branches": 99}, "missing_lines": [87, 88, 89, 90, 107, 108, 109, 110, 113, 114, 117, 118, 122, 134, 135, 136, 139, 141, 143, 144, 145, 176, 177, 183, 184, 185, 186, 187, 190, 192, 219, 221, 222, 229, 230, 233, 234, 239, 242, 245, 246, 248, 249, 250, 251, 254, 256, 259, 262, 263, 264, 265, 267, 269, 270, 271, 272, 273, 274, 275, 277, 279, 281, 289, 290, 291, 315, 317, 318, 326, 327, 330, 331, 336, 339, 340, 342, 343, 351, 352, 353, 354, 359, 360, 361, 364, 365, 366, 367, 368, 369, 370, 371, 372, 373, 374, 375, 376, 377, 378, 380, 381, 384, 385, 386, 387, 389, 401, 402, 403, 432, 433, 436, 439, 447, 450, 452, 453, 457, 458, 462, 465, 466, 470, 473, 476, 477, 478, 479, 480, 481, 484, 485, 486, 487, 488, 489, 492, 493, 494, 495, 496, 497, 498, 501, 502, 503, 504, 507, 510, 511, 514, 515, 516, 517, 518, 519, 521, 523, 552, 553, 555, 556, 557, 558, 560, 561, 563, 564, 572, 574, 575, 576, 581, 603, 606, 608, 609, 610, 615, 634, 637, 661, 677, 678, 679, 704, 705, 724], "excluded_lines": [], "executed_branches": [[54, 55], [86, 93], [103, 104], [167, 168], [660, 668]], "missing_branches": [[54, 62], [86, 87], [88, 89], [88, 93], [103, 107], [108, 109], [108, 113], [135, 136], [135, 139], [167, 176], [184, 185], [184, 186], [186, 187], [186, 190], [221, 222], [221, 229], [248, 249], [248, 254], [254, 256], [254, 259], [262, 263], [262, 264], [264, 265], [264, 267], [269, 270], [269, 279], [270, 271], [270, 272], [272, 273], [272, 274], [274, 275], [274, 277], [317, 318], [317, 326], [342, 343], [342, 351], [364, 365], [364, 367], [367, 368], [367, 370], [370, 371], [370, 373], [373, 374], [373, 376], [376, 377], [376, 380], [384, 385], [384, 386], [386, 387], [386, 389], [452, 453], [452, 465], [453, 457], [453, 458], [458, 462], [458, 465], [466, 470], [466, 473], [476, 477], [476, 478], [478, 479], [478, 480], [480, 481], [480, 484], [484, 485], [484, 486], [486, 487], [486, 488], [488, 489], [488, 492], [492, 493], [492, 501], [493, 494], [493, 495], [495, 496], [495, 497], [497, 498], [497, 501], [501, 502], [501, 503], [503, 504], [503, 507], [510, 511], [510, 514], [514, 515], [514, 516], [516, 517], [516, 518], [518, 519], [518, 521], [555, 556], [555, 581], [560, 561], [560, 563], [608, 609], [608, 634], [609, 608], [609, 610], [660, 661]], "functions": {"SalesAnalyzer.__init__": {"executed_lines": [37, 38, 39, 40, 43, 44, 45], "summary": {"covered_lines": 7, "num_statements": 7, "percent_covered": 100.0, "percent_covered_display": "100.00", "missing_lines": 0, "excluded_lines": 0, "num_branches": 0, "num_partial_branches": 0, "covered_branches": 0, "missing_branches": 0}, "missing_lines": [], "excluded_lines": [], "executed_branches": [], "missing_branches": []}, "SalesAnalyzer.get_api_client": {"executed_lines": [54, 55, 57, 62], "summary": {"covered_lines": 4, "num_statements": 4, "percent_covered": 83.33333333333333, "percent_covered_display": "83.33", "missing_lines": 0, "excluded_lines": 0, "num_branches": 2, "num_partial_branches": 1, "covered_branches": 1, "missing_branches": 1}, "missing_lines": [], "excluded_lines": [], "executed_branches": [[54, 55]], "missing_branches": [[54, 62]]}, "SalesAnalyzer.get_item_sales_history": {"executed_lines": [83, 86, 93, 95, 97, 103, 104, 105], "summary": {"covered_lines": 8, "num_statements": 29, "percent_covered": 25.641025641025642, "percent_covered_display": "25.64", "missing_lines": 21, "excluded_lines": 0, "num_branches": 10, "num_partial_branches": 2, "covered_branches": 2, "missing_branches": 8}, "missing_lines": [87, 88, 89, 90, 107, 108, 109, 110, 113, 114, 117, 118, 122, 134, 135, 136, 139, 141, 143, 144, 145], "excluded_lines": [], "executed_branches": [[86, 93], [103, 104]], "missing_branches": [[86, 87], [88, 89], [88, 93], [103, 107], [108, 109], [108, 113], [135, 136], [135, 139]]}, "SalesAnalyzer.analyze_sales_volume": {"executed_lines": [165, 167, 168], "summary": {"covered_lines": 3, "num_statements": 12, "percent_covered": 22.22222222222222, "percent_covered_display": "22.22", "missing_lines": 9, "excluded_lines": 0, "num_branches": 6, "num_partial_branches": 1, "covered_branches": 1, "missing_branches": 5}, "missing_lines": [176, 177, 183, 184, 185, 186, 187, 190, 192], "excluded_lines": [], "executed_branches": [[167, 168]], "missing_branches": [[167, 176], [184, 185], [184, 186], [186, 187], [186, 190]]}, "SalesAnalyzer.estimate_time_to_sell": {"executed_lines": [], "summary": {"covered_lines": 0, "num_statements": 36, "percent_covered": 0.0, "percent_covered_display": "0.00", "missing_lines": 36, "excluded_lines": 0, "num_branches": 18, "num_partial_branches": 0, "covered_branches": 0, "missing_branches": 18}, "missing_lines": [219, 221, 222, 229, 230, 233, 234, 239, 242, 245, 246, 248, 249, 250, 251, 254, 256, 259, 262, 263, 264, 265, 267, 269, 270, 271, 272, 273, 274, 275, 277, 279, 281, 289, 290, 291], "excluded_lines": [], "executed_branches": [], "missing_branches": [[221, 222], [221, 229], [248, 249], [248, 254], [254, 256], [254, 259], [262, 263], [262, 264], [264, 265], [264, 267], [269, 270], [269, 279], [270, 271], [270, 272], [272, 273], [272, 274], [274, 275], [274, 277]]}, "SalesAnalyzer.analyze_price_trends": {"executed_lines": [], "summary": {"covered_lines": 0, "num_statements": 44, "percent_covered": 0.0, "percent_covered_display": "0.00", "missing_lines": 44, "excluded_lines": 0, "num_branches": 18, "num_partial_branches": 0, "covered_branches": 0, "missing_branches": 18}, "missing_lines": [315, 317, 318, 326, 327, 330, 331, 336, 339, 340, 342, 343, 351, 352, 353, 354, 359, 360, 361, 364, 365, 366, 367, 368, 369, 370, 371, 372, 373, 374, 375, 376, 377, 378, 380, 381, 384, 385, 386, 387, 389, 401, 402, 403], "excluded_lines": [], "executed_branches": [], "missing_branches": [[317, 318], [317, 326], [342, 343], [342, 351], [364, 365], [364, 367], [367, 368], [367, 370], [370, 371], [370, 373], [373, 374], [373, 376], [376, 377], [376, 380], [384, 385], [384, 386], [386, 387], [386, 389]]}, "SalesAnalyzer.evaluate_arbitrage_potential": {"executed_lines": [], "summary": {"covered_lines": 0, "num_statements": 49, "percent_covered": 0.0, "percent_covered_display": "0.00", "missing_lines": 49, "excluded_lines": 0, "num_branches": 40, "num_partial_branches": 0, "covered_branches": 0, "missing_branches": 40}, "missing_lines": [432, 433, 436, 439, 447, 450, 452, 453, 457, 458, 462, 465, 466, 470, 473, 476, 477, 478, 479, 480, 481, 484, 485, 486, 487, 488, 489, 492, 493, 494, 495, 496, 497, 498, 501, 502, 503, 504, 507, 510, 511, 514, 515, 516, 517, 518, 519, 521, 523], "excluded_lines": [], "executed_branches": [], "missing_branches": [[452, 453], [452, 465], [453, 457], [453, 458], [458, 462], [458, 465], [466, 470], [466, 473], [476, 477], [476, 478], [478, 479], [478, 480], [480, 481], [480, 484], [484, 485], [484, 486], [486, 487], [486, 488], [488, 489], [488, 492], [492, 493], [492, 501], [493, 494], [493, 495], [495, 496], [495, 497], [497, 498], [497, 501], [501, 502], [501, 503], [503, 504], [503, 507], [510, 511], [510, 514], [514, 515], [514, 516], [516, 517], [516, 518], [518, 519], [518, 521]]}, "batch_analyze_items": {"executed_lines": [], "summary": {"covered_lines": 0, "num_statements": 15, "percent_covered": 0.0, "percent_covered_display": "0.00", "missing_lines": 15, "excluded_lines": 0, "num_branches": 4, "num_partial_branches": 0, "covered_branches": 0, "missing_branches": 4}, "missing_lines": [552, 553, 555, 556, 557, 558, 560, 561, 563, 564, 572, 574, 575, 576, 581], "excluded_lines": [], "executed_branches": [], "missing_branches": [[555, 556], [555, 581], [560, 561], [560, 563]]}, "find_best_arbitrage_opportunities": {"executed_lines": [], "summary": {"covered_lines": 0, "num_statements": 8, "percent_covered": 0.0, "percent_covered_display": "0.00", "missing_lines": 8, "excluded_lines": 0, "num_branches": 4, "num_partial_branches": 0, "covered_branches": 0, "missing_branches": 4}, "missing_lines": [603, 606, 608, 609, 610, 615, 634, 637], "excluded_lines": [], "executed_branches": [], "missing_branches": [[608, 609], [608, 634], [609, 608], [609, 610]]}, "analyze_item_liquidity": {"executed_lines": [654, 656, 658, 660, 668, 670], "summary": {"covered_lines": 6, "num_statements": 10, "percent_covered": 58.333333333333336, "percent_covered_display": "58.33", "missing_lines": 4, "excluded_lines": 0, "num_branches": 2, "num_partial_branches": 1, "covered_branches": 1, "missing_branches": 1}, "missing_lines": [661, 677, 678, 679], "excluded_lines": [], "executed_branches": [[660, 668]], "missing_branches": [[660, 661]]}, "enhanced_arbitrage_search": {"executed_lines": [], "summary": {"covered_lines": 0, "num_statements": 2, "percent_covered": 0.0, "percent_covered_display": "0.00", "missing_lines": 2, "excluded_lines": 0, "num_branches": 0, "num_partial_branches": 0, "covered_branches": 0, "missing_branches": 0}, "missing_lines": [704, 705], "excluded_lines": [], "executed_branches": [], "missing_branches": []}, "get_sales_volume_stats": {"executed_lines": [], "summary": {"covered_lines": 0, "num_statements": 1, "percent_covered": 0.0, "percent_covered_display": "0.00", "missing_lines": 1, "excluded_lines": 0, "num_branches": 0, "num_partial_branches": 0, "covered_branches": 0, "missing_branches": 0}, "missing_lines": [724], "excluded_lines": [], "executed_branches": [], "missing_branches": []}, "": {"executed_lines": [1, 13, 14, 15, 16, 18, 20, 21, 24, 27, 28, 30, 47, 64, 147, 199, 297, 410, 536, 584, 640, 686, 708], "summary": {"covered_lines": 21, "num_statements": 21, "percent_covered": 100.0, "percent_covered_display": "100.00", "missing_lines": 0, "excluded_lines": 0, "num_branches": 0, "num_partial_branches": 0, "covered_branches": 0, "missing_branches": 0}, "missing_lines": [], "excluded_lines": [], "executed_branches": [], "missing_branches": []}}, "classes": {"SalesAnalyzer": {"executed_lines": [37, 38, 39, 40, 43, 44, 45, 54, 55, 57, 62, 83, 86, 93, 95, 97, 103, 104, 105, 165, 167, 168], "summary": {"covered_lines": 22, "num_statements": 181, "percent_covered": 9.454545454545455, "percent_covered_display": "9.45", "missing_lines": 159, "excluded_lines": 0, "num_branches": 94, "num_partial_branches": 4, "covered_branches": 4, "missing_branches": 90}, "missing_lines": [87, 88, 89, 90, 107, 108, 109, 110, 113, 114, 117, 118, 122, 134, 135, 136, 139, 141, 143, 144, 145, 176, 177, 183, 184, 185, 186, 187, 190, 192, 219, 221, 222, 229, 230, 233, 234, 239, 242, 245, 246, 248, 249, 250, 251, 254, 256, 259, 262, 263, 264, 265, 267, 269, 270, 271, 272, 273, 274, 275, 277, 279, 281, 289, 290, 291, 315, 317, 318, 326, 327, 330, 331, 336, 339, 340, 342, 343, 351, 352, 353, 354, 359, 360, 361, 364, 365, 366, 367, 368, 369, 370, 371, 372, 373, 374, 375, 376, 377, 378, 380, 381, 384, 385, 386, 387, 389, 401, 402, 403, 432, 433, 436, 439, 447, 450, 452, 453, 457, 458, 462, 465, 466, 470, 473, 476, 477, 478, 479, 480, 481, 484, 485, 486, 487, 488, 489, 492, 493, 494, 495, 496, 497, 498, 501, 502, 503, 504, 507, 510, 511, 514, 515, 516, 517, 518, 519, 521, 523], "excluded_lines": [], "executed_branches": [[54, 55], [86, 93], [103, 104], [167, 168]], "missing_branches": [[54, 62], [86, 87], [88, 89], [88, 93], [103, 107], [108, 109], [108, 113], [135, 136], [135, 139], [167, 176], [184, 185], [184, 186], [186, 187], [186, 190], [221, 222], [221, 229], [248, 249], [248, 254], [254, 256], [254, 259], [262, 263], [262, 264], [264, 265], [264, 267], [269, 270], [269, 279], [270, 271], [270, 272], [272, 273], [272, 274], [274, 275], [274, 277], [317, 318], [317, 326], [342, 343], [342, 351], [364, 365], [364, 367], [367, 368], [367, 370], [370, 371], [370, 373], [373, 374], [373, 376], [376, 377], [376, 380], [384, 385], [384, 386], [386, 387], [386, 389], [452, 453], [452, 465], [453, 457], [453, 458], [458, 462], [458, 465], [466, 470], [466, 473], [476, 477], [476, 478], [478, 479], [478, 480], [480, 481], [480, 484], [484, 485], [484, 486], [486, 487], [486, 488], [488, 489], [488, 492], [492, 493], [492, 501], [493, 494], [493, 495], [495, 496], [495, 497], [497, 498], [497, 501], [501, 502], [501, 503], [503, 504], [503, 507], [510, 511], [510, 514], [514, 515], [514, 516], [516, 517], [516, 518], [518, 519], [518, 521]]}, "": {"executed_lines": [1, 13, 14, 15, 16, 18, 20, 21, 24, 27, 28, 30, 47, 64, 147, 199, 297, 410, 536, 584, 640, 654, 656, 658, 660, 668, 670, 686, 708], "summary": {"covered_lines": 27, "num_statements": 57, "percent_covered": 41.791044776119406, "percent_covered_display": "41.79", "missing_lines": 30, "excluded_lines": 0, "num_branches": 10, "num_partial_branches": 1, "covered_branches": 1, "missing_branches": 9}, "missing_lines": [552, 553, 555, 556, 557, 558, 560, 561, 563, 564, 572, 574, 575, 576, 581, 603, 606, 608, 609, 610, 615, 634, 637, 661, 677, 678, 679, 704, 705, 724], "excluded_lines": [], "executed_branches": [[660, 668]], "missing_branches": [[555, 556], [555, 581], [560, 561], [560, 563], [608, 609], [608, 634], [609, 608], [609, 610], [660, 661]]}}}, "src/dmarket/arbitrage_scanner.py": {"executed_lines": [1, 9, 10, 11, 12, 13, 15, 22, 23, 27, 30, 41, 44, 52, 99, 100, 114, 122, 123, 124, 127, 128, 129, 132, 133, 134, 135, 137, 138, 140, 142, 143, 145, 147, 157, 158, 160, 161, 164, 165, 167, 169, 177, 178, 180, 197, 219, 222, 223, 224, 225, 227, 229, 232, 239, 240, 241, 242, 243, 244, 245, 246, 252, 253, 254, 255, 256, 257, 258, 261, 264, 266, 267, 269, 270, 271, 277, 278, 280, 281, 283, 284, 285, 290, 293, 302, 310, 311, 314, 317, 320, 323, 325, 326, 327, 328, 330, 349, 351, 388, 390, 411, 414, 417, 418, 419, 420, 425, 434, 440, 441, 442, 443, 444, 449, 451, 611, 811, 859, 921, 972, 989, 1008, 1071, 1125, 1150, 1200, 1218, 1291, 1307, 1316, 1332, 1333, 1336, 1352, 1354, 1355, 1358, 1380, 1381, 1384, 1404, 1406, 1407, 1416, 1426, 1427, 1430], "summary": {"covered_lines": 146, "num_statements": 450, "percent_covered": 28.431372549019606, "percent_covered_display": "28.43", "missing_lines": 304, "excluded_lines": 0, "num_branches": 162, "num_partial_branches": 8, "covered_branches": 28, "missing_branches": 134}, "missing_lines": [187, 189, 195, 249, 272, 273, 274, 282, 286, 287, 353, 355, 364, 367, 368, 369, 371, 373, 412, 435, 436, 437, 445, 446, 447, 458, 460, 462, 465, 471, 472, 473, 486, 487, 491, 493, 494, 497, 501, 502, 503, 507, 508, 509, 513, 514, 517, 521, 522, 524, 538, 539, 540, 543, 544, 545, 548, 551, 554, 555, 558, 559, 560, 562, 569, 570, 571, 574, 580, 593, 594, 595, 597, 599, 633, 634, 635, 638, 641, 642, 643, 645, 646, 649, 652, 653, 654, 655, 656, 657, 658, 659, 660, 663, 665, 671, 672, 677, 678, 679, 680, 681, 684, 685, 686, 687, 688, 691, 698, 700, 701, 702, 704, 705, 706, 709, 710, 712, 713, 716, 718, 719, 722, 724, 725, 728, 731, 733, 739, 740, 743, 745, 746, 747, 750, 753, 759, 760, 761, 762, 767, 768, 774, 775, 776, 777, 781, 785, 790, 793, 795, 796, 799, 802, 803, 806, 809, 828, 830, 839, 840, 843, 846, 847, 849, 855, 856, 857, 876, 878, 894, 895, 904, 905, 906, 913, 917, 918, 919, 938, 940, 952, 953, 961, 966, 967, 970, 985, 986, 987, 999, 1000, 1002, 1003, 1004, 1006, 1027, 1028, 1031, 1032, 1034, 1035, 1036, 1037, 1040, 1041, 1044, 1045, 1048, 1056, 1057, 1058, 1059, 1060, 1061, 1062, 1065, 1066, 1068, 1069, 1088, 1089, 1090, 1093, 1094, 1097, 1098, 1099, 1101, 1104, 1105, 1108, 1109, 1110, 1112, 1121, 1122, 1123, 1140, 1141, 1142, 1147, 1148, 1172, 1173, 1174, 1175, 1178, 1179, 1180, 1181, 1182, 1183, 1184, 1187, 1188, 1189, 1190, 1193, 1198, 1207, 1208, 1209, 1210, 1216, 1231, 1232, 1233, 1235, 1238, 1239, 1240, 1241, 1242, 1244, 1245, 1246, 1249, 1250, 1251, 1252, 1253, 1254, 1256, 1257, 1258, 1261, 1262, 1263, 1264, 1265, 1266, 1268, 1270, 1281, 1282, 1283, 1298, 1309, 1310, 1353, 1405, 1452, 1453], "excluded_lines": [], "executed_branches": [[157, 158], [157, 160], [164, 165], [164, 167], [223, 224], [223, 227], [239, 240], [239, 264], [241, 242], [241, 243], [243, 244], [243, 245], [245, 246], [252, 253], [252, 264], [269, 270], [280, 281], [280, 290], [281, 283], [283, 284], [351, 388], [411, 414], [418, 419], [418, 440], [440, 441], [440, 449], [1352, 1354], [1404, 1406]], "missing_branches": [[187, 189], [187, 195], [245, 249], [269, 272], [272, 273], [272, 277], [281, 282], [283, 286], [286, 287], [286, 290], [351, 353], [353, 355], [353, 367], [368, 369], [368, 371], [371, 351], [371, 373], [411, 412], [471, 472], [471, 486], [486, 487], [486, 538], [497, 501], [497, 503], [503, 507], [503, 509], [509, 513], [509, 517], [517, 521], [517, 524], [554, 555], [554, 558], [558, 559], [558, 562], [569, 570], [569, 574], [645, 646], [645, 652], [652, 653], [652, 656], [656, 657], [656, 659], [659, 660], [659, 663], [685, 686], [685, 691], [686, 685], [686, 687], [698, 700], [698, 802], [700, 701], [700, 704], [704, 705], [704, 709], [712, 713], [712, 718], [718, 719], [718, 724], [724, 725], [724, 731], [739, 740], [739, 745], [746, 747], [746, 753], [759, 760], [759, 785], [774, 775], [774, 781], [839, 840], [839, 843], [894, 895], [894, 904], [904, 905], [904, 913], [952, 953], [952, 961], [985, 986], [985, 987], [999, 1000], [999, 1002], [1003, 1004], [1003, 1006], [1031, 1032], [1031, 1034], [1034, 1035], [1034, 1040], [1036, 1037], [1036, 1040], [1057, 1058], [1057, 1065], [1059, 1057], [1059, 1060], [1061, 1057], [1061, 1062], [1065, 1066], [1065, 1068], [1093, 1094], [1093, 1097], [1098, 1099], [1098, 1101], [1109, 1110], [1109, 1112], [1141, 1142], [1141, 1148], [1172, 1173], [1172, 1174], [1174, 1175], [1174, 1178], [1179, 1180], [1179, 1182], [1182, 1183], [1182, 1187], [1188, 1189], [1188, 1193], [1208, 1209], [1208, 1216], [1244, 1245], [1244, 1268], [1250, 1244], [1250, 1251], [1253, 1254], [1253, 1261], [1256, 1257], [1256, 1261], [1257, 1256], [1257, 1258], [1261, 1244], [1261, 1262], [1263, 1261], [1263, 1264], [1264, 1265], [1264, 1266], [1352, 1353], [1404, 1405]], "functions": {"ArbitrageScanner.__init__": {"executed_lines": [122, 123, 124, 127, 128, 129, 132, 133, 134, 135], "summary": {"covered_lines": 10, "num_statements": 10, "percent_covered": 100.0, "percent_covered_display": "100.00", "missing_lines": 0, "excluded_lines": 0, "num_branches": 0, "num_partial_branches": 0, "covered_branches": 0, "missing_branches": 0}, "missing_lines": [], "excluded_lines": [], "executed_branches": [], "missing_branches": []}, "ArbitrageScanner.cache_ttl": {"executed_lines": [145], "summary": {"covered_lines": 1, "num_statements": 1, "percent_covered": 100.0, "percent_covered_display": "100.00", "missing_lines": 0, "excluded_lines": 0, "num_branches": 0, "num_partial_branches": 0, "covered_branches": 0, "missing_branches": 0}, "missing_lines": [], "excluded_lines": [], "executed_branches": [], "missing_branches": []}, "ArbitrageScanner._get_cached_results": {"executed_lines": [157, 158, 160, 161, 164, 165, 167], "summary": {"covered_lines": 7, "num_statements": 7, "percent_covered": 100.0, "percent_covered_display": "100.00", "missing_lines": 0, "excluded_lines": 0, "num_branches": 4, "num_partial_branches": 0, "covered_branches": 4, "missing_branches": 0}, "missing_lines": [], "excluded_lines": [], "executed_branches": [[157, 158], [157, 160], [164, 165], [164, 167]], "missing_branches": []}, "ArbitrageScanner._save_to_cache": {"executed_lines": [177, 178], "summary": {"covered_lines": 2, "num_statements": 2, "percent_covered": 100.0, "percent_covered_display": "100.00", "missing_lines": 0, "excluded_lines": 0, "num_branches": 0, "num_partial_branches": 0, "covered_branches": 0, "missing_branches": 0}, "missing_lines": [], "excluded_lines": [], "executed_branches": [], "missing_branches": []}, "ArbitrageScanner.get_api_client": {"executed_lines": [], "summary": {"covered_lines": 0, "num_statements": 3, "percent_covered": 0.0, "percent_covered_display": "0.00", "missing_lines": 3, "excluded_lines": 0, "num_branches": 2, "num_partial_branches": 0, "covered_branches": 0, "missing_branches": 2}, "missing_lines": [187, 189, 195], "excluded_lines": [], "executed_branches": [], "missing_branches": [[187, 189], [187, 195]]}, "ArbitrageScanner.scan_game": {"executed_lines": [219, 222, 223, 224, 225, 227, 229, 232, 239, 240, 241, 242, 243, 244, 245, 246, 252, 253, 254, 255, 256, 257, 258, 261, 264, 266, 267, 269, 270, 271, 277, 278, 280, 281, 283, 284, 285, 290, 293, 302, 310, 311, 314, 317, 320, 323, 325, 326, 327, 328], "summary": {"covered_lines": 50, "num_statements": 57, "percent_covered": 81.48148148148148, "percent_covered_display": "81.48", "missing_lines": 7, "excluded_lines": 0, "num_branches": 24, "num_partial_branches": 4, "covered_branches": 16, "missing_branches": 8}, "missing_lines": [249, 272, 273, 274, 282, 286, 287], "excluded_lines": [], "executed_branches": [[223, 224], [223, 227], [239, 240], [239, 264], [241, 242], [241, 243], [243, 244], [243, 245], [245, 246], [252, 253], [252, 264], [269, 270], [280, 281], [280, 290], [281, 283], [283, 284]], "missing_branches": [[245, 249], [269, 272], [272, 273], [272, 277], [281, 282], [283, 286], [286, 287], [286, 290]]}, "ArbitrageScanner._standardize_items": {"executed_lines": [349, 351, 388], "summary": {"covered_lines": 3, "num_statements": 11, "percent_covered": 21.05263157894737, "percent_covered_display": "21.05", "missing_lines": 8, "excluded_lines": 0, "num_branches": 8, "num_partial_branches": 1, "covered_branches": 1, "missing_branches": 7}, "missing_lines": [353, 355, 364, 367, 368, 369, 371, 373], "excluded_lines": [], "executed_branches": [[351, 388]], "missing_branches": [[351, 353], [353, 355], [353, 367], [368, 369], [368, 371], [371, 351], [371, 373]]}, "ArbitrageScanner.scan_multiple_games": {"executed_lines": [411, 414, 417, 418, 419, 420, 425, 434, 440, 441, 442, 443, 444, 449], "summary": {"covered_lines": 14, "num_statements": 21, "percent_covered": 70.37037037037037, "percent_covered_display": "70.37", "missing_lines": 7, "excluded_lines": 0, "num_branches": 6, "num_partial_branches": 1, "covered_branches": 5, "missing_branches": 1}, "missing_lines": [412, 435, 436, 437, 445, 446, 447], "excluded_lines": [], "executed_branches": [[411, 414], [418, 419], [418, 440], [440, 441], [440, 449]], "missing_branches": [[411, 412]]}, "ArbitrageScanner.check_user_balance": {"executed_lines": [], "summary": {"covered_lines": 0, "num_statements": 49, "percent_covered": 0.0, "percent_covered_display": "0.00", "missing_lines": 49, "excluded_lines": 0, "num_branches": 18, "num_partial_branches": 0, "covered_branches": 0, "missing_branches": 18}, "missing_lines": [458, 460, 462, 465, 471, 472, 473, 486, 487, 491, 493, 494, 497, 501, 502, 503, 507, 508, 509, 513, 514, 517, 521, 522, 524, 538, 539, 540, 543, 544, 545, 548, 551, 554, 555, 558, 559, 560, 562, 569, 570, 571, 574, 580, 593, 594, 595, 597, 599], "excluded_lines": [], "executed_branches": [], "missing_branches": [[471, 472], [471, 486], [486, 487], [486, 538], [497, 501], [497, 503], [503, 507], [503, 509], [509, 513], [509, 517], [517, 521], [517, 524], [554, 555], [554, 558], [558, 559], [558, 562], [569, 570], [569, 574]]}, "ArbitrageScanner.auto_trade_items": {"executed_lines": [], "summary": {"covered_lines": 0, "num_statements": 83, "percent_covered": 0.0, "percent_covered_display": "0.00", "missing_lines": 83, "excluded_lines": 0, "num_branches": 32, "num_partial_branches": 0, "covered_branches": 0, "missing_branches": 32}, "missing_lines": [633, 634, 635, 638, 641, 642, 643, 645, 646, 649, 652, 653, 654, 655, 656, 657, 658, 659, 660, 663, 665, 671, 672, 677, 678, 679, 680, 681, 684, 685, 686, 687, 688, 691, 698, 700, 701, 702, 704, 705, 706, 709, 710, 712, 713, 716, 718, 719, 722, 724, 725, 728, 731, 733, 739, 740, 743, 745, 746, 747, 750, 753, 759, 760, 761, 762, 767, 768, 774, 775, 776, 777, 781, 785, 790, 793, 795, 796, 799, 802, 803, 806, 809], "excluded_lines": [], "executed_branches": [], "missing_branches": [[645, 646], [645, 652], [652, 653], [652, 656], [656, 657], [656, 659], [659, 660], [659, 663], [685, 686], [685, 691], [686, 685], [686, 687], [698, 700], [698, 802], [700, 701], [700, 704], [704, 705], [704, 709], [712, 713], [712, 718], [718, 719], [718, 724], [724, 725], [724, 731], [739, 740], [739, 745], [746, 747], [746, 753], [759, 760], [759, 785], [774, 775], [774, 781]]}, "ArbitrageScanner._get_current_item_data": {"executed_lines": [], "summary": {"covered_lines": 0, "num_statements": 11, "percent_covered": 0.0, "percent_covered_display": "0.00", "missing_lines": 11, "excluded_lines": 0, "num_branches": 2, "num_partial_branches": 0, "covered_branches": 0, "missing_branches": 2}, "missing_lines": [828, 830, 839, 840, 843, 846, 847, 849, 855, 856, 857], "excluded_lines": [], "executed_branches": [], "missing_branches": [[839, 840], [839, 843]]}, "ArbitrageScanner._purchase_item": {"executed_lines": [], "summary": {"covered_lines": 0, "num_statements": 11, "percent_covered": 0.0, "percent_covered_display": "0.00", "missing_lines": 11, "excluded_lines": 0, "num_branches": 4, "num_partial_branches": 0, "covered_branches": 0, "missing_branches": 4}, "missing_lines": [876, 878, 894, 895, 904, 905, 906, 913, 917, 918, 919], "excluded_lines": [], "executed_branches": [], "missing_branches": [[894, 895], [894, 904], [904, 905], [904, 913]]}, "ArbitrageScanner._list_item_for_sale": {"executed_lines": [], "summary": {"covered_lines": 0, "num_statements": 8, "percent_covered": 0.0, "percent_covered_display": "0.00", "missing_lines": 8, "excluded_lines": 0, "num_branches": 2, "num_partial_branches": 0, "covered_branches": 0, "missing_branches": 2}, "missing_lines": [938, 940, 952, 953, 961, 966, 967, 970], "excluded_lines": [], "executed_branches": [], "missing_branches": [[952, 953], [952, 961]]}, "ArbitrageScanner.get_level_config": {"executed_lines": [], "summary": {"covered_lines": 0, "num_statements": 3, "percent_covered": 0.0, "percent_covered_display": "0.00", "missing_lines": 3, "excluded_lines": 0, "num_branches": 2, "num_partial_branches": 0, "covered_branches": 0, "missing_branches": 2}, "missing_lines": [985, 986, 987], "excluded_lines": [], "executed_branches": [], "missing_branches": [[985, 986], [985, 987]]}, "ArbitrageScanner._get_from_cache": {"executed_lines": [], "summary": {"covered_lines": 0, "num_statements": 6, "percent_covered": 0.0, "percent_covered_display": "0.00", "missing_lines": 6, "excluded_lines": 0, "num_branches": 4, "num_partial_branches": 0, "covered_branches": 0, "missing_branches": 4}, "missing_lines": [999, 1000, 1002, 1003, 1004, 1006], "excluded_lines": [], "executed_branches": [], "missing_branches": [[999, 1000], [999, 1002], [1003, 1004], [1003, 1006]]}, "ArbitrageScanner.scan_level": {"executed_lines": [], "summary": {"covered_lines": 0, "num_statements": 24, "percent_covered": 0.0, "percent_covered_display": "0.00", "missing_lines": 24, "excluded_lines": 0, "num_branches": 14, "num_partial_branches": 0, "covered_branches": 0, "missing_branches": 14}, "missing_lines": [1027, 1028, 1031, 1032, 1034, 1035, 1036, 1037, 1040, 1041, 1044, 1045, 1048, 1056, 1057, 1058, 1059, 1060, 1061, 1062, 1065, 1066, 1068, 1069], "excluded_lines": [], "executed_branches": [], "missing_branches": [[1031, 1032], [1031, 1034], [1034, 1035], [1034, 1040], [1036, 1037], [1036, 1040], [1057, 1058], [1057, 1065], [1059, 1057], [1059, 1060], [1061, 1057], [1061, 1062], [1065, 1066], [1065, 1068]]}, "ArbitrageScanner._analyze_item": {"executed_lines": [], "summary": {"covered_lines": 0, "num_statements": 18, "percent_covered": 0.0, "percent_covered_display": "0.00", "missing_lines": 18, "excluded_lines": 0, "num_branches": 6, "num_partial_branches": 0, "covered_branches": 0, "missing_branches": 6}, "missing_lines": [1088, 1089, 1090, 1093, 1094, 1097, 1098, 1099, 1101, 1104, 1105, 1108, 1109, 1110, 1112, 1121, 1122, 1123], "excluded_lines": [], "executed_branches": [], "missing_branches": [[1093, 1094], [1093, 1097], [1098, 1099], [1098, 1101], [1109, 1110], [1109, 1112]]}, "ArbitrageScanner.scan_all_levels": {"executed_lines": [], "summary": {"covered_lines": 0, "num_statements": 5, "percent_covered": 0.0, "percent_covered_display": "0.00", "missing_lines": 5, "excluded_lines": 0, "num_branches": 2, "num_partial_branches": 0, "covered_branches": 0, "missing_branches": 2}, "missing_lines": [1140, 1141, 1142, 1147, 1148], "excluded_lines": [], "executed_branches": [], "missing_branches": [[1141, 1142], [1141, 1148]]}, "ArbitrageScanner.find_best_opportunities": {"executed_lines": [], "summary": {"covered_lines": 0, "num_statements": 17, "percent_covered": 0.0, "percent_covered_display": "0.00", "missing_lines": 17, "excluded_lines": 0, "num_branches": 10, "num_partial_branches": 0, "covered_branches": 0, "missing_branches": 10}, "missing_lines": [1172, 1173, 1174, 1175, 1178, 1179, 1180, 1181, 1182, 1183, 1184, 1187, 1188, 1189, 1190, 1193, 1198], "excluded_lines": [], "executed_branches": [], "missing_branches": [[1172, 1173], [1172, 1174], [1174, 1175], [1174, 1178], [1179, 1180], [1179, 1182], [1182, 1183], [1182, 1187], [1188, 1189], [1188, 1193]]}, "ArbitrageScanner.get_level_stats": {"executed_lines": [], "summary": {"covered_lines": 0, "num_statements": 5, "percent_covered": 0.0, "percent_covered_display": "0.00", "missing_lines": 5, "excluded_lines": 0, "num_branches": 2, "num_partial_branches": 0, "covered_branches": 0, "missing_branches": 2}, "missing_lines": [1207, 1208, 1209, 1210, 1216], "excluded_lines": [], "executed_branches": [], "missing_branches": [[1208, 1209], [1208, 1216]]}, "ArbitrageScanner.get_market_overview": {"executed_lines": [], "summary": {"covered_lines": 0, "num_statements": 32, "percent_covered": 0.0, "percent_covered_display": "0.00", "missing_lines": 32, "excluded_lines": 0, "num_branches": 16, "num_partial_branches": 0, "covered_branches": 0, "missing_branches": 16}, "missing_lines": [1231, 1232, 1233, 1235, 1238, 1239, 1240, 1241, 1242, 1244, 1245, 1246, 1249, 1250, 1251, 1252, 1253, 1254, 1256, 1257, 1258, 1261, 1262, 1263, 1264, 1265, 1266, 1268, 1270, 1281, 1282, 1283], "excluded_lines": [], "executed_branches": [], "missing_branches": [[1244, 1245], [1244, 1268], [1250, 1244], [1250, 1251], [1253, 1254], [1253, 1261], [1256, 1257], [1256, 1261], [1257, 1256], [1257, 1258], [1261, 1244], [1261, 1262], [1263, 1261], [1263, 1264], [1264, 1265], [1264, 1266]]}, "ArbitrageScanner.get_statistics": {"executed_lines": [], "summary": {"covered_lines": 0, "num_statements": 1, "percent_covered": 0.0, "percent_covered_display": "0.00", "missing_lines": 1, "excluded_lines": 0, "num_branches": 0, "num_partial_branches": 0, "covered_branches": 0, "missing_branches": 0}, "missing_lines": [1298], "excluded_lines": [], "executed_branches": [], "missing_branches": []}, "ArbitrageScanner.clear_cache": {"executed_lines": [], "summary": {"covered_lines": 0, "num_statements": 2, "percent_covered": 0.0, "percent_covered_display": "0.00", "missing_lines": 2, "excluded_lines": 0, "num_branches": 0, "num_partial_branches": 0, "covered_branches": 0, "missing_branches": 0}, "missing_lines": [1309, 1310], "excluded_lines": [], "executed_branches": [], "missing_branches": []}, "find_arbitrage_opportunities_async": {"executed_lines": [1332, 1333], "summary": {"covered_lines": 2, "num_statements": 2, "percent_covered": 100.0, "percent_covered_display": "100.00", "missing_lines": 0, "excluded_lines": 0, "num_branches": 0, "num_partial_branches": 0, "covered_branches": 0, "missing_branches": 0}, "missing_lines": [], "excluded_lines": [], "executed_branches": [], "missing_branches": []}, "find_multi_game_arbitrage_opportunities": {"executed_lines": [1352, 1354, 1355], "summary": {"covered_lines": 3, "num_statements": 4, "percent_covered": 66.66666666666667, "percent_covered_display": "66.67", "missing_lines": 1, "excluded_lines": 0, "num_branches": 2, "num_partial_branches": 1, "covered_branches": 1, "missing_branches": 1}, "missing_lines": [1353], "excluded_lines": [], "executed_branches": [[1352, 1354]], "missing_branches": [[1352, 1353]]}, "scan_game_for_arbitrage": {"executed_lines": [1380, 1381], "summary": {"covered_lines": 2, "num_statements": 2, "percent_covered": 100.0, "percent_covered_display": "100.00", "missing_lines": 0, "excluded_lines": 0, "num_branches": 0, "num_partial_branches": 0, "covered_branches": 0, "missing_branches": 0}, "missing_lines": [], "excluded_lines": [], "executed_branches": [], "missing_branches": []}, "scan_multiple_games": {"executed_lines": [1404, 1406, 1407], "summary": {"covered_lines": 3, "num_statements": 4, "percent_covered": 66.66666666666667, "percent_covered_display": "66.67", "missing_lines": 1, "excluded_lines": 0, "num_branches": 2, "num_partial_branches": 1, "covered_branches": 1, "missing_branches": 1}, "missing_lines": [1405], "excluded_lines": [], "executed_branches": [[1404, 1406]], "missing_branches": [[1404, 1405]]}, "check_user_balance": {"executed_lines": [1426, 1427], "summary": {"covered_lines": 2, "num_statements": 2, "percent_covered": 100.0, "percent_covered_display": "100.00", "missing_lines": 0, "excluded_lines": 0, "num_branches": 0, "num_partial_branches": 0, "covered_branches": 0, "missing_branches": 0}, "missing_lines": [], "excluded_lines": [], "executed_branches": [], "missing_branches": []}, "auto_trade_items": {"executed_lines": [], "summary": {"covered_lines": 0, "num_statements": 2, "percent_covered": 0.0, "percent_covered_display": "0.00", "missing_lines": 2, "excluded_lines": 0, "num_branches": 0, "num_partial_branches": 0, "covered_branches": 0, "missing_branches": 0}, "missing_lines": [1452, 1453], "excluded_lines": [], "executed_branches": [], "missing_branches": []}, "": {"executed_lines": [1, 9, 10, 11, 12, 13, 15, 22, 23, 27, 30, 41, 44, 52, 99, 100, 114, 137, 138, 142, 143, 147, 169, 180, 197, 330, 390, 451, 611, 811, 859, 921, 972, 989, 1008, 1071, 1125, 1150, 1200, 1218, 1291, 1307, 1316, 1336, 1358, 1384, 1416, 1430], "summary": {"covered_lines": 46, "num_statements": 46, "percent_covered": 100.0, "percent_covered_display": "100.00", "missing_lines": 0, "excluded_lines": 0, "num_branches": 0, "num_partial_branches": 0, "covered_branches": 0, "missing_branches": 0}, "missing_lines": [], "excluded_lines": [], "executed_branches": [], "missing_branches": []}}, "classes": {"ArbitrageScanner": {"executed_lines": [122, 123, 124, 127, 128, 129, 132, 133, 134, 135, 140, 145, 157, 158, 160, 161, 164, 165, 167, 177, 178, 219, 222, 223, 224, 225, 227, 229, 232, 239, 240, 241, 242, 243, 244, 245, 246, 252, 253, 254, 255, 256, 257, 258, 261, 264, 266, 267, 269, 270, 271, 277, 278, 280, 281, 283, 284, 285, 290, 293, 302, 310, 311, 314, 317, 320, 323, 325, 326, 327, 328, 349, 351, 388, 411, 414, 417, 418, 419, 420, 425, 434, 440, 441, 442, 443, 444, 449], "summary": {"covered_lines": 88, "num_statements": 388, "percent_covered": 20.87912087912088, "percent_covered_display": "20.88", "missing_lines": 300, "excluded_lines": 0, "num_branches": 158, "num_partial_branches": 6, "covered_branches": 26, "missing_branches": 132}, "missing_lines": [187, 189, 195, 249, 272, 273, 274, 282, 286, 287, 353, 355, 364, 367, 368, 369, 371, 373, 412, 435, 436, 437, 445, 446, 447, 458, 460, 462, 465, 471, 472, 473, 486, 487, 491, 493, 494, 497, 501, 502, 503, 507, 508, 509, 513, 514, 517, 521, 522, 524, 538, 539, 540, 543, 544, 545, 548, 551, 554, 555, 558, 559, 560, 562, 569, 570, 571, 574, 580, 593, 594, 595, 597, 599, 633, 634, 635, 638, 641, 642, 643, 645, 646, 649, 652, 653, 654, 655, 656, 657, 658, 659, 660, 663, 665, 671, 672, 677, 678, 679, 680, 681, 684, 685, 686, 687, 688, 691, 698, 700, 701, 702, 704, 705, 706, 709, 710, 712, 713, 716, 718, 719, 722, 724, 725, 728, 731, 733, 739, 740, 743, 745, 746, 747, 750, 753, 759, 760, 761, 762, 767, 768, 774, 775, 776, 777, 781, 785, 790, 793, 795, 796, 799, 802, 803, 806, 809, 828, 830, 839, 840, 843, 846, 847, 849, 855, 856, 857, 876, 878, 894, 895, 904, 905, 906, 913, 917, 918, 919, 938, 940, 952, 953, 961, 966, 967, 970, 985, 986, 987, 999, 1000, 1002, 1003, 1004, 1006, 1027, 1028, 1031, 1032, 1034, 1035, 1036, 1037, 1040, 1041, 1044, 1045, 1048, 1056, 1057, 1058, 1059, 1060, 1061, 1062, 1065, 1066, 1068, 1069, 1088, 1089, 1090, 1093, 1094, 1097, 1098, 1099, 1101, 1104, 1105, 1108, 1109, 1110, 1112, 1121, 1122, 1123, 1140, 1141, 1142, 1147, 1148, 1172, 1173, 1174, 1175, 1178, 1179, 1180, 1181, 1182, 1183, 1184, 1187, 1188, 1189, 1190, 1193, 1198, 1207, 1208, 1209, 1210, 1216, 1231, 1232, 1233, 1235, 1238, 1239, 1240, 1241, 1242, 1244, 1245, 1246, 1249, 1250, 1251, 1252, 1253, 1254, 1256, 1257, 1258, 1261, 1262, 1263, 1264, 1265, 1266, 1268, 1270, 1281, 1282, 1283, 1298, 1309, 1310], "excluded_lines": [], "executed_branches": [[157, 158], [157, 160], [164, 165], [164, 167], [223, 224], [223, 227], [239, 240], [239, 264], [241, 242], [241, 243], [243, 244], [243, 245], [245, 246], [252, 253], [252, 264], [269, 270], [280, 281], [280, 290], [281, 283], [283, 284], [351, 388], [411, 414], [418, 419], [418, 440], [440, 441], [440, 449]], "missing_branches": [[187, 189], [187, 195], [245, 249], [269, 272], [272, 273], [272, 277], [281, 282], [283, 286], [286, 287], [286, 290], [351, 353], [353, 355], [353, 367], [368, 369], [368, 371], [371, 351], [371, 373], [411, 412], [471, 472], [471, 486], [486, 487], [486, 538], [497, 501], [497, 503], [503, 507], [503, 509], [509, 513], [509, 517], [517, 521], [517, 524], [554, 555], [554, 558], [558, 559], [558, 562], [569, 570], [569, 574], [645, 646], [645, 652], [652, 653], [652, 656], [656, 657], [656, 659], [659, 660], [659, 663], [685, 686], [685, 691], [686, 685], [686, 687], [698, 700], [698, 802], [700, 701], [700, 704], [704, 705], [704, 709], [712, 713], [712, 718], [718, 719], [718, 724], [724, 725], [724, 731], [739, 740], [739, 745], [746, 747], [746, 753], [759, 760], [759, 785], [774, 775], [774, 781], [839, 840], [839, 843], [894, 895], [894, 904], [904, 905], [904, 913], [952, 953], [952, 961], [985, 986], [985, 987], [999, 1000], [999, 1002], [1003, 1004], [1003, 1006], [1031, 1032], [1031, 1034], [1034, 1035], [1034, 1040], [1036, 1037], [1036, 1040], [1057, 1058], [1057, 1065], [1059, 1057], [1059, 1060], [1061, 1057], [1061, 1062], [1065, 1066], [1065, 1068], [1093, 1094], [1093, 1097], [1098, 1099], [1098, 1101], [1109, 1110], [1109, 1112], [1141, 1142], [1141, 1148], [1172, 1173], [1172, 1174], [1174, 1175], [1174, 1178], [1179, 1180], [1179, 1182], [1182, 1183], [1182, 1187], [1188, 1189], [1188, 1193], [1208, 1209], [1208, 1216], [1244, 1245], [1244, 1268], [1250, 1244], [1250, 1251], [1253, 1254], [1253, 1261], [1256, 1257], [1256, 1261], [1257, 1256], [1257, 1258], [1261, 1244], [1261, 1262], [1263, 1261], [1263, 1264], [1264, 1265], [1264, 1266]]}, "": {"executed_lines": [1, 9, 10, 11, 12, 13, 15, 22, 23, 27, 30, 41, 44, 52, 99, 100, 114, 137, 138, 142, 143, 147, 169, 180, 197, 330, 390, 451, 611, 811, 859, 921, 972, 989, 1008, 1071, 1125, 1150, 1200, 1218, 1291, 1307, 1316, 1332, 1333, 1336, 1352, 1354, 1355, 1358, 1380, 1381, 1384, 1404, 1406, 1407, 1416, 1426, 1427, 1430], "summary": {"covered_lines": 58, "num_statements": 62, "percent_covered": 90.9090909090909, "percent_covered_display": "90.91", "missing_lines": 4, "excluded_lines": 0, "num_branches": 4, "num_partial_branches": 2, "covered_branches": 2, "missing_branches": 2}, "missing_lines": [1353, 1405, 1452, 1453], "excluded_lines": [], "executed_branches": [[1352, 1354], [1404, 1406]], "missing_branches": [[1352, 1353], [1404, 1405]]}}}, "src/dmarket/auto_arbitrage.py": {"executed_lines": [1, 9, 10, 11, 14, 20, 31, 42, 52, 53, 56, 66, 67, 70, 80, 81, 84, 97, 98, 99, 100, 101, 103, 105, 106, 107, 110, 120], "summary": {"covered_lines": 25, "num_statements": 31, "percent_covered": 83.78378378378379, "percent_covered_display": "83.78", "missing_lines": 6, "excluded_lines": 3, "num_branches": 6, "num_partial_branches": 0, "covered_branches": 6, "missing_branches": 0}, "missing_lines": [112, 113, 114, 115, 116, 117], "excluded_lines": [106, 120, 122], "executed_branches": [[97, -84], [97, 98], [98, 99], [98, 100], [100, 101], [100, 103]], "missing_branches": [], "functions": {"generate_random_items": {"executed_lines": [31], "summary": {"covered_lines": 1, "num_statements": 1, "percent_covered": 100.0, "percent_covered_display": "100.00", "missing_lines": 0, "excluded_lines": 0, "num_branches": 0, "num_partial_branches": 0, "covered_branches": 0, "missing_branches": 0}, "missing_lines": [], "excluded_lines": [], "executed_branches": [], "missing_branches": []}, "arbitrage_boost": {"executed_lines": [52, 53], "summary": {"covered_lines": 2, "num_statements": 2, "percent_covered": 100.0, "percent_covered_display": "100.00", "missing_lines": 0, "excluded_lines": 0, "num_branches": 0, "num_partial_branches": 0, "covered_branches": 0, "missing_branches": 0}, "missing_lines": [], "excluded_lines": [], "executed_branches": [], "missing_branches": []}, "arbitrage_mid": {"executed_lines": [66, 67], "summary": {"covered_lines": 2, "num_statements": 2, "percent_covered": 100.0, "percent_covered_display": "100.00", "missing_lines": 0, "excluded_lines": 0, "num_branches": 0, "num_partial_branches": 0, "covered_branches": 0, "missing_branches": 0}, "missing_lines": [], "excluded_lines": [], "executed_branches": [], "missing_branches": []}, "arbitrage_pro": {"executed_lines": [80, 81], "summary": {"covered_lines": 2, "num_statements": 2, "percent_covered": 100.0, "percent_covered_display": "100.00", "missing_lines": 0, "excluded_lines": 0, "num_branches": 0, "num_partial_branches": 0, "covered_branches": 0, "missing_branches": 0}, "missing_lines": [], "excluded_lines": [], "executed_branches": [], "missing_branches": []}, "auto_arbitrage_demo": {"executed_lines": [97, 98, 99, 100, 101, 103, 105, 106, 107], "summary": {"covered_lines": 8, "num_statements": 8, "percent_covered": 100.0, "percent_covered_display": "100.00", "missing_lines": 0, "excluded_lines": 1, "num_branches": 6, "num_partial_branches": 0, "covered_branches": 6, "missing_branches": 0}, "missing_lines": [], "excluded_lines": [106], "executed_branches": [[97, -84], [97, 98], [98, 99], [98, 100], [100, 101], [100, 103]], "missing_branches": []}, "main": {"executed_lines": [], "summary": {"covered_lines": 0, "num_statements": 6, "percent_covered": 0.0, "percent_covered_display": "0.00", "missing_lines": 6, "excluded_lines": 0, "num_branches": 0, "num_partial_branches": 0, "covered_branches": 0, "missing_branches": 0}, "missing_lines": [112, 113, 114, 115, 116, 117], "excluded_lines": [], "executed_branches": [], "missing_branches": []}, "": {"executed_lines": [1, 9, 10, 11, 14, 20, 42, 56, 70, 84, 110, 120], "summary": {"covered_lines": 10, "num_statements": 10, "percent_covered": 100.0, "percent_covered_display": "100.00", "missing_lines": 0, "excluded_lines": 2, "num_branches": 0, "num_partial_branches": 0, "covered_branches": 0, "missing_branches": 0}, "missing_lines": [], "excluded_lines": [120, 122], "executed_branches": [], "missing_branches": []}}, "classes": {"": {"executed_lines": [1, 9, 10, 11, 14, 20, 31, 42, 52, 53, 56, 66, 67, 70, 80, 81, 84, 97, 98, 99, 100, 101, 103, 105, 106, 107, 110, 120], "summary": {"covered_lines": 25, "num_statements": 31, "percent_covered": 83.78378378378379, "percent_covered_display": "83.78", "missing_lines": 6, "excluded_lines": 3, "num_branches": 6, "num_partial_branches": 0, "covered_branches": 6, "missing_branches": 0}, "missing_lines": [112, 113, 114, 115, 116, 117], "excluded_lines": [106, 120, 122], "executed_branches": [[97, -84], [97, 98], [98, 99], [98, 100], [100, 101], [100, 103]], "missing_branches": []}}}, "src/dmarket/dmarket_api.py": {"executed_lines": [1, 26, 27, 28, 29, 30, 31, 32, 33, 34, 36, 37, 38, 39, 41, 44, 47, 54, 57, 58, 74, 77, 78, 79, 80, 83, 84, 87, 90, 91, 92, 97, 98, 99, 100, 103, 104, 109, 112, 115, 127, 151, 152, 153, 155, 156, 161, 162, 163, 164, 167, 170, 176, 179, 182, 187, 189, 190, 192, 199, 201, 203, 204, 208, 210, 212, 213, 214, 216, 236, 237, 239, 241, 245, 246, 247, 249, 253, 256, 259, 261, 265, 272, 277, 278, 284, 287, 290, 292, 295, 308, 325, 326, 328, 331, 333, 339, 346, 3
[...]
"missing_lines": [], "excluded_lines": [], "executed_branches": [], "missing_branches": []}, "RateLimiter.get_endpoint_type": {"executed_lines": [], "summary": {"covered_lines": 0, "num_statements": 14, "percent_covered": 0.0, "percent_covered_display": "0.00", "missing_lines": 14, "excluded_lines": 0, "num_branches": 8, "num_partial_branches": 0, "covered_branches": 0, "missing_branches": 8}, "missing_lines": [77, 80, 87, 88, 91, 97, 98, 101, 105, 106, 109, 115, 116, 118], "excluded_lines": [], "executed_branches": [], "missing_branches": [[87, 88], [87, 91], [97, 98], [97, 101], [105, 106], [105, 109], [115, 116], [115, 118]]}, "RateLimiter.update_from_headers": {"executed_lines": [], "summary": {"covered_lines": 0, "num_statements": 35, "percent_covered": 0.0, "percent_covered_display": "0.00", "missing_lines": 35, "excluded_lines": 3, "num_branches": 20, "num_partial_branches": 0, "covered_branches": 0, "missing_branches": 20}, "missing_lines": [128, 129, 130, 133, 134, 135, 136, 137, 138, 139, 140, 141, 142, 143, 146, 147, 148, 149, 152, 153, 154, 156, 157, 158, 161, 165, 166, 173, 174, 175, 176, 179, 180, 184, 186], "excluded_lines": [162, 185, 187], "executed_branches": [], "missing_branches": [[134, 135], [134, 146], [136, 137], [136, 138], [138, 139], [138, 140], [140, 141], [140, 142], [142, 143], [142, 146], [146, -120], [146, 147], [152, 153], [152, 165], [156, 157], [156, 165], [165, 166], [165, 173], [173, -120], [173, 174]]}, "RateLimiter.wait_if_needed": {"executed_lines": [197, 218, 221, 225, 228, 229, 232, 234, 237, 238, 244, 247], "summary": {"covered_lines": 12, "num_statements": 21, "percent_covered": 54.83870967741935, "percent_covered_display": "54.84", "missing_lines": 9, "excluded_lines": 0, "num_branches": 10, "num_partial_branches": 3, "covered_branches": 5, "missing_branches": 5}, "missing_lines": [198, 199, 202, 203, 204, 208, 211, 212, 222], "excluded_lines": [], "executed_branches": [[197, 218], [221, 225], [232, 234], [232, 247], [237, 238]], "missing_branches": [[197, 198], [202, 203], [202, 218], [221, 222], [237, 244]]}, "RateLimiter.handle_429": {"executed_lines": [], "summary": {"covered_lines": 0, "num_statements": 12, "percent_covered": 0.0, "percent_covered_display": "0.00", "missing_lines": 12, "excluded_lines": 0, "num_branches": 2, "num_partial_branches": 0, "covered_branches": 0, "missing_branches": 2}, "missing_lines": [265, 266, 269, 270, 274, 275, 278, 281, 284, 286, 293, 295], "excluded_lines": [], "executed_branches": [], "missing_branches": [[269, 270], [269, 274]]}, "RateLimiter.reset_retry_attempts": {"executed_lines": [], "summary": {"covered_lines": 0, "num_statements": 2, "percent_covered": 0.0, "percent_covered_display": "0.00", "missing_lines": 2, "excluded_lines": 0, "num_branches": 2, "num_partial_branches": 0, "covered_branches": 0, "missing_branches": 2}, "missing_lines": [304, 305], "excluded_lines": [], "executed_branches": [], "missing_branches": [[304, -297], [304, 305]]}, "RateLimiter.get_rate_limit": {"executed_lines": [318, 322, 324, 325, 328, 331], "summary": {"covered_lines": 6, "num_statements": 7, "percent_covered": 84.61538461538461, "percent_covered_display": "84.62", "missing_lines": 1, "excluded_lines": 0, "num_branches": 6, "num_partial_branches": 1, "covered_branches": 5, "missing_branches": 1}, "missing_lines": [319], "excluded_lines": [], "executed_branches": [[318, 322], [322, 324], [322, 331], [324, 325], [324, 328]], "missing_branches": [[318, 319]]}, "RateLimiter.set_custom_limit": {"executed_lines": [], "summary": {"covered_lines": 0, "num_statements": 2, "percent_covered": 0.0, "percent_covered_display": "0.00", "missing_lines": 2, "excluded_lines": 0, "num_branches": 0, "num_partial_branches": 0, "covered_branches": 0, "missing_branches": 0}, "missing_lines": [341, 342], "excluded_lines": [], "executed_branches": [], "missing_branches": []}, "RateLimiter.get_remaining_requests": {"executed_lines": [], "summary": {"covered_lines": 0, "num_statements": 3, "percent_covered": 0.0, "percent_covered_display": "0.00", "missing_lines": 3, "excluded_lines": 0, "num_branches": 2, "num_partial_branches": 0, "covered_branches": 0, "missing_branches": 2}, "missing_lines": [357, 361, 365], "excluded_lines": [], "executed_branches": [], "missing_branches": [[357, 361], [357, 365]]}, "": {"executed_lines": [1, 3, 4, 5, 9, 13, 22, 25, 26, 35, 67, 120, 189, 249, 297, 307, 333, 346], "summary": {"covered_lines": 16, "num_statements": 16, "percent_covered": 100.0, "percent_covered_display": "100.00", "missing_lines": 0, "excluded_lines": 0, "num_branches": 0, "num_partial_branches": 0, "covered_branches": 0, "missing_branches": 0}, "missing_lines": [], "excluded_lines": [], "executed_branches": [], "missing_branches": []}}, "classes": {"RateLimiter": {"executed_lines": [43, 46, 49, 52, 55, 58, 61, 63, 197, 218, 221, 225, 228, 229, 232, 234, 237, 238, 244, 247, 318, 322, 324, 325, 328, 331], "summary": {"covered_lines": 26, "num_statements": 104, "percent_covered": 23.376623376623378, "percent_covered_display": "23.38", "missing_lines": 78, "excluded_lines": 3, "num_branches": 50, "num_partial_branches": 4, "covered_branches": 10, "missing_branches": 40}, "missing_lines": [77, 80, 87, 88, 91, 97, 98, 101, 105, 106, 109, 115, 116, 118, 128, 129, 130, 133, 134, 135, 136, 137, 138, 139, 140, 141, 142, 143, 146, 147, 148, 149, 152, 153, 154, 156, 157, 158, 161, 165, 166, 173, 174, 175, 176, 179, 180, 184, 186, 198, 199, 202, 203, 204, 208, 211, 212, 222, 265, 266, 269, 270, 274, 275, 278, 281, 284, 286, 293, 295, 304, 305, 319, 341, 342, 357, 361, 365], "excluded_lines": [162, 185, 187], "executed_branches": [[197, 218], [221, 225], [232, 234], [232, 247], [237, 238], [318, 322], [322, 324], [322, 331], [324, 325], [324, 328]], "missing_branches": [[87, 88], [87, 91], [97, 98], [97, 101], [105, 106], [105, 109], [115, 116], [115, 118], [134, 135], [134, 146], [136, 137], [136, 138], [138, 139], [138, 140], [140, 141], [140, 142], [142, 143], [142, 146], [146, -120], [146, 147], [152, 153], [152, 165], [156, 157], [156, 165], [165, 166], [165, 173], [173, -120], [173, 174], [197, 198], [202, 203], [202, 218], [221, 222], [237, 244], [269, 270], [269, 274], [304, -297], [304, 305], [318, 319], [357, 361], [357, 365]]}, "": {"executed_lines": [1, 3, 4, 5, 9, 13, 22, 25, 26, 35, 67, 120, 189, 249, 297, 307, 333, 346], "summary": {"covered_lines": 16, "num_statements": 16, "percent_covered": 100.0, "percent_covered_display": "100.00", "missing_lines": 0, "excluded_lines": 0, "num_branches": 0, "num_partial_branches": 0, "covered_branches": 0, "missing_branches": 0}, "missing_lines": [], "excluded_lines": [], "executed_branches": [], "missing_branches": []}}}, "src/utils/websocket_client.py": {"executed_lines": [1, 7, 8, 9, 10, 11, 12, 13, 15, 16, 18, 21, 24, 25, 28, 30, 37, 38, 39, 40, 41, 42, 45, 48, 51, 54, 56, 63, 67, 69, 71, 72, 75, 94, 95, 96, 97, 99, 101, 102, 105, 107, 108, 109, 111, 113, 117, 122, 123, 124, 126, 127, 129, 134, 135, 136, 137, 148, 174, 181, 182, 185, 190, 195, 196, 197, 200, 201, 202, 213, 228, 250, 260, 262, 263, 270, 281, 282, 283, 286, 291, 295, 296, 299, 300, 302, 312, 317, 323, 324, 327, 328, 330, 332, 344, 345, 347, 348, 350, 366, 383, 395], "summary": {"covered_lines": 98, "num_statements": 176, "percent_covered": 51.30434782608695, "percent_covered_display": "51.30", "missing_lines": 78, "excluded_lines": 2, "num_branches": 54, "num_partial_branches": 12, "covered_branches": 20, "missing_branches": 34}, "missing_lines": [64, 65, 81, 82, 83, 86, 87, 90, 92, 114, 115, 130, 131, 132, 139, 141, 142, 143, 144, 145, 146, 150, 151, 154, 156, 157, 162, 166, 168, 169, 170, 186, 187, 191, 192, 203, 204, 208, 209, 210, 211, 220, 221, 222, 224, 225, 226, 230, 231, 232, 234, 235, 236, 239, 240, 247, 248, 252, 253, 255, 257, 258, 265, 267, 268, 292, 313, 314, 362, 363, 364, 376, 377, 378, 380, 381, 393, 405], "excluded_lines": [67, 102], "executed_branches": [[71, 72], [113, -99], [122, -117], [122, 123], [126, 127], [126, 129], [129, 134], [134, 135], [185, 190], [190, 195], [195, 196], [200, -174], [200, 201], [262, 263], [281, 282], [281, 286], [291, 295], [312, 317], [327, 328], [344, 345]], "missing_branches": [[71, 75], [86, 87], [86, 90], [113, 114], [129, 130], [134, 122], [150, 151], [150, 156], [169, -148], [169, 170], [185, 186], [190, 191], [195, -174], [220, 221], [220, 224], [230, 231], [230, 234], [234, 235], [234, 239], [252, 253], [252, 255], [257, -250], [257, 258], [262, 265], [267, -260], [267, 268], [291, 292], [312, 313], [327, 330], [344, 347], [362, -350], [362, 363], [376, 377], [376, 380]], "functions": {"DMarketWebSocketClient.__init__": {"executed_lines": [37, 38, 39, 40, 41, 42, 45, 48, 51, 54], "summary": {"covered_lines": 10, "num_statements": 10, "percent_covered": 100.0, "percent_covered_display": "100.00", "missing_lines": 0, "excluded_lines": 0, "num_branches": 0, "num_partial_branches": 0, "covered_branches": 0, "missing_branches": 0}, "missing_lines": [], "excluded_lines": [], "executed_branches": [], "missing_branches": []}, "DMarketWebSocketClient.connect": {"executed_lines": [63, 67, 69, 71, 72, 75, 94, 95, 96, 97], "summary": {"covered_lines": 9, "num_statements": 18, "percent_covered": 45.45454545454545, "percent_covered_display": "45.45", "missing_lines": 9, "excluded_lines": 1, "num_branches": 4, "num_partial_branches": 1, "covered_branches": 1, "missing_branches": 3}, "missing_lines": [64, 65, 81, 82, 83, 86, 87, 90, 92], "excluded_lines": [67], "executed_branches": [[71, 72]], "missing_branches": [[71, 75], [86, 87], [86, 90]]}, "DMarketWebSocketClient.close": {"executed_lines": [101, 102, 105, 107, 108, 109, 111, 113], "summary": {"covered_lines": 7, "num_statements": 9, "percent_covered": 72.72727272727273, "percent_covered_display": "72.73", "missing_lines": 2, "excluded_lines": 1, "num_branches": 2, "num_partial_branches": 1, "covered_branches": 1, "missing_branches": 1}, "missing_lines": [114, 115], "excluded_lines": [102], "executed_branches": [[113, -99]], "missing_branches": [[113, 114]]}, "DMarketWebSocketClient.listen": {"executed_lines": [122, 123, 124, 126, 127, 129, 134, 135, 136, 137], "summary": {"covered_lines": 10, "num_statements": 20, "percent_covered": 57.142857142857146, "percent_covered_display": "57.14", "missing_lines": 10, "excluded_lines": 0, "num_branches": 8, "num_partial_branches": 2, "covered_branches": 6, "missing_branches": 2}, "missing_lines": [130, 131, 132, 139, 141, 142, 143, 144, 145, 146], "excluded_lines": [], "executed_branches": [[122, -117], [122, 123], [126, 127], [126, 129], [129, 134], [134, 135]], "missing_branches": [[129, 130], [134, 122]]}, "DMarketWebSocketClient._attempt_reconnect": {"executed_lines": [], "summary": {"covered_lines": 0, "num_statements": 10, "percent_covered": 0.0, "percent_covered_display": "0.00", "missing_lines": 10, "excluded_lines": 0, "num_branches": 4, "num_partial_branches": 0, "covered_branches": 0, "missing_branches": 4}, "missing_lines": [150, 151, 154, 156, 157, 162, 166, 168, 169, 170], "excluded_lines": [], "executed_branches": [], "missing_branches": [[150, 151], [150, 156], [169, -148], [169, 170]]}, "DMarketWebSocketClient._handle_message": {"executed_lines": [181, 182, 185, 190, 195, 196, 197, 200, 201, 202], "summary": {"covered_lines": 10, "num_statements": 20, "percent_covered": 53.57142857142857, "percent_covered_display": "53.57", "missing_lines": 10, "excluded_lines": 0, "num_branches": 8, "num_partial_branches": 3, "covered_branches": 5, "missing_branches": 3}, "missing_lines": [186, 187, 191, 192, 203, 204, 208, 209, 210, 211], "excluded_lines": [], "executed_branches": [[185, 190], [190, 195], [195, 196], [200, -174], [200, 201]], "missing_branches": [[185, 186], [190, 191], [195, -174]]}, "DMarketWebSocketClient._handle_auth_response": {"executed_lines": [], "summary": {"covered_lines": 0, "num_statements": 6, "percent_covered": 0.0, "percent_covered_display": "0.00", "missing_lines": 6, "excluded_lines": 0, "num_branches": 2, "num_partial_branches": 0, "covered_branches": 0, "missing_branches": 2}, "missing_lines": [220, 221, 222, 224, 225, 226], "excluded_lines": [], "executed_branches": [], "missing_branches": [[220, 221], [220, 224]]}, "DMarketWebSocketClient._authenticate": {"executed_lines": [], "summary": {"covered_lines": 0, "num_statements": 10, "percent_covered": 0.0, "percent_covered_display": "0.00", "missing_lines": 10, "excluded_lines": 0, "num_branches": 4, "num_partial_branches": 0, "covered_branches": 0, "missing_branches": 4}, "missing_lines": [230, 231, 232, 234, 235, 236, 239, 240, 247, 248], "excluded_lines": [], "executed_branches": [], "missing_branches": [[230, 231], [230, 234], [234, 235], [234, 239]]}, "DMarketWebSocketClient._resubscribe": {"executed_lines": [], "summary": {"covered_lines": 0, "num_statements": 5, "percent_covered": 0.0, "percent_covered_display": "0.00", "missing_lines": 5, "excluded_lines": 0, "num_branches": 4, "num_partial_branches": 0, "covered_branches": 0, "missing_branches": 4}, "missing_lines": [252, 253, 255, 257, 258], "excluded_lines": [], "executed_branches": [], "missing_branches": [[252, 253], [252, 255], [257, -250], [257, 258]]}, "DMarketWebSocketClient._unsubscribe_all": {"executed_lines": [262, 263], "summary": {"covered_lines": 2, "num_statements": 5, "percent_covered": 33.333333333333336, "percent_covered_display": "33.33", "missing_lines": 3, "excluded_lines": 0, "num_branches": 4, "num_partial_branches": 1, "covered_branches": 1, "missing_branches": 3}, "missing_lines": [265, 267, 268], "excluded_lines": [], "executed_branches": [[262, 263]], "missing_branches": [[262, 265], [267, -260], [267, 268]]}, "DMarketWebSocketClient.subscribe": {"executed_lines": [281, 282, 283, 286, 291, 295, 296, 299, 300], "summary": {"covered_lines": 9, "num_statements": 10, "percent_covered": 85.71428571428571, "percent_covered_display": "85.71", "missing_lines": 1, "excluded_lines": 0, "num_branches": 4, "num_partial_branches": 1, "covered_branches": 3, "missing_branches": 1}, "missing_lines": [292], "excluded_lines": [], "executed_branches": [[281, 282], [281, 286], [291, 295]], "missing_branches": [[291, 292]]}, "DMarketWebSocketClient.unsubscribe": {"executed_lines": [312, 317, 323, 324, 327, 328, 330], "summary": {"covered_lines": 7, "num_statements": 9, "percent_covered": 69.23076923076923, "percent_covered_display": "69.23", "missing_lines": 2, "excluded_lines": 0, "num_branches": 4, "num_partial_branches": 2, "covered_branches": 2, "missing_branches": 2}, "missing_lines": [313, 314], "excluded_lines": [], "executed_branches": [[312, 317], [327, 328]], "missing_branches": [[312, 313], [327, 330]]}, "DMarketWebSocketClient.register_handler": {"executed_lines": [344, 345, 347, 348], "summary": {"covered_lines": 4, "num_statements": 4, "percent_covered": 83.33333333333333, "percent_covered_display": "83.33", "missing_lines": 0, "excluded_lines": 0, "num_branches": 2, "num_partial_branches": 1, "covered_branches": 1, "missing_branches": 1}, "missing_lines": [], "excluded_lines": [], "executed_branches": [[344, 345]], "missing_branches": [[344, 347]]}, "DMarketWebSocketClient.unregister_handler": {"executed_lines": [], "summary": {"covered_lines": 0, "num_statements": 3, "percent_covered": 0.0, "percent_covered_display": "0.00", "missing_lines": 3, "excluded_lines": 0, "num_branches": 2, "num_partial_branches": 0, "covered_branches": 0, "missing_branches": 2}, "missing_lines": [362, 363, 364], "excluded_lines": [], "executed_branches": [], "missing_branches": [[362, -350], [362, 363]]}, "DMarketWebSocketClient.send_message": {"executed_lines": [], "summary": {"covered_lines": 0, "num_statements": 5, "percent_covered": 0.0, "percent_covered_display": "0.00", "missing_lines": 5, "excluded_lines": 0, "num_branches": 2, "num_partial_branches": 0, "covered_branches": 0, "missing_branches": 2}, "missing_lines": [376, 377, 378, 380, 381], "excluded_lines": [], "executed_branches": [], "missing_branches": [[376, 377], [376, 380]]}, "DMarketWebSocketClient.subscribe_to_market_updates": {"executed_lines": [], "summary": {"covered_lines": 0, "num_statements": 1, "percent_covered": 0.0, "percent_covered_display": "0.00", "missing_lines": 1, "excluded_lines": 0, "num_branches": 0, "num_partial_branches": 0, "covered_branches": 0, "missing_branches": 0}, "missing_lines": [393], "excluded_lines": [], "executed_branches": [], "missing_branches": []}, "DMarketWebSocketClient.subscribe_to_item_updates": {"executed_lines": [], "summary": {"covered_lines": 0, "num_statements": 1, "percent_covered": 0.0, "percent_covered_display": "0.00", "missing_lines": 1, "excluded_lines": 0, "num_branches": 0, "num_partial_branches": 0, "covered_branches": 0, "missing_branches": 0}, "missing_lines": [405], "excluded_lines": [], "executed_branches": [], "missing_branches": []}, "": {"executed_lines": [1, 7, 8, 9, 10, 11, 12, 13, 15, 16, 18, 21, 24, 25, 28, 30, 56, 99, 117, 148, 174, 213, 228, 250, 260, 270, 302, 332, 350, 366, 383, 395], "summary": {"covered_lines": 30, "num_statements": 30, "percent_covered": 100.0, "percent_covered_display": "100.00", "missing_lines": 0, "excluded_lines": 0, "num_branches": 0, "num_partial_branches": 0, "covered_branches": 0, "missing_branches": 0}, "missing_lines": [], "excluded_lines": [], "executed_branches": [], "missing_branches": []}}, "classes": {"DMarketWebSocketClient": {"executed_lines": [37, 38, 39, 40, 41, 42, 45, 48, 51, 54, 63, 67, 69, 71, 72, 75, 94, 95, 96, 97, 101, 102, 105, 107, 108, 109, 111, 113, 122, 123, 124, 126, 127, 129, 134, 135, 136, 137, 181, 182, 185, 190, 195, 196, 197, 200, 201, 202, 262, 263, 281, 282, 283, 286, 291, 295, 296, 299, 300, 312, 317, 323, 324, 327, 328, 330, 344, 345, 347, 348], "summary": {"covered_lines": 68, "num_statements": 146, "percent_covered": 44.0, "percent_covered_display": "44.00", "missing_lines": 78, "excluded_lines": 2, "num_branches": 54, "num_partial_branches": 12, "covered_branches": 20, "missing_branches": 34}, "missing_lines": [64, 65, 81, 82, 83, 86, 87, 90, 92, 114, 115, 130, 131, 132, 139, 141, 142, 143, 144, 145, 146, 150, 151, 154, 156, 157, 162, 166, 168, 169, 170, 186, 187, 191, 192, 203, 204, 208, 209, 210, 211, 220, 221, 222, 224, 225, 226, 230, 231, 232, 234, 235, 236, 239, 240, 247, 248, 252, 253, 255, 257, 258, 265, 267, 268, 292, 313, 314, 362, 363, 364, 376, 377, 378, 380, 381, 393, 405], "excluded_lines": [67, 102], "executed_branches": [[71, 72], [113, -99], [122, -117], [122, 123], [126, 127], [126, 129], [129, 134], [134, 135], [185, 190], [190, 195], [195, 196], [200, -174], [200, 201], [262, 263], [281, 282], [281, 286], [291, 295], [312, 317], [327, 328], [344, 345]], "missing_branches": [[71, 75], [86, 87], [86, 90], [113, 114], [129, 130], [134, 122], [150, 151], [150, 156], [169, -148], [169, 170], [185, 186], [190, 191], [195, -174], [220, 221], [220, 224], [230, 231], [230, 234], [234, 235], [234, 239], [252, 253], [252, 255], [257, -250], [257, 258], [262, 265], [267, -260], [267, 268], [291, 292], [312, 313], [327, 330], [344, 347], [362, -350], [362, 363], [376, 377], [376, 380]]}, "": {"executed_lines": [1, 7, 8, 9, 10, 11, 12, 13, 15, 16, 18, 21, 24, 25, 28, 30, 56, 99, 117, 148, 174, 213, 228, 250, 260, 270, 302, 332, 350, 366, 383, 395], "summary": {"covered_lines": 30, "num_statements": 30, "percent_covered": 100.0, "percent_covered_display": "100.00", "missing_lines": 0, "excluded_lines": 0, "num_branches": 0, "num_partial_branches": 0, "covered_branches": 0, "missing_branches": 0}, "missing_lines": [], "excluded_lines": [], "executed_branches": [], "missing_branches": []}}}}, "totals": {"covered_lines": 4884, "num_statements": 11753, "percent_covered": 38.1021897810219, "percent_covered_display": "38.10", "missing_lines": 6869, "excluded_lines": 228, "num_branches": 4002, "num_partial_branches": 459, "covered_branches": 1119, "missing_branches": 2883}}